ARM GAS  /tmp/ccfU2c51.s 			page 1


   1              		.cpu cortex-m4
   2              		.eabi_attribute 27, 1
   3              		.eabi_attribute 28, 1
   4              		.eabi_attribute 20, 1
   5              		.eabi_attribute 21, 1
   6              		.eabi_attribute 23, 3
   7              		.eabi_attribute 24, 1
   8              		.eabi_attribute 25, 1
   9              		.eabi_attribute 26, 1
  10              		.eabi_attribute 30, 2
  11              		.eabi_attribute 34, 1
  12              		.eabi_attribute 18, 4
  13              		.file	"chdebug.c"
  14              		.text
  15              	.Ltext0:
  16              		.cfi_sections	.debug_frame
  17              	.Letext0:
  18              		.file 1 "/usr/arm-none-eabi/include/machine/_default_types.h"
  19              		.file 2 "/usr/arm-none-eabi/include/sys/_stdint.h"
  20              		.file 3 "ChibiOS_3.0.2/os/rt/ports/ARMCMx/compilers/GCC/chtypes.h"
  21              		.file 4 "ChibiOS_3.0.2/os/rt/include/chsystypes.h"
  22              		.file 5 "ChibiOS_3.0.2/os/rt/include/chschd.h"
  23              		.file 6 "ChibiOS_3.0.2/os/ext/CMSIS/include/core_cm4.h"
  24              		.file 7 "ChibiOS_3.0.2/os/ext/CMSIS/ST/system_stm32f4xx.h"
  25              		.file 8 "ChibiOS_3.0.2/os/rt/ports/ARMCMx/chcore.h"
  26              		.file 9 "ChibiOS_3.0.2/os/rt/ports/ARMCMx/chcore_v7m.h"
  27              		.file 10 "ChibiOS_3.0.2/os/rt/include/chtm.h"
  28              		.file 11 "ChibiOS_3.0.2/os/rt/include/chsem.h"
  29              		.file 12 "ChibiOS_3.0.2/os/rt/include/chmtx.h"
  30              		.file 13 "ChibiOS_3.0.2/os/rt/include/chregistry.h"
  31              		.section	.debug_info,"",%progbits
  32              	.Ldebug_info0:
  33 0000 1A080000 		.4byte	0x81a
  34 0004 0400     		.2byte	0x4
  35 0006 00000000 		.4byte	.Ldebug_abbrev0
  36 000a 04       		.byte	0x4
  37 000b 01       		.uleb128 0x1
  38 000c D3000000 		.4byte	.LASF125
  39 0010 0C       		.byte	0xc
  40 0011 55000000 		.4byte	.LASF126
  41 0015 5F020000 		.4byte	.LASF127
  42 0019 00000000 		.4byte	.Ldebug_line0
  43 001d 02       		.uleb128 0x2
  44 001e 04       		.byte	0x4
  45 001f 05       		.byte	0x5
  46 0020 696E7400 		.ascii	"int\000"
  47 0024 03       		.uleb128 0x3
  48 0025 04       		.byte	0x4
  49 0026 07       		.byte	0x7
  50 0027 FB020000 		.4byte	.LASF0
  51 002b 03       		.uleb128 0x3
  52 002c 08       		.byte	0x8
  53 002d 05       		.byte	0x5
  54 002e 11020000 		.4byte	.LASF1
  55 0032 03       		.uleb128 0x3
  56 0033 08       		.byte	0x8
  57 0034 04       		.byte	0x4
ARM GAS  /tmp/ccfU2c51.s 			page 2


  58 0035 FA030000 		.4byte	.LASF2
  59 0039 03       		.uleb128 0x3
  60 003a 01       		.byte	0x1
  61 003b 06       		.byte	0x6
  62 003c 1F020000 		.4byte	.LASF3
  63 0040 04       		.uleb128 0x4
  64 0041 30000000 		.4byte	.LASF6
  65 0045 01       		.byte	0x1
  66 0046 2B       		.byte	0x2b
  67 0047 4B000000 		.4byte	0x4b
  68 004b 03       		.uleb128 0x3
  69 004c 01       		.byte	0x1
  70 004d 08       		.byte	0x8
  71 004e AA040000 		.4byte	.LASF4
  72 0052 03       		.uleb128 0x3
  73 0053 02       		.byte	0x2
  74 0054 05       		.byte	0x5
  75 0055 C2040000 		.4byte	.LASF5
  76 0059 04       		.uleb128 0x4
  77 005a AB050000 		.4byte	.LASF7
  78 005e 01       		.byte	0x1
  79 005f 39       		.byte	0x39
  80 0060 64000000 		.4byte	0x64
  81 0064 03       		.uleb128 0x3
  82 0065 02       		.byte	0x2
  83 0066 07       		.byte	0x7
  84 0067 53030000 		.4byte	.LASF8
  85 006b 04       		.uleb128 0x4
  86 006c A8030000 		.4byte	.LASF9
  87 0070 01       		.byte	0x1
  88 0071 4D       		.byte	0x4d
  89 0072 76000000 		.4byte	0x76
  90 0076 03       		.uleb128 0x3
  91 0077 04       		.byte	0x4
  92 0078 05       		.byte	0x5
  93 0079 99020000 		.4byte	.LASF10
  94 007d 04       		.uleb128 0x4
  95 007e E4050000 		.4byte	.LASF11
  96 0082 01       		.byte	0x1
  97 0083 4F       		.byte	0x4f
  98 0084 88000000 		.4byte	0x88
  99 0088 03       		.uleb128 0x3
 100 0089 04       		.byte	0x4
 101 008a 07       		.byte	0x7
 102 008b 8D050000 		.4byte	.LASF12
 103 008f 04       		.uleb128 0x4
 104 0090 55040000 		.4byte	.LASF13
 105 0094 01       		.byte	0x1
 106 0095 69       		.byte	0x69
 107 0096 9A000000 		.4byte	0x9a
 108 009a 03       		.uleb128 0x3
 109 009b 08       		.byte	0x8
 110 009c 07       		.byte	0x7
 111 009d 77000000 		.4byte	.LASF14
 112 00a1 04       		.uleb128 0x4
 113 00a2 36060000 		.4byte	.LASF15
 114 00a6 02       		.byte	0x2
ARM GAS  /tmp/ccfU2c51.s 			page 3


 115 00a7 18       		.byte	0x18
 116 00a8 40000000 		.4byte	0x40
 117 00ac 04       		.uleb128 0x4
 118 00ad 10030000 		.4byte	.LASF16
 119 00b1 02       		.byte	0x2
 120 00b2 24       		.byte	0x24
 121 00b3 59000000 		.4byte	0x59
 122 00b7 04       		.uleb128 0x4
 123 00b8 A2040000 		.4byte	.LASF17
 124 00bc 02       		.byte	0x2
 125 00bd 2C       		.byte	0x2c
 126 00be 6B000000 		.4byte	0x6b
 127 00c2 05       		.uleb128 0x5
 128 00c3 B7000000 		.4byte	0xb7
 129 00c7 04       		.uleb128 0x4
 130 00c8 58050000 		.4byte	.LASF18
 131 00cc 02       		.byte	0x2
 132 00cd 30       		.byte	0x30
 133 00ce 7D000000 		.4byte	0x7d
 134 00d2 04       		.uleb128 0x4
 135 00d3 27000000 		.4byte	.LASF19
 136 00d7 02       		.byte	0x2
 137 00d8 3C       		.byte	0x3c
 138 00d9 8F000000 		.4byte	0x8f
 139 00dd 04       		.uleb128 0x4
 140 00de DB030000 		.4byte	.LASF20
 141 00e2 03       		.byte	0x3
 142 00e3 45       		.byte	0x45
 143 00e4 C7000000 		.4byte	0xc7
 144 00e8 04       		.uleb128 0x4
 145 00e9 E9040000 		.4byte	.LASF21
 146 00ed 03       		.byte	0x3
 147 00ee 48       		.byte	0x48
 148 00ef A1000000 		.4byte	0xa1
 149 00f3 04       		.uleb128 0x4
 150 00f4 A2020000 		.4byte	.LASF22
 151 00f8 03       		.byte	0x3
 152 00f9 49       		.byte	0x49
 153 00fa A1000000 		.4byte	0xa1
 154 00fe 04       		.uleb128 0x4
 155 00ff 60040000 		.4byte	.LASF23
 156 0103 03       		.byte	0x3
 157 0104 4A       		.byte	0x4a
 158 0105 A1000000 		.4byte	0xa1
 159 0109 04       		.uleb128 0x4
 160 010a 8A040000 		.4byte	.LASF24
 161 010e 03       		.byte	0x3
 162 010f 4C       		.byte	0x4c
 163 0110 C7000000 		.4byte	0xc7
 164 0114 04       		.uleb128 0x4
 165 0115 70030000 		.4byte	.LASF25
 166 0119 03       		.byte	0x3
 167 011a 4D       		.byte	0x4d
 168 011b B7000000 		.4byte	0xb7
 169 011f 04       		.uleb128 0x4
 170 0120 9C030000 		.4byte	.LASF26
 171 0124 03       		.byte	0x3
ARM GAS  /tmp/ccfU2c51.s 			page 4


 172 0125 4F       		.byte	0x4f
 173 0126 C7000000 		.4byte	0xc7
 174 012a 04       		.uleb128 0x4
 175 012b F5020000 		.4byte	.LASF27
 176 012f 03       		.byte	0x3
 177 0130 51       		.byte	0x51
 178 0131 B7000000 		.4byte	0xb7
 179 0135 04       		.uleb128 0x4
 180 0136 C6050000 		.4byte	.LASF28
 181 013a 04       		.byte	0x4
 182 013b 33       		.byte	0x33
 183 013c C7000000 		.4byte	0xc7
 184 0140 04       		.uleb128 0x4
 185 0141 B6050000 		.4byte	.LASF29
 186 0145 04       		.byte	0x4
 187 0146 3F       		.byte	0x3f
 188 0147 4B010000 		.4byte	0x14b
 189 014b 06       		.uleb128 0x6
 190 014c 66030000 		.4byte	.LASF49
 191 0150 44       		.byte	0x44
 192 0151 05       		.byte	0x5
 193 0152 C2       		.byte	0xc2
 194 0153 38020000 		.4byte	0x238
 195 0157 07       		.uleb128 0x7
 196 0158 E2040000 		.4byte	.LASF30
 197 015c 05       		.byte	0x5
 198 015d C3       		.byte	0xc3
 199 015e 43020000 		.4byte	0x243
 200 0162 00       		.byte	0
 201 0163 07       		.uleb128 0x7
 202 0164 83040000 		.4byte	.LASF31
 203 0168 05       		.byte	0x5
 204 0169 C5       		.byte	0xc5
 205 016a 43020000 		.4byte	0x243
 206 016e 04       		.byte	0x4
 207 016f 07       		.uleb128 0x7
 208 0170 FD010000 		.4byte	.LASF32
 209 0174 05       		.byte	0x5
 210 0175 C7       		.byte	0xc7
 211 0176 09010000 		.4byte	0x109
 212 017a 08       		.byte	0x8
 213 017b 07       		.uleb128 0x7
 214 017c 2C040000 		.4byte	.LASF33
 215 0180 05       		.byte	0x5
 216 0181 C8       		.byte	0xc8
 217 0182 83040000 		.4byte	0x483
 218 0186 0C       		.byte	0xc
 219 0187 07       		.uleb128 0x7
 220 0188 B5020000 		.4byte	.LASF34
 221 018c 05       		.byte	0x5
 222 018d CA       		.byte	0xca
 223 018e 43020000 		.4byte	0x243
 224 0192 10       		.byte	0x10
 225 0193 07       		.uleb128 0x7
 226 0194 1E040000 		.4byte	.LASF35
 227 0198 05       		.byte	0x5
 228 0199 CB       		.byte	0xcb
ARM GAS  /tmp/ccfU2c51.s 			page 5


 229 019a 43020000 		.4byte	0x243
 230 019e 14       		.byte	0x14
 231 019f 07       		.uleb128 0x7
 232 01a0 64060000 		.4byte	.LASF36
 233 01a4 05       		.byte	0x5
 234 01a5 D2       		.byte	0xd2
 235 01a6 C8060000 		.4byte	0x6c8
 236 01aa 18       		.byte	0x18
 237 01ab 07       		.uleb128 0x7
 238 01ac CC040000 		.4byte	.LASF37
 239 01b0 05       		.byte	0x5
 240 01b1 DD       		.byte	0xdd
 241 01b2 F3000000 		.4byte	0xf3
 242 01b6 1C       		.byte	0x1c
 243 01b7 07       		.uleb128 0x7
 244 01b8 00050000 		.4byte	.LASF38
 245 01bc 05       		.byte	0x5
 246 01bd E1       		.byte	0xe1
 247 01be E8000000 		.4byte	0xe8
 248 01c2 1D       		.byte	0x1d
 249 01c3 07       		.uleb128 0x7
 250 01c4 29060000 		.4byte	.LASF39
 251 01c8 05       		.byte	0x5
 252 01c9 E6       		.byte	0xe6
 253 01ca FE000000 		.4byte	0xfe
 254 01ce 1E       		.byte	0x1e
 255 01cf 08       		.uleb128 0x8
 256 01d0 705F7500 		.ascii	"p_u\000"
 257 01d4 05       		.byte	0x5
 258 01d5 3101     		.2byte	0x131
 259 01d7 03060000 		.4byte	0x603
 260 01db 20       		.byte	0x20
 261 01dc 09       		.uleb128 0x9
 262 01dd D1030000 		.4byte	.LASF40
 263 01e1 05       		.byte	0x5
 264 01e2 3601     		.2byte	0x136
 265 01e4 49020000 		.4byte	0x249
 266 01e8 24       		.byte	0x24
 267 01e9 09       		.uleb128 0x9
 268 01ea 39030000 		.4byte	.LASF41
 269 01ee 05       		.byte	0x5
 270 01ef 3C01     		.2byte	0x13c
 271 01f1 6D020000 		.4byte	0x26d
 272 01f5 28       		.byte	0x28
 273 01f6 09       		.uleb128 0x9
 274 01f7 08060000 		.4byte	.LASF42
 275 01fb 05       		.byte	0x5
 276 01fc 4001     		.2byte	0x140
 277 01fe 14010000 		.4byte	0x114
 278 0202 30       		.byte	0x30
 279 0203 09       		.uleb128 0x9
 280 0204 4D050000 		.4byte	.LASF43
 281 0208 05       		.byte	0x5
 282 0209 4601     		.2byte	0x146
 283 020b 1F010000 		.4byte	0x11f
 284 020f 34       		.byte	0x34
 285 0210 09       		.uleb128 0x9
ARM GAS  /tmp/ccfU2c51.s 			page 6


 286 0211 B8040000 		.4byte	.LASF44
 287 0215 05       		.byte	0x5
 288 0216 4D01     		.2byte	0x14d
 289 0218 C2060000 		.4byte	0x6c2
 290 021c 38       		.byte	0x38
 291 021d 09       		.uleb128 0x9
 292 021e D0050000 		.4byte	.LASF45
 293 0222 05       		.byte	0x5
 294 0223 5101     		.2byte	0x151
 295 0225 09010000 		.4byte	0x109
 296 0229 3C       		.byte	0x3c
 297 022a 09       		.uleb128 0x9
 298 022b 48020000 		.4byte	.LASF46
 299 022f 05       		.byte	0x5
 300 0230 5801     		.2byte	0x158
 301 0232 20030000 		.4byte	0x320
 302 0236 40       		.byte	0x40
 303 0237 00       		.byte	0
 304 0238 04       		.uleb128 0x4
 305 0239 4A060000 		.4byte	.LASF47
 306 023d 04       		.byte	0x4
 307 023e 44       		.byte	0x44
 308 023f 43020000 		.4byte	0x243
 309 0243 0A       		.uleb128 0xa
 310 0244 04       		.byte	0x4
 311 0245 40010000 		.4byte	0x140
 312 0249 04       		.uleb128 0x4
 313 024a 6B060000 		.4byte	.LASF48
 314 024e 04       		.byte	0x4
 315 024f 49       		.byte	0x49
 316 0250 54020000 		.4byte	0x254
 317 0254 06       		.uleb128 0x6
 318 0255 75050000 		.4byte	.LASF50
 319 0259 04       		.byte	0x4
 320 025a 05       		.byte	0x5
 321 025b B0       		.byte	0xb0
 322 025c 6D020000 		.4byte	0x26d
 323 0260 07       		.uleb128 0x7
 324 0261 E2040000 		.4byte	.LASF30
 325 0265 05       		.byte	0x5
 326 0266 B1       		.byte	0xb1
 327 0267 43020000 		.4byte	0x243
 328 026b 00       		.byte	0
 329 026c 00       		.byte	0
 330 026d 04       		.uleb128 0x4
 331 026e 12050000 		.4byte	.LASF51
 332 0272 04       		.byte	0x4
 333 0273 50       		.byte	0x50
 334 0274 78020000 		.4byte	0x278
 335 0278 06       		.uleb128 0x6
 336 0279 EC010000 		.4byte	.LASF52
 337 027d 08       		.byte	0x8
 338 027e 05       		.byte	0x5
 339 027f B7       		.byte	0xb7
 340 0280 9D020000 		.4byte	0x29d
 341 0284 07       		.uleb128 0x7
 342 0285 E2040000 		.4byte	.LASF30
ARM GAS  /tmp/ccfU2c51.s 			page 7


 343 0289 05       		.byte	0x5
 344 028a B8       		.byte	0xb8
 345 028b 43020000 		.4byte	0x243
 346 028f 00       		.byte	0
 347 0290 07       		.uleb128 0x7
 348 0291 83040000 		.4byte	.LASF31
 349 0295 05       		.byte	0x5
 350 0296 B9       		.byte	0xb9
 351 0297 43020000 		.4byte	0x243
 352 029b 04       		.byte	0x4
 353 029c 00       		.byte	0
 354 029d 04       		.uleb128 0x4
 355 029e 0D000000 		.4byte	.LASF53
 356 02a2 04       		.byte	0x4
 357 02a3 57       		.byte	0x57
 358 02a4 A8020000 		.4byte	0x2a8
 359 02a8 0B       		.uleb128 0xb
 360 02a9 8E030000 		.4byte	.LASF54
 361 02ad 1C       		.byte	0x1c
 362 02ae 05       		.byte	0x5
 363 02af 9001     		.2byte	0x190
 364 02b1 04030000 		.4byte	0x304
 365 02b5 09       		.uleb128 0x9
 366 02b6 6D050000 		.4byte	.LASF55
 367 02ba 05       		.byte	0x5
 368 02bb 9101     		.2byte	0x191
 369 02bd 6D020000 		.4byte	0x26d
 370 02c1 00       		.byte	0
 371 02c2 09       		.uleb128 0x9
 372 02c3 D4040000 		.4byte	.LASF56
 373 02c7 05       		.byte	0x5
 374 02c8 9201     		.2byte	0x192
 375 02ca 09010000 		.4byte	0x109
 376 02ce 08       		.byte	0x8
 377 02cf 09       		.uleb128 0x9
 378 02d0 26040000 		.4byte	.LASF57
 379 02d4 05       		.byte	0x5
 380 02d5 9401     		.2byte	0x194
 381 02d7 83040000 		.4byte	0x483
 382 02db 0C       		.byte	0xc
 383 02dc 09       		.uleb128 0x9
 384 02dd C5020000 		.4byte	.LASF58
 385 02e1 05       		.byte	0x5
 386 02e2 9701     		.2byte	0x197
 387 02e4 43020000 		.4byte	0x243
 388 02e8 10       		.byte	0x10
 389 02e9 09       		.uleb128 0x9
 390 02ea 4D040000 		.4byte	.LASF59
 391 02ee 05       		.byte	0x5
 392 02ef 9801     		.2byte	0x198
 393 02f1 43020000 		.4byte	0x243
 394 02f5 14       		.byte	0x14
 395 02f6 09       		.uleb128 0x9
 396 02f7 43040000 		.4byte	.LASF60
 397 02fb 05       		.byte	0x5
 398 02fc 9B01     		.2byte	0x19b
 399 02fe 43020000 		.4byte	0x243
ARM GAS  /tmp/ccfU2c51.s 			page 8


 400 0302 18       		.byte	0x18
 401 0303 00       		.byte	0
 402 0304 04       		.uleb128 0x4
 403 0305 DB050000 		.4byte	.LASF61
 404 0309 04       		.byte	0x4
 405 030a 5C       		.byte	0x5c
 406 030b 0F030000 		.4byte	0x30f
 407 030f 0A       		.uleb128 0xa
 408 0310 04       		.byte	0x4
 409 0311 15030000 		.4byte	0x315
 410 0315 0C       		.uleb128 0xc
 411 0316 20030000 		.4byte	0x320
 412 031a 0D       		.uleb128 0xd
 413 031b 20030000 		.4byte	0x320
 414 031f 00       		.byte	0
 415 0320 0E       		.uleb128 0xe
 416 0321 04       		.byte	0x4
 417 0322 04       		.uleb128 0x4
 418 0323 73040000 		.4byte	.LASF62
 419 0327 04       		.byte	0x4
 420 0328 61       		.byte	0x61
 421 0329 2D030000 		.4byte	0x32d
 422 032d 0B       		.uleb128 0xb
 423 032e 22050000 		.4byte	.LASF63
 424 0332 14       		.byte	0x14
 425 0333 05       		.byte	0x5
 426 0334 6B01     		.2byte	0x16b
 427 0336 7C030000 		.4byte	0x37c
 428 033a 09       		.uleb128 0x9
 429 033b 08030000 		.4byte	.LASF64
 430 033f 05       		.byte	0x5
 431 0340 6C01     		.2byte	0x16c
 432 0342 DF060000 		.4byte	0x6df
 433 0346 00       		.byte	0
 434 0347 09       		.uleb128 0x9
 435 0348 D6020000 		.4byte	.LASF65
 436 034c 05       		.byte	0x5
 437 034d 6D01     		.2byte	0x16d
 438 034f DF060000 		.4byte	0x6df
 439 0353 04       		.byte	0x4
 440 0354 09       		.uleb128 0x9
 441 0355 30030000 		.4byte	.LASF66
 442 0359 05       		.byte	0x5
 443 035a 6E01     		.2byte	0x16e
 444 035c 35010000 		.4byte	0x135
 445 0360 08       		.byte	0x8
 446 0361 09       		.uleb128 0x9
 447 0362 9B060000 		.4byte	.LASF67
 448 0366 05       		.byte	0x5
 449 0367 6F01     		.2byte	0x16f
 450 0369 04030000 		.4byte	0x304
 451 036d 0C       		.byte	0xc
 452 036e 09       		.uleb128 0x9
 453 036f 0E060000 		.4byte	.LASF68
 454 0373 05       		.byte	0x5
 455 0374 7101     		.2byte	0x171
 456 0376 20030000 		.4byte	0x320
ARM GAS  /tmp/ccfU2c51.s 			page 9


 457 037a 10       		.byte	0x10
 458 037b 00       		.byte	0
 459 037c 04       		.uleb128 0x4
 460 037d B0000000 		.4byte	.LASF69
 461 0381 04       		.byte	0x4
 462 0382 66       		.byte	0x66
 463 0383 87030000 		.4byte	0x387
 464 0387 0B       		.uleb128 0xb
 465 0388 E3030000 		.4byte	.LASF70
 466 038c 10       		.byte	0x10
 467 038d 05       		.byte	0x5
 468 038e 7B01     		.2byte	0x17b
 469 0390 C9030000 		.4byte	0x3c9
 470 0394 09       		.uleb128 0x9
 471 0395 08030000 		.4byte	.LASF64
 472 0399 05       		.byte	0x5
 473 039a 7C01     		.2byte	0x17c
 474 039c DF060000 		.4byte	0x6df
 475 03a0 00       		.byte	0
 476 03a1 09       		.uleb128 0x9
 477 03a2 D6020000 		.4byte	.LASF65
 478 03a6 05       		.byte	0x5
 479 03a7 7E01     		.2byte	0x17e
 480 03a9 DF060000 		.4byte	0x6df
 481 03ad 04       		.byte	0x4
 482 03ae 09       		.uleb128 0x9
 483 03af 30030000 		.4byte	.LASF66
 484 03b3 05       		.byte	0x5
 485 03b4 8001     		.2byte	0x180
 486 03b6 35010000 		.4byte	0x135
 487 03ba 08       		.byte	0x8
 488 03bb 09       		.uleb128 0x9
 489 03bc 3E060000 		.4byte	.LASF71
 490 03c0 05       		.byte	0x5
 491 03c1 8801     		.2byte	0x188
 492 03c3 35010000 		.4byte	0x135
 493 03c7 0C       		.byte	0xc
 494 03c8 00       		.byte	0
 495 03c9 04       		.uleb128 0x4
 496 03ca 46000000 		.4byte	.LASF72
 497 03ce 04       		.byte	0x4
 498 03cf 6B       		.byte	0x6b
 499 03d0 D4030000 		.4byte	0x3d4
 500 03d4 0B       		.uleb128 0xb
 501 03d5 92040000 		.4byte	.LASF73
 502 03d9 04       		.byte	0x4
 503 03da 05       		.byte	0x5
 504 03db A201     		.2byte	0x1a2
 505 03dd EF030000 		.4byte	0x3ef
 506 03e1 09       		.uleb128 0x9
 507 03e2 EF050000 		.4byte	.LASF74
 508 03e6 05       		.byte	0x5
 509 03e7 AA01     		.2byte	0x1aa
 510 03e9 CE060000 		.4byte	0x6ce
 511 03ed 00       		.byte	0
 512 03ee 00       		.byte	0
 513 03ef 04       		.uleb128 0x4
ARM GAS  /tmp/ccfU2c51.s 			page 10


 514 03f0 76030000 		.4byte	.LASF75
 515 03f4 04       		.byte	0x4
 516 03f5 70       		.byte	0x70
 517 03f6 FA030000 		.4byte	0x3fa
 518 03fa 0F       		.uleb128 0xf
 519 03fb 08050000 		.4byte	.LASF76
 520 03ff D801     		.2byte	0x1d8
 521 0401 05       		.byte	0x5
 522 0402 C201     		.2byte	0x1c2
 523 0404 56040000 		.4byte	0x456
 524 0408 09       		.uleb128 0x9
 525 0409 30060000 		.4byte	.LASF77
 526 040d 05       		.byte	0x5
 527 040e C601     		.2byte	0x1c6
 528 0410 9D020000 		.4byte	0x29d
 529 0414 00       		.byte	0
 530 0415 09       		.uleb128 0x9
 531 0416 58020000 		.4byte	.LASF78
 532 041a 05       		.byte	0x5
 533 041b CA01     		.2byte	0x1ca
 534 041d 7C030000 		.4byte	0x37c
 535 0421 1C       		.byte	0x1c
 536 0422 08       		.uleb128 0x8
 537 0423 64626700 		.ascii	"dbg\000"
 538 0427 05       		.byte	0x5
 539 0428 CE01     		.2byte	0x1ce
 540 042a C9030000 		.4byte	0x3c9
 541 042e 2C       		.byte	0x2c
 542 042f 09       		.uleb128 0x9
 543 0430 A5000000 		.4byte	.LASF79
 544 0434 05       		.byte	0x5
 545 0435 D201     		.2byte	0x1d2
 546 0437 40010000 		.4byte	0x140
 547 043b 30       		.byte	0x30
 548 043c 08       		.uleb128 0x8
 549 043d 746D00   		.ascii	"tm\000"
 550 0440 05       		.byte	0x5
 551 0441 D701     		.2byte	0x1d7
 552 0443 F8050000 		.4byte	0x5f8
 553 0447 74       		.byte	0x74
 554 0448 09       		.uleb128 0x9
 555 0449 E6020000 		.4byte	.LASF80
 556 044d 05       		.byte	0x5
 557 044e E301     		.2byte	0x1e3
 558 0450 E5060000 		.4byte	0x6e5
 559 0454 78       		.byte	0x78
 560 0455 00       		.byte	0
 561 0456 10       		.uleb128 0x10
 562 0457 C6000000 		.4byte	.LASF81
 563 045b 06       		.byte	0x6
 564 045c A706     		.2byte	0x6a7
 565 045e C2000000 		.4byte	0xc2
 566 0462 11       		.uleb128 0x11
 567 0463 19030000 		.4byte	.LASF82
 568 0467 07       		.byte	0x7
 569 0468 4C       		.byte	0x4c
 570 0469 C7000000 		.4byte	0xc7
ARM GAS  /tmp/ccfU2c51.s 			page 11


 571 046d 04       		.uleb128 0x4
 572 046e CD020000 		.4byte	.LASF83
 573 0472 08       		.byte	0x8
 574 0473 65       		.byte	0x65
 575 0474 20030000 		.4byte	0x320
 576 0478 04       		.uleb128 0x4
 577 0479 B2030000 		.4byte	.LASF84
 578 047d 08       		.byte	0x8
 579 047e 6D       		.byte	0x6d
 580 047f D2000000 		.4byte	0xd2
 581 0483 06       		.uleb128 0x6
 582 0484 00060000 		.4byte	.LASF85
 583 0488 04       		.byte	0x4
 584 0489 08       		.byte	0x8
 585 048a 89       		.byte	0x89
 586 048b 9C040000 		.4byte	0x49c
 587 048f 12       		.uleb128 0x12
 588 0490 72313300 		.ascii	"r13\000"
 589 0494 08       		.byte	0x8
 590 0495 8A       		.byte	0x8a
 591 0496 DD050000 		.4byte	0x5dd
 592 049a 00       		.byte	0
 593 049b 00       		.byte	0
 594 049c 06       		.uleb128 0x6
 595 049d 3A000000 		.4byte	.LASF86
 596 04a1 64       		.byte	0x64
 597 04a2 09       		.byte	0x9
 598 04a3 F4       		.byte	0xf4
 599 04a4 DD050000 		.4byte	0x5dd
 600 04a8 12       		.uleb128 0x12
 601 04a9 73313600 		.ascii	"s16\000"
 602 04ad 09       		.byte	0x9
 603 04ae F6       		.byte	0xf6
 604 04af 6D040000 		.4byte	0x46d
 605 04b3 00       		.byte	0
 606 04b4 12       		.uleb128 0x12
 607 04b5 73313700 		.ascii	"s17\000"
 608 04b9 09       		.byte	0x9
 609 04ba F7       		.byte	0xf7
 610 04bb 6D040000 		.4byte	0x46d
 611 04bf 04       		.byte	0x4
 612 04c0 12       		.uleb128 0x12
 613 04c1 73313800 		.ascii	"s18\000"
 614 04c5 09       		.byte	0x9
 615 04c6 F8       		.byte	0xf8
 616 04c7 6D040000 		.4byte	0x46d
 617 04cb 08       		.byte	0x8
 618 04cc 12       		.uleb128 0x12
 619 04cd 73313900 		.ascii	"s19\000"
 620 04d1 09       		.byte	0x9
 621 04d2 F9       		.byte	0xf9
 622 04d3 6D040000 		.4byte	0x46d
 623 04d7 0C       		.byte	0xc
 624 04d8 12       		.uleb128 0x12
 625 04d9 73323000 		.ascii	"s20\000"
 626 04dd 09       		.byte	0x9
 627 04de FA       		.byte	0xfa
ARM GAS  /tmp/ccfU2c51.s 			page 12


 628 04df 6D040000 		.4byte	0x46d
 629 04e3 10       		.byte	0x10
 630 04e4 12       		.uleb128 0x12
 631 04e5 73323100 		.ascii	"s21\000"
 632 04e9 09       		.byte	0x9
 633 04ea FB       		.byte	0xfb
 634 04eb 6D040000 		.4byte	0x46d
 635 04ef 14       		.byte	0x14
 636 04f0 12       		.uleb128 0x12
 637 04f1 73323200 		.ascii	"s22\000"
 638 04f5 09       		.byte	0x9
 639 04f6 FC       		.byte	0xfc
 640 04f7 6D040000 		.4byte	0x46d
 641 04fb 18       		.byte	0x18
 642 04fc 12       		.uleb128 0x12
 643 04fd 73323300 		.ascii	"s23\000"
 644 0501 09       		.byte	0x9
 645 0502 FD       		.byte	0xfd
 646 0503 6D040000 		.4byte	0x46d
 647 0507 1C       		.byte	0x1c
 648 0508 12       		.uleb128 0x12
 649 0509 73323400 		.ascii	"s24\000"
 650 050d 09       		.byte	0x9
 651 050e FE       		.byte	0xfe
 652 050f 6D040000 		.4byte	0x46d
 653 0513 20       		.byte	0x20
 654 0514 12       		.uleb128 0x12
 655 0515 73323500 		.ascii	"s25\000"
 656 0519 09       		.byte	0x9
 657 051a FF       		.byte	0xff
 658 051b 6D040000 		.4byte	0x46d
 659 051f 24       		.byte	0x24
 660 0520 08       		.uleb128 0x8
 661 0521 73323600 		.ascii	"s26\000"
 662 0525 09       		.byte	0x9
 663 0526 0001     		.2byte	0x100
 664 0528 6D040000 		.4byte	0x46d
 665 052c 28       		.byte	0x28
 666 052d 08       		.uleb128 0x8
 667 052e 73323700 		.ascii	"s27\000"
 668 0532 09       		.byte	0x9
 669 0533 0101     		.2byte	0x101
 670 0535 6D040000 		.4byte	0x46d
 671 0539 2C       		.byte	0x2c
 672 053a 08       		.uleb128 0x8
 673 053b 73323800 		.ascii	"s28\000"
 674 053f 09       		.byte	0x9
 675 0540 0201     		.2byte	0x102
 676 0542 6D040000 		.4byte	0x46d
 677 0546 30       		.byte	0x30
 678 0547 08       		.uleb128 0x8
 679 0548 73323900 		.ascii	"s29\000"
 680 054c 09       		.byte	0x9
 681 054d 0301     		.2byte	0x103
 682 054f 6D040000 		.4byte	0x46d
 683 0553 34       		.byte	0x34
 684 0554 08       		.uleb128 0x8
ARM GAS  /tmp/ccfU2c51.s 			page 13


 685 0555 73333000 		.ascii	"s30\000"
 686 0559 09       		.byte	0x9
 687 055a 0401     		.2byte	0x104
 688 055c 6D040000 		.4byte	0x46d
 689 0560 38       		.byte	0x38
 690 0561 08       		.uleb128 0x8
 691 0562 73333100 		.ascii	"s31\000"
 692 0566 09       		.byte	0x9
 693 0567 0501     		.2byte	0x105
 694 0569 6D040000 		.4byte	0x46d
 695 056d 3C       		.byte	0x3c
 696 056e 08       		.uleb128 0x8
 697 056f 723400   		.ascii	"r4\000"
 698 0572 09       		.byte	0x9
 699 0573 0701     		.2byte	0x107
 700 0575 6D040000 		.4byte	0x46d
 701 0579 40       		.byte	0x40
 702 057a 08       		.uleb128 0x8
 703 057b 723500   		.ascii	"r5\000"
 704 057e 09       		.byte	0x9
 705 057f 0801     		.2byte	0x108
 706 0581 6D040000 		.4byte	0x46d
 707 0585 44       		.byte	0x44
 708 0586 08       		.uleb128 0x8
 709 0587 723600   		.ascii	"r6\000"
 710 058a 09       		.byte	0x9
 711 058b 0901     		.2byte	0x109
 712 058d 6D040000 		.4byte	0x46d
 713 0591 48       		.byte	0x48
 714 0592 08       		.uleb128 0x8
 715 0593 723700   		.ascii	"r7\000"
 716 0596 09       		.byte	0x9
 717 0597 0A01     		.2byte	0x10a
 718 0599 6D040000 		.4byte	0x46d
 719 059d 4C       		.byte	0x4c
 720 059e 08       		.uleb128 0x8
 721 059f 723800   		.ascii	"r8\000"
 722 05a2 09       		.byte	0x9
 723 05a3 0B01     		.2byte	0x10b
 724 05a5 6D040000 		.4byte	0x46d
 725 05a9 50       		.byte	0x50
 726 05aa 08       		.uleb128 0x8
 727 05ab 723900   		.ascii	"r9\000"
 728 05ae 09       		.byte	0x9
 729 05af 0C01     		.2byte	0x10c
 730 05b1 6D040000 		.4byte	0x46d
 731 05b5 54       		.byte	0x54
 732 05b6 08       		.uleb128 0x8
 733 05b7 72313000 		.ascii	"r10\000"
 734 05bb 09       		.byte	0x9
 735 05bc 0D01     		.2byte	0x10d
 736 05be 6D040000 		.4byte	0x46d
 737 05c2 58       		.byte	0x58
 738 05c3 08       		.uleb128 0x8
 739 05c4 72313100 		.ascii	"r11\000"
 740 05c8 09       		.byte	0x9
 741 05c9 0E01     		.2byte	0x10e
ARM GAS  /tmp/ccfU2c51.s 			page 14


 742 05cb 6D040000 		.4byte	0x46d
 743 05cf 5C       		.byte	0x5c
 744 05d0 08       		.uleb128 0x8
 745 05d1 6C7200   		.ascii	"lr\000"
 746 05d4 09       		.byte	0x9
 747 05d5 0F01     		.2byte	0x10f
 748 05d7 6D040000 		.4byte	0x46d
 749 05db 60       		.byte	0x60
 750 05dc 00       		.byte	0
 751 05dd 0A       		.uleb128 0xa
 752 05de 04       		.byte	0x4
 753 05df 9C040000 		.4byte	0x49c
 754 05e3 13       		.uleb128 0x13
 755 05e4 04       		.byte	0x4
 756 05e5 0A       		.byte	0xa
 757 05e6 38       		.byte	0x38
 758 05e7 F8050000 		.4byte	0x5f8
 759 05eb 07       		.uleb128 0x7
 760 05ec F9050000 		.4byte	.LASF87
 761 05f0 0A       		.byte	0xa
 762 05f1 3C       		.byte	0x3c
 763 05f2 DD000000 		.4byte	0xdd
 764 05f6 00       		.byte	0
 765 05f7 00       		.byte	0
 766 05f8 04       		.uleb128 0x4
 767 05f9 32040000 		.4byte	.LASF88
 768 05fd 0A       		.byte	0xa
 769 05fe 3D       		.byte	0x3d
 770 05ff E3050000 		.4byte	0x5e3
 771 0603 14       		.uleb128 0x14
 772 0604 04       		.byte	0x4
 773 0605 05       		.byte	0x5
 774 0606 FA       		.byte	0xfa
 775 0607 60060000 		.4byte	0x660
 776 060b 15       		.uleb128 0x15
 777 060c 20000000 		.4byte	.LASF89
 778 0610 05       		.byte	0x5
 779 0611 0101     		.2byte	0x101
 780 0613 14010000 		.4byte	0x114
 781 0617 15       		.uleb128 0x15
 782 0618 9C000000 		.4byte	.LASF90
 783 061c 05       		.byte	0x5
 784 061d 0801     		.2byte	0x108
 785 061f 14010000 		.4byte	0x114
 786 0623 15       		.uleb128 0x15
 787 0624 5D060000 		.4byte	.LASF91
 788 0628 05       		.byte	0x5
 789 0629 0F01     		.2byte	0x10f
 790 062b 20030000 		.4byte	0x320
 791 062f 15       		.uleb128 0x15
 792 0630 1A000000 		.4byte	.LASF92
 793 0634 05       		.byte	0x5
 794 0635 1601     		.2byte	0x116
 795 0637 60060000 		.4byte	0x660
 796 063b 15       		.uleb128 0x15
 797 063c 29030000 		.4byte	.LASF93
 798 0640 05       		.byte	0x5
ARM GAS  /tmp/ccfU2c51.s 			page 15


 799 0641 1E01     		.2byte	0x11e
 800 0643 8B060000 		.4byte	0x68b
 801 0647 15       		.uleb128 0x15
 802 0648 A4050000 		.4byte	.LASF94
 803 064c 05       		.byte	0x5
 804 064d 2701     		.2byte	0x127
 805 064f C2060000 		.4byte	0x6c2
 806 0653 15       		.uleb128 0x15
 807 0654 DB040000 		.4byte	.LASF95
 808 0658 05       		.byte	0x5
 809 0659 2F01     		.2byte	0x12f
 810 065b 1F010000 		.4byte	0x11f
 811 065f 00       		.byte	0
 812 0660 0A       		.uleb128 0xa
 813 0661 04       		.byte	0x4
 814 0662 38020000 		.4byte	0x238
 815 0666 06       		.uleb128 0x6
 816 0667 40050000 		.4byte	.LASF96
 817 066b 0C       		.byte	0xc
 818 066c 0B       		.byte	0xb
 819 066d 34       		.byte	0x34
 820 066e 8B060000 		.4byte	0x68b
 821 0672 07       		.uleb128 0x7
 822 0673 BD020000 		.4byte	.LASF97
 823 0677 0B       		.byte	0xb
 824 0678 35       		.byte	0x35
 825 0679 6D020000 		.4byte	0x26d
 826 067d 00       		.byte	0
 827 067e 07       		.uleb128 0x7
 828 067f 4D030000 		.4byte	.LASF98
 829 0683 0B       		.byte	0xb
 830 0684 37       		.byte	0x37
 831 0685 2A010000 		.4byte	0x12a
 832 0689 08       		.byte	0x8
 833 068a 00       		.byte	0
 834 068b 0A       		.uleb128 0xa
 835 068c 04       		.byte	0x4
 836 068d 66060000 		.4byte	0x666
 837 0691 06       		.uleb128 0x6
 838 0692 20060000 		.4byte	.LASF99
 839 0696 10       		.byte	0x10
 840 0697 0C       		.byte	0xc
 841 0698 39       		.byte	0x39
 842 0699 C2060000 		.4byte	0x6c2
 843 069d 07       		.uleb128 0x7
 844 069e 50020000 		.4byte	.LASF100
 845 06a2 0C       		.byte	0xc
 846 06a3 3A       		.byte	0x3a
 847 06a4 6D020000 		.4byte	0x26d
 848 06a8 00       		.byte	0
 849 06a9 07       		.uleb128 0x7
 850 06aa 85060000 		.4byte	.LASF101
 851 06ae 0C       		.byte	0xc
 852 06af 3C       		.byte	0x3c
 853 06b0 43020000 		.4byte	0x243
 854 06b4 08       		.byte	0x8
 855 06b5 07       		.uleb128 0x7
ARM GAS  /tmp/ccfU2c51.s 			page 16


 856 06b6 BF050000 		.4byte	.LASF102
 857 06ba 0C       		.byte	0xc
 858 06bb 3E       		.byte	0x3e
 859 06bc 17080000 		.4byte	0x817
 860 06c0 0C       		.byte	0xc
 861 06c1 00       		.byte	0
 862 06c2 0A       		.uleb128 0xa
 863 06c3 04       		.byte	0x4
 864 06c4 91060000 		.4byte	0x691
 865 06c8 0A       		.uleb128 0xa
 866 06c9 04       		.byte	0x4
 867 06ca DA060000 		.4byte	0x6da
 868 06ce 05       		.uleb128 0x5
 869 06cf C8060000 		.4byte	0x6c8
 870 06d3 03       		.uleb128 0x3
 871 06d4 01       		.byte	0x1
 872 06d5 08       		.byte	0x8
 873 06d6 9F050000 		.4byte	.LASF103
 874 06da 16       		.uleb128 0x16
 875 06db D3060000 		.4byte	0x6d3
 876 06df 0A       		.uleb128 0xa
 877 06e0 04       		.byte	0x4
 878 06e1 22030000 		.4byte	0x322
 879 06e5 17       		.uleb128 0x17
 880 06e6 78040000 		.4byte	0x478
 881 06ea F5060000 		.4byte	0x6f5
 882 06ee 18       		.uleb128 0x18
 883 06ef 24000000 		.4byte	0x24
 884 06f3 2B       		.byte	0x2b
 885 06f4 00       		.byte	0
 886 06f5 19       		.uleb128 0x19
 887 06f6 636800   		.ascii	"ch\000"
 888 06f9 05       		.byte	0x5
 889 06fa 0902     		.2byte	0x209
 890 06fc EF030000 		.4byte	0x3ef
 891 0700 13       		.uleb128 0x13
 892 0701 16       		.byte	0x16
 893 0702 0D       		.byte	0xd
 894 0703 34       		.byte	0x34
 895 0704 E1070000 		.4byte	0x7e1
 896 0708 07       		.uleb128 0x7
 897 0709 8D060000 		.4byte	.LASF104
 898 070d 0D       		.byte	0xd
 899 070e 35       		.byte	0x35
 900 070f E1070000 		.4byte	0x7e1
 901 0713 00       		.byte	0
 902 0714 07       		.uleb128 0x7
 903 0715 BD030000 		.4byte	.LASF105
 904 0719 0D       		.byte	0xd
 905 071a 36       		.byte	0x36
 906 071b A1000000 		.4byte	0xa1
 907 071f 04       		.byte	0x4
 908 0720 07       		.uleb128 0x7
 909 0721 85050000 		.4byte	.LASF106
 910 0725 0D       		.byte	0xd
 911 0726 37       		.byte	0x37
 912 0727 A1000000 		.4byte	0xa1
ARM GAS  /tmp/ccfU2c51.s 			page 17


 913 072b 05       		.byte	0x5
 914 072c 07       		.uleb128 0x7
 915 072d 7A060000 		.4byte	.LASF107
 916 0731 0D       		.byte	0xd
 917 0732 38       		.byte	0x38
 918 0733 AC000000 		.4byte	0xac
 919 0737 06       		.byte	0x6
 920 0738 07       		.uleb128 0x7
 921 0739 68040000 		.4byte	.LASF108
 922 073d 0D       		.byte	0xd
 923 073e 39       		.byte	0x39
 924 073f A1000000 		.4byte	0xa1
 925 0743 08       		.byte	0x8
 926 0744 07       		.uleb128 0x7
 927 0745 06040000 		.4byte	.LASF109
 928 0749 0D       		.byte	0xd
 929 074a 3A       		.byte	0x3a
 930 074b A1000000 		.4byte	0xa1
 931 074f 09       		.byte	0x9
 932 0750 07       		.uleb128 0x7
 933 0751 8E000000 		.4byte	.LASF110
 934 0755 0D       		.byte	0xd
 935 0756 3B       		.byte	0x3b
 936 0757 A1000000 		.4byte	0xa1
 937 075b 0A       		.byte	0xa
 938 075c 07       		.uleb128 0x7
 939 075d 61050000 		.4byte	.LASF111
 940 0761 0D       		.byte	0xd
 941 0762 3C       		.byte	0x3c
 942 0763 A1000000 		.4byte	0xa1
 943 0767 0B       		.byte	0xb
 944 0768 07       		.uleb128 0x7
 945 0769 15060000 		.4byte	.LASF112
 946 076d 0D       		.byte	0xd
 947 076e 3D       		.byte	0x3d
 948 076f A1000000 		.4byte	0xa1
 949 0773 0C       		.byte	0xc
 950 0774 07       		.uleb128 0x7
 951 0775 33050000 		.4byte	.LASF113
 952 0779 0D       		.byte	0xd
 953 077a 3E       		.byte	0x3e
 954 077b A1000000 		.4byte	0xa1
 955 077f 0D       		.byte	0xd
 956 0780 07       		.uleb128 0x7
 957 0781 00000000 		.4byte	.LASF114
 958 0785 0D       		.byte	0xd
 959 0786 3F       		.byte	0x3f
 960 0787 A1000000 		.4byte	0xa1
 961 078b 0E       		.byte	0xe
 962 078c 07       		.uleb128 0x7
 963 078d 12040000 		.4byte	.LASF115
 964 0791 0D       		.byte	0xd
 965 0792 40       		.byte	0x40
 966 0793 A1000000 		.4byte	0xa1
 967 0797 0F       		.byte	0xf
 968 0798 07       		.uleb128 0x7
 969 0799 2B020000 		.4byte	.LASF116
ARM GAS  /tmp/ccfU2c51.s 			page 18


 970 079d 0D       		.byte	0xd
 971 079e 41       		.byte	0x41
 972 079f A1000000 		.4byte	0xa1
 973 07a3 10       		.byte	0x10
 974 07a4 07       		.uleb128 0x7
 975 07a5 04020000 		.4byte	.LASF117
 976 07a9 0D       		.byte	0xd
 977 07aa 43       		.byte	0x43
 978 07ab A1000000 		.4byte	0xa1
 979 07af 11       		.byte	0x11
 980 07b0 07       		.uleb128 0x7
 981 07b1 3B020000 		.4byte	.LASF118
 982 07b5 0D       		.byte	0xd
 983 07b6 44       		.byte	0x44
 984 07b7 A1000000 		.4byte	0xa1
 985 07bb 12       		.byte	0x12
 986 07bc 07       		.uleb128 0x7
 987 07bd C5030000 		.4byte	.LASF119
 988 07c1 0D       		.byte	0xd
 989 07c2 45       		.byte	0x45
 990 07c3 A1000000 		.4byte	0xa1
 991 07c7 13       		.byte	0x13
 992 07c8 07       		.uleb128 0x7
 993 07c9 F1040000 		.4byte	.LASF120
 994 07cd 0D       		.byte	0xd
 995 07ce 46       		.byte	0x46
 996 07cf A1000000 		.4byte	0xa1
 997 07d3 14       		.byte	0x14
 998 07d4 07       		.uleb128 0x7
 999 07d5 82030000 		.4byte	.LASF121
 1000 07d9 0D       		.byte	0xd
 1001 07da 48       		.byte	0x48
 1002 07db A1000000 		.4byte	0xa1
 1003 07df 15       		.byte	0x15
 1004 07e0 00       		.byte	0
 1005 07e1 17       		.uleb128 0x17
 1006 07e2 D3060000 		.4byte	0x6d3
 1007 07e6 F1070000 		.4byte	0x7f1
 1008 07ea 18       		.uleb128 0x18
 1009 07eb 24000000 		.4byte	0x24
 1010 07ef 03       		.byte	0x3
 1011 07f0 00       		.byte	0
 1012 07f1 04       		.uleb128 0x4
 1013 07f2 AB020000 		.4byte	.LASF122
 1014 07f6 0D       		.byte	0xd
 1015 07f7 49       		.byte	0x49
 1016 07f8 00070000 		.4byte	0x700
 1017 07fc 16       		.uleb128 0x16
 1018 07fd F1070000 		.4byte	0x7f1
 1019 0801 11       		.uleb128 0x11
 1020 0802 44030000 		.4byte	.LASF123
 1021 0806 0D       		.byte	0xd
 1022 0807 6E       		.byte	0x6e
 1023 0808 FC070000 		.4byte	0x7fc
 1024 080c 04       		.uleb128 0x4
 1025 080d DE020000 		.4byte	.LASF124
 1026 0811 0C       		.byte	0xc
ARM GAS  /tmp/ccfU2c51.s 			page 19


 1027 0812 34       		.byte	0x34
 1028 0813 91060000 		.4byte	0x691
 1029 0817 0A       		.uleb128 0xa
 1030 0818 04       		.byte	0x4
 1031 0819 0C080000 		.4byte	0x80c
 1032 081d 00       		.byte	0
 1033              		.section	.debug_abbrev,"",%progbits
 1034              	.Ldebug_abbrev0:
 1035 0000 01       		.uleb128 0x1
 1036 0001 11       		.uleb128 0x11
 1037 0002 01       		.byte	0x1
 1038 0003 25       		.uleb128 0x25
 1039 0004 0E       		.uleb128 0xe
 1040 0005 13       		.uleb128 0x13
 1041 0006 0B       		.uleb128 0xb
 1042 0007 03       		.uleb128 0x3
 1043 0008 0E       		.uleb128 0xe
 1044 0009 1B       		.uleb128 0x1b
 1045 000a 0E       		.uleb128 0xe
 1046 000b 10       		.uleb128 0x10
 1047 000c 17       		.uleb128 0x17
 1048 000d 00       		.byte	0
 1049 000e 00       		.byte	0
 1050 000f 02       		.uleb128 0x2
 1051 0010 24       		.uleb128 0x24
 1052 0011 00       		.byte	0
 1053 0012 0B       		.uleb128 0xb
 1054 0013 0B       		.uleb128 0xb
 1055 0014 3E       		.uleb128 0x3e
 1056 0015 0B       		.uleb128 0xb
 1057 0016 03       		.uleb128 0x3
 1058 0017 08       		.uleb128 0x8
 1059 0018 00       		.byte	0
 1060 0019 00       		.byte	0
 1061 001a 03       		.uleb128 0x3
 1062 001b 24       		.uleb128 0x24
 1063 001c 00       		.byte	0
 1064 001d 0B       		.uleb128 0xb
 1065 001e 0B       		.uleb128 0xb
 1066 001f 3E       		.uleb128 0x3e
 1067 0020 0B       		.uleb128 0xb
 1068 0021 03       		.uleb128 0x3
 1069 0022 0E       		.uleb128 0xe
 1070 0023 00       		.byte	0
 1071 0024 00       		.byte	0
 1072 0025 04       		.uleb128 0x4
 1073 0026 16       		.uleb128 0x16
 1074 0027 00       		.byte	0
 1075 0028 03       		.uleb128 0x3
 1076 0029 0E       		.uleb128 0xe
 1077 002a 3A       		.uleb128 0x3a
 1078 002b 0B       		.uleb128 0xb
 1079 002c 3B       		.uleb128 0x3b
 1080 002d 0B       		.uleb128 0xb
 1081 002e 49       		.uleb128 0x49
 1082 002f 13       		.uleb128 0x13
 1083 0030 00       		.byte	0
ARM GAS  /tmp/ccfU2c51.s 			page 20


 1084 0031 00       		.byte	0
 1085 0032 05       		.uleb128 0x5
 1086 0033 35       		.uleb128 0x35
 1087 0034 00       		.byte	0
 1088 0035 49       		.uleb128 0x49
 1089 0036 13       		.uleb128 0x13
 1090 0037 00       		.byte	0
 1091 0038 00       		.byte	0
 1092 0039 06       		.uleb128 0x6
 1093 003a 13       		.uleb128 0x13
 1094 003b 01       		.byte	0x1
 1095 003c 03       		.uleb128 0x3
 1096 003d 0E       		.uleb128 0xe
 1097 003e 0B       		.uleb128 0xb
 1098 003f 0B       		.uleb128 0xb
 1099 0040 3A       		.uleb128 0x3a
 1100 0041 0B       		.uleb128 0xb
 1101 0042 3B       		.uleb128 0x3b
 1102 0043 0B       		.uleb128 0xb
 1103 0044 01       		.uleb128 0x1
 1104 0045 13       		.uleb128 0x13
 1105 0046 00       		.byte	0
 1106 0047 00       		.byte	0
 1107 0048 07       		.uleb128 0x7
 1108 0049 0D       		.uleb128 0xd
 1109 004a 00       		.byte	0
 1110 004b 03       		.uleb128 0x3
 1111 004c 0E       		.uleb128 0xe
 1112 004d 3A       		.uleb128 0x3a
 1113 004e 0B       		.uleb128 0xb
 1114 004f 3B       		.uleb128 0x3b
 1115 0050 0B       		.uleb128 0xb
 1116 0051 49       		.uleb128 0x49
 1117 0052 13       		.uleb128 0x13
 1118 0053 38       		.uleb128 0x38
 1119 0054 0B       		.uleb128 0xb
 1120 0055 00       		.byte	0
 1121 0056 00       		.byte	0
 1122 0057 08       		.uleb128 0x8
 1123 0058 0D       		.uleb128 0xd
 1124 0059 00       		.byte	0
 1125 005a 03       		.uleb128 0x3
 1126 005b 08       		.uleb128 0x8
 1127 005c 3A       		.uleb128 0x3a
 1128 005d 0B       		.uleb128 0xb
 1129 005e 3B       		.uleb128 0x3b
 1130 005f 05       		.uleb128 0x5
 1131 0060 49       		.uleb128 0x49
 1132 0061 13       		.uleb128 0x13
 1133 0062 38       		.uleb128 0x38
 1134 0063 0B       		.uleb128 0xb
 1135 0064 00       		.byte	0
 1136 0065 00       		.byte	0
 1137 0066 09       		.uleb128 0x9
 1138 0067 0D       		.uleb128 0xd
 1139 0068 00       		.byte	0
 1140 0069 03       		.uleb128 0x3
ARM GAS  /tmp/ccfU2c51.s 			page 21


 1141 006a 0E       		.uleb128 0xe
 1142 006b 3A       		.uleb128 0x3a
 1143 006c 0B       		.uleb128 0xb
 1144 006d 3B       		.uleb128 0x3b
 1145 006e 05       		.uleb128 0x5
 1146 006f 49       		.uleb128 0x49
 1147 0070 13       		.uleb128 0x13
 1148 0071 38       		.uleb128 0x38
 1149 0072 0B       		.uleb128 0xb
 1150 0073 00       		.byte	0
 1151 0074 00       		.byte	0
 1152 0075 0A       		.uleb128 0xa
 1153 0076 0F       		.uleb128 0xf
 1154 0077 00       		.byte	0
 1155 0078 0B       		.uleb128 0xb
 1156 0079 0B       		.uleb128 0xb
 1157 007a 49       		.uleb128 0x49
 1158 007b 13       		.uleb128 0x13
 1159 007c 00       		.byte	0
 1160 007d 00       		.byte	0
 1161 007e 0B       		.uleb128 0xb
 1162 007f 13       		.uleb128 0x13
 1163 0080 01       		.byte	0x1
 1164 0081 03       		.uleb128 0x3
 1165 0082 0E       		.uleb128 0xe
 1166 0083 0B       		.uleb128 0xb
 1167 0084 0B       		.uleb128 0xb
 1168 0085 3A       		.uleb128 0x3a
 1169 0086 0B       		.uleb128 0xb
 1170 0087 3B       		.uleb128 0x3b
 1171 0088 05       		.uleb128 0x5
 1172 0089 01       		.uleb128 0x1
 1173 008a 13       		.uleb128 0x13
 1174 008b 00       		.byte	0
 1175 008c 00       		.byte	0
 1176 008d 0C       		.uleb128 0xc
 1177 008e 15       		.uleb128 0x15
 1178 008f 01       		.byte	0x1
 1179 0090 27       		.uleb128 0x27
 1180 0091 19       		.uleb128 0x19
 1181 0092 01       		.uleb128 0x1
 1182 0093 13       		.uleb128 0x13
 1183 0094 00       		.byte	0
 1184 0095 00       		.byte	0
 1185 0096 0D       		.uleb128 0xd
 1186 0097 05       		.uleb128 0x5
 1187 0098 00       		.byte	0
 1188 0099 49       		.uleb128 0x49
 1189 009a 13       		.uleb128 0x13
 1190 009b 00       		.byte	0
 1191 009c 00       		.byte	0
 1192 009d 0E       		.uleb128 0xe
 1193 009e 0F       		.uleb128 0xf
 1194 009f 00       		.byte	0
 1195 00a0 0B       		.uleb128 0xb
 1196 00a1 0B       		.uleb128 0xb
 1197 00a2 00       		.byte	0
ARM GAS  /tmp/ccfU2c51.s 			page 22


 1198 00a3 00       		.byte	0
 1199 00a4 0F       		.uleb128 0xf
 1200 00a5 13       		.uleb128 0x13
 1201 00a6 01       		.byte	0x1
 1202 00a7 03       		.uleb128 0x3
 1203 00a8 0E       		.uleb128 0xe
 1204 00a9 0B       		.uleb128 0xb
 1205 00aa 05       		.uleb128 0x5
 1206 00ab 3A       		.uleb128 0x3a
 1207 00ac 0B       		.uleb128 0xb
 1208 00ad 3B       		.uleb128 0x3b
 1209 00ae 05       		.uleb128 0x5
 1210 00af 01       		.uleb128 0x1
 1211 00b0 13       		.uleb128 0x13
 1212 00b1 00       		.byte	0
 1213 00b2 00       		.byte	0
 1214 00b3 10       		.uleb128 0x10
 1215 00b4 34       		.uleb128 0x34
 1216 00b5 00       		.byte	0
 1217 00b6 03       		.uleb128 0x3
 1218 00b7 0E       		.uleb128 0xe
 1219 00b8 3A       		.uleb128 0x3a
 1220 00b9 0B       		.uleb128 0xb
 1221 00ba 3B       		.uleb128 0x3b
 1222 00bb 05       		.uleb128 0x5
 1223 00bc 49       		.uleb128 0x49
 1224 00bd 13       		.uleb128 0x13
 1225 00be 3F       		.uleb128 0x3f
 1226 00bf 19       		.uleb128 0x19
 1227 00c0 3C       		.uleb128 0x3c
 1228 00c1 19       		.uleb128 0x19
 1229 00c2 00       		.byte	0
 1230 00c3 00       		.byte	0
 1231 00c4 11       		.uleb128 0x11
 1232 00c5 34       		.uleb128 0x34
 1233 00c6 00       		.byte	0
 1234 00c7 03       		.uleb128 0x3
 1235 00c8 0E       		.uleb128 0xe
 1236 00c9 3A       		.uleb128 0x3a
 1237 00ca 0B       		.uleb128 0xb
 1238 00cb 3B       		.uleb128 0x3b
 1239 00cc 0B       		.uleb128 0xb
 1240 00cd 49       		.uleb128 0x49
 1241 00ce 13       		.uleb128 0x13
 1242 00cf 3F       		.uleb128 0x3f
 1243 00d0 19       		.uleb128 0x19
 1244 00d1 3C       		.uleb128 0x3c
 1245 00d2 19       		.uleb128 0x19
 1246 00d3 00       		.byte	0
 1247 00d4 00       		.byte	0
 1248 00d5 12       		.uleb128 0x12
 1249 00d6 0D       		.uleb128 0xd
 1250 00d7 00       		.byte	0
 1251 00d8 03       		.uleb128 0x3
 1252 00d9 08       		.uleb128 0x8
 1253 00da 3A       		.uleb128 0x3a
 1254 00db 0B       		.uleb128 0xb
ARM GAS  /tmp/ccfU2c51.s 			page 23


 1255 00dc 3B       		.uleb128 0x3b
 1256 00dd 0B       		.uleb128 0xb
 1257 00de 49       		.uleb128 0x49
 1258 00df 13       		.uleb128 0x13
 1259 00e0 38       		.uleb128 0x38
 1260 00e1 0B       		.uleb128 0xb
 1261 00e2 00       		.byte	0
 1262 00e3 00       		.byte	0
 1263 00e4 13       		.uleb128 0x13
 1264 00e5 13       		.uleb128 0x13
 1265 00e6 01       		.byte	0x1
 1266 00e7 0B       		.uleb128 0xb
 1267 00e8 0B       		.uleb128 0xb
 1268 00e9 3A       		.uleb128 0x3a
 1269 00ea 0B       		.uleb128 0xb
 1270 00eb 3B       		.uleb128 0x3b
 1271 00ec 0B       		.uleb128 0xb
 1272 00ed 01       		.uleb128 0x1
 1273 00ee 13       		.uleb128 0x13
 1274 00ef 00       		.byte	0
 1275 00f0 00       		.byte	0
 1276 00f1 14       		.uleb128 0x14
 1277 00f2 17       		.uleb128 0x17
 1278 00f3 01       		.byte	0x1
 1279 00f4 0B       		.uleb128 0xb
 1280 00f5 0B       		.uleb128 0xb
 1281 00f6 3A       		.uleb128 0x3a
 1282 00f7 0B       		.uleb128 0xb
 1283 00f8 3B       		.uleb128 0x3b
 1284 00f9 0B       		.uleb128 0xb
 1285 00fa 01       		.uleb128 0x1
 1286 00fb 13       		.uleb128 0x13
 1287 00fc 00       		.byte	0
 1288 00fd 00       		.byte	0
 1289 00fe 15       		.uleb128 0x15
 1290 00ff 0D       		.uleb128 0xd
 1291 0100 00       		.byte	0
 1292 0101 03       		.uleb128 0x3
 1293 0102 0E       		.uleb128 0xe
 1294 0103 3A       		.uleb128 0x3a
 1295 0104 0B       		.uleb128 0xb
 1296 0105 3B       		.uleb128 0x3b
 1297 0106 05       		.uleb128 0x5
 1298 0107 49       		.uleb128 0x49
 1299 0108 13       		.uleb128 0x13
 1300 0109 00       		.byte	0
 1301 010a 00       		.byte	0
 1302 010b 16       		.uleb128 0x16
 1303 010c 26       		.uleb128 0x26
 1304 010d 00       		.byte	0
 1305 010e 49       		.uleb128 0x49
 1306 010f 13       		.uleb128 0x13
 1307 0110 00       		.byte	0
 1308 0111 00       		.byte	0
 1309 0112 17       		.uleb128 0x17
 1310 0113 01       		.uleb128 0x1
 1311 0114 01       		.byte	0x1
ARM GAS  /tmp/ccfU2c51.s 			page 24


 1312 0115 49       		.uleb128 0x49
 1313 0116 13       		.uleb128 0x13
 1314 0117 01       		.uleb128 0x1
 1315 0118 13       		.uleb128 0x13
 1316 0119 00       		.byte	0
 1317 011a 00       		.byte	0
 1318 011b 18       		.uleb128 0x18
 1319 011c 21       		.uleb128 0x21
 1320 011d 00       		.byte	0
 1321 011e 49       		.uleb128 0x49
 1322 011f 13       		.uleb128 0x13
 1323 0120 2F       		.uleb128 0x2f
 1324 0121 0B       		.uleb128 0xb
 1325 0122 00       		.byte	0
 1326 0123 00       		.byte	0
 1327 0124 19       		.uleb128 0x19
 1328 0125 34       		.uleb128 0x34
 1329 0126 00       		.byte	0
 1330 0127 03       		.uleb128 0x3
 1331 0128 08       		.uleb128 0x8
 1332 0129 3A       		.uleb128 0x3a
 1333 012a 0B       		.uleb128 0xb
 1334 012b 3B       		.uleb128 0x3b
 1335 012c 05       		.uleb128 0x5
 1336 012d 49       		.uleb128 0x49
 1337 012e 13       		.uleb128 0x13
 1338 012f 3F       		.uleb128 0x3f
 1339 0130 19       		.uleb128 0x19
 1340 0131 3C       		.uleb128 0x3c
 1341 0132 19       		.uleb128 0x19
 1342 0133 00       		.byte	0
 1343 0134 00       		.byte	0
 1344 0135 00       		.byte	0
 1345              		.section	.debug_aranges,"",%progbits
 1346 0000 14000000 		.4byte	0x14
 1347 0004 0200     		.2byte	0x2
 1348 0006 00000000 		.4byte	.Ldebug_info0
 1349 000a 04       		.byte	0x4
 1350 000b 00       		.byte	0
 1351 000c 0000     		.2byte	0
 1352 000e 0000     		.2byte	0
 1353 0010 00000000 		.4byte	0
 1354 0014 00000000 		.4byte	0
 1355              		.section	.debug_line,"",%progbits
 1356              	.Ldebug_line0:
 1357 0000 C2010000 		.section	.debug_str,"MS",%progbits,1
 1357      0200BC01 
 1357      00000201 
 1357      FB0E0D00 
 1357      01010101 
 1358              	.LASF114:
 1359 0000 63665F6F 		.ascii	"cf_off_older\000"
 1359      66665F6F 
 1359      6C646572 
 1359      00
 1360              	.LASF53:
 1361 000d 72656164 		.ascii	"ready_list_t\000"
ARM GAS  /tmp/ccfU2c51.s 			page 25


 1361      795F6C69 
 1361      73745F74 
 1361      00
 1362              	.LASF92:
 1363 001a 77747472 		.ascii	"wttrp\000"
 1363      7000
 1364              	.LASF89:
 1365 0020 7264796D 		.ascii	"rdymsg\000"
 1365      736700
 1366              	.LASF19:
 1367 0027 75696E74 		.ascii	"uint64_t\000"
 1367      36345F74 
 1367      00
 1368              	.LASF6:
 1369 0030 5F5F7569 		.ascii	"__uint8_t\000"
 1369      6E74385F 
 1369      7400
 1370              	.LASF86:
 1371 003a 706F7274 		.ascii	"port_intctx\000"
 1371      5F696E74 
 1371      63747800 
 1372              	.LASF72:
 1373 0046 73797374 		.ascii	"system_debug_t\000"
 1373      656D5F64 
 1373      65627567 
 1373      5F7400
 1374              	.LASF126:
 1375 0055 43686962 		.ascii	"ChibiOS_3.0.2/os/rt/src/chdebug.c\000"
 1375      694F535F 
 1375      332E302E 
 1375      322F6F73 
 1375      2F72742F 
 1376              	.LASF14:
 1377 0077 6C6F6E67 		.ascii	"long long unsigned int\000"
 1377      206C6F6E 
 1377      6720756E 
 1377      7369676E 
 1377      65642069 
 1378              	.LASF110:
 1379 008e 63685F74 		.ascii	"ch_threadsize\000"
 1379      68726561 
 1379      6473697A 
 1379      6500
 1380              	.LASF90:
 1381 009c 65786974 		.ascii	"exitcode\000"
 1381      636F6465 
 1381      00
 1382              	.LASF79:
 1383 00a5 6D61696E 		.ascii	"mainthread\000"
 1383      74687265 
 1383      616400
 1384              	.LASF69:
 1385 00b0 76697274 		.ascii	"virtual_timers_list_t\000"
 1385      75616C5F 
 1385      74696D65 
 1385      72735F6C 
 1385      6973745F 
ARM GAS  /tmp/ccfU2c51.s 			page 26


 1386              	.LASF81:
 1387 00c6 49544D5F 		.ascii	"ITM_RxBuffer\000"
 1387      52784275 
 1387      66666572 
 1387      00
 1388              	.LASF125:
 1389 00d3 474E5520 		.ascii	"GNU C11 7.3.1 20180622 (release) [ARM/embedded-7-br"
 1389      43313120 
 1389      372E332E 
 1389      31203230 
 1389      31383036 
 1390 0106 616E6368 		.ascii	"anch revision 261907] -mcpu=cortex-m4 -mfloat-abi=h"
 1390      20726576 
 1390      6973696F 
 1390      6E203236 
 1390      31393037 
 1391 0139 61726420 		.ascii	"ard -mfpu=fpv4-sp-d16 -mno-thumb-interwork -mthumb "
 1391      2D6D6670 
 1391      753D6670 
 1391      76342D73 
 1391      702D6431 
 1392 016c 2D676764 		.ascii	"-ggdb -O2 -fomit-frame-pointer -falign-functions=16"
 1392      62202D4F 
 1392      32202D66 
 1392      6F6D6974 
 1392      2D667261 
 1393 019f 202D6666 		.ascii	" -ffunction-sections -fdata-sections -fno-common -f"
 1393      756E6374 
 1393      696F6E2D 
 1393      73656374 
 1393      696F6E73 
 1394 01d2 73696E67 		.ascii	"single-precision-constant\000"
 1394      6C652D70 
 1394      72656369 
 1394      73696F6E 
 1394      2D636F6E 
 1395              	.LASF52:
 1396 01ec 63685F74 		.ascii	"ch_threads_queue\000"
 1396      68726561 
 1396      64735F71 
 1396      75657565 
 1396      00
 1397              	.LASF32:
 1398 01fd 705F7072 		.ascii	"p_prio\000"
 1398      696F00
 1399              	.LASF117:
 1400 0204 63665F6F 		.ascii	"cf_off_state\000"
 1400      66665F73 
 1400      74617465 
 1400      00
 1401              	.LASF1:
 1402 0211 6C6F6E67 		.ascii	"long long int\000"
 1402      206C6F6E 
 1402      6720696E 
 1402      7400
 1403              	.LASF3:
 1404 021f 7369676E 		.ascii	"signed char\000"
ARM GAS  /tmp/ccfU2c51.s 			page 27


 1404      65642063 
 1404      68617200 
 1405              	.LASF116:
 1406 022b 63665F6F 		.ascii	"cf_off_stklimit\000"
 1406      66665F73 
 1406      746B6C69 
 1406      6D697400 
 1407              	.LASF118:
 1408 023b 63665F6F 		.ascii	"cf_off_flags\000"
 1408      66665F66 
 1408      6C616773 
 1408      00
 1409              	.LASF46:
 1410 0248 705F6D70 		.ascii	"p_mpool\000"
 1410      6F6F6C00 
 1411              	.LASF100:
 1412 0250 6D5F7175 		.ascii	"m_queue\000"
 1412      65756500 
 1413              	.LASF78:
 1414 0258 76746C69 		.ascii	"vtlist\000"
 1414      737400
 1415              	.LASF127:
 1416 025f 2F686F6D 		.ascii	"/home/jhl/myprogram/vesc/bldc_uart_comm_stm32f4_dis"
 1416      652F6A68 
 1416      6C2F6D79 
 1416      70726F67 
 1416      72616D2F 
 1417 0292 636F7665 		.ascii	"covery\000"
 1417      727900
 1418              	.LASF10:
 1419 0299 6C6F6E67 		.ascii	"long int\000"
 1419      20696E74 
 1419      00
 1420              	.LASF22:
 1421 02a2 74737461 		.ascii	"tstate_t\000"
 1421      74655F74 
 1421      00
 1422              	.LASF122:
 1423 02ab 63686465 		.ascii	"chdebug_t\000"
 1423      6275675F 
 1423      7400
 1424              	.LASF34:
 1425 02b5 705F6E65 		.ascii	"p_newer\000"
 1425      77657200 
 1426              	.LASF97:
 1427 02bd 735F7175 		.ascii	"s_queue\000"
 1427      65756500 
 1428              	.LASF58:
 1429 02c5 725F6E65 		.ascii	"r_newer\000"
 1429      77657200 
 1430              	.LASF83:
 1431 02cd 72656761 		.ascii	"regarm_t\000"
 1431      726D5F74 
 1431      00
 1432              	.LASF65:
 1433 02d6 76745F70 		.ascii	"vt_prev\000"
 1433      72657600 
ARM GAS  /tmp/ccfU2c51.s 			page 28


 1434              	.LASF124:
 1435 02de 6D757465 		.ascii	"mutex_t\000"
 1435      785F7400 
 1436              	.LASF80:
 1437 02e6 69646C65 		.ascii	"idle_thread_wa\000"
 1437      5F746872 
 1437      6561645F 
 1437      776100
 1438              	.LASF27:
 1439 02f5 636E745F 		.ascii	"cnt_t\000"
 1439      7400
 1440              	.LASF0:
 1441 02fb 756E7369 		.ascii	"unsigned int\000"
 1441      676E6564 
 1441      20696E74 
 1441      00
 1442              	.LASF64:
 1443 0308 76745F6E 		.ascii	"vt_next\000"
 1443      65787400 
 1444              	.LASF16:
 1445 0310 75696E74 		.ascii	"uint16_t\000"
 1445      31365F74 
 1445      00
 1446              	.LASF82:
 1447 0319 53797374 		.ascii	"SystemCoreClock\000"
 1447      656D436F 
 1447      7265436C 
 1447      6F636B00 
 1448              	.LASF93:
 1449 0329 77747365 		.ascii	"wtsemp\000"
 1449      6D7000
 1450              	.LASF66:
 1451 0330 76745F64 		.ascii	"vt_delta\000"
 1451      656C7461 
 1451      00
 1452              	.LASF41:
 1453 0339 705F6D73 		.ascii	"p_msgqueue\000"
 1453      67717565 
 1453      756500
 1454              	.LASF123:
 1455 0344 63685F64 		.ascii	"ch_debug\000"
 1455      65627567 
 1455      00
 1456              	.LASF98:
 1457 034d 735F636E 		.ascii	"s_cnt\000"
 1457      7400
 1458              	.LASF8:
 1459 0353 73686F72 		.ascii	"short unsigned int\000"
 1459      7420756E 
 1459      7369676E 
 1459      65642069 
 1459      6E7400
 1460              	.LASF49:
 1461 0366 63685F74 		.ascii	"ch_thread\000"
 1461      68726561 
 1461      6400
 1462              	.LASF25:
ARM GAS  /tmp/ccfU2c51.s 			page 29


 1463 0370 6D73675F 		.ascii	"msg_t\000"
 1463      7400
 1464              	.LASF75:
 1465 0376 63685F73 		.ascii	"ch_system_t\000"
 1465      79737465 
 1465      6D5F7400 
 1466              	.LASF121:
 1467 0382 63665F6F 		.ascii	"cf_off_time\000"
 1467      66665F74 
 1467      696D6500 
 1468              	.LASF54:
 1469 038e 63685F72 		.ascii	"ch_ready_list\000"
 1469      65616479 
 1469      5F6C6973 
 1469      7400
 1470              	.LASF26:
 1471 039c 6576656E 		.ascii	"eventmask_t\000"
 1471      746D6173 
 1471      6B5F7400 
 1472              	.LASF9:
 1473 03a8 5F5F696E 		.ascii	"__int32_t\000"
 1473      7433325F 
 1473      7400
 1474              	.LASF84:
 1475 03b2 73746B61 		.ascii	"stkalign_t\000"
 1475      6C69676E 
 1475      5F7400
 1476              	.LASF105:
 1477 03bd 63685F7A 		.ascii	"ch_zero\000"
 1477      65726F00 
 1478              	.LASF119:
 1479 03c5 63665F6F 		.ascii	"cf_off_refs\000"
 1479      66665F72 
 1479      65667300 
 1480              	.LASF40:
 1481 03d1 705F7761 		.ascii	"p_waiting\000"
 1481      6974696E 
 1481      6700
 1482              	.LASF20:
 1483 03db 7274636E 		.ascii	"rtcnt_t\000"
 1483      745F7400 
 1484              	.LASF70:
 1485 03e3 63685F76 		.ascii	"ch_virtual_timers_list\000"
 1485      69727475 
 1485      616C5F74 
 1485      696D6572 
 1485      735F6C69 
 1486              	.LASF2:
 1487 03fa 6C6F6E67 		.ascii	"long double\000"
 1487      20646F75 
 1487      626C6500 
 1488              	.LASF109:
 1489 0406 63685F74 		.ascii	"ch_timesize\000"
 1489      696D6573 
 1489      697A6500 
 1490              	.LASF115:
 1491 0412 63665F6F 		.ascii	"cf_off_name\000"
ARM GAS  /tmp/ccfU2c51.s 			page 30


 1491      66665F6E 
 1491      616D6500 
 1492              	.LASF35:
 1493 041e 705F6F6C 		.ascii	"p_older\000"
 1493      64657200 
 1494              	.LASF57:
 1495 0426 725F6374 		.ascii	"r_ctx\000"
 1495      7800
 1496              	.LASF33:
 1497 042c 705F6374 		.ascii	"p_ctx\000"
 1497      7800
 1498              	.LASF88:
 1499 0432 746D5F63 		.ascii	"tm_calibration_t\000"
 1499      616C6962 
 1499      72617469 
 1499      6F6E5F74 
 1499      00
 1500              	.LASF60:
 1501 0443 725F6375 		.ascii	"r_current\000"
 1501      7272656E 
 1501      7400
 1502              	.LASF59:
 1503 044d 725F6F6C 		.ascii	"r_older\000"
 1503      64657200 
 1504              	.LASF13:
 1505 0455 5F5F7569 		.ascii	"__uint64_t\000"
 1505      6E743634 
 1505      5F7400
 1506              	.LASF23:
 1507 0460 74726566 		.ascii	"trefs_t\000"
 1507      735F7400 
 1508              	.LASF108:
 1509 0468 63685F70 		.ascii	"ch_ptrsize\000"
 1509      74727369 
 1509      7A6500
 1510              	.LASF62:
 1511 0473 76697274 		.ascii	"virtual_timer_t\000"
 1511      75616C5F 
 1511      74696D65 
 1511      725F7400 
 1512              	.LASF31:
 1513 0483 705F7072 		.ascii	"p_prev\000"
 1513      657600
 1514              	.LASF24:
 1515 048a 74707269 		.ascii	"tprio_t\000"
 1515      6F5F7400 
 1516              	.LASF73:
 1517 0492 63685F73 		.ascii	"ch_system_debug\000"
 1517      79737465 
 1517      6D5F6465 
 1517      62756700 
 1518              	.LASF17:
 1519 04a2 696E7433 		.ascii	"int32_t\000"
 1519      325F7400 
 1520              	.LASF4:
 1521 04aa 756E7369 		.ascii	"unsigned char\000"
 1521      676E6564 
ARM GAS  /tmp/ccfU2c51.s 			page 31


 1521      20636861 
 1521      7200
 1522              	.LASF44:
 1523 04b8 705F6D74 		.ascii	"p_mtxlist\000"
 1523      786C6973 
 1523      7400
 1524              	.LASF5:
 1525 04c2 73686F72 		.ascii	"short int\000"
 1525      7420696E 
 1525      7400
 1526              	.LASF37:
 1527 04cc 705F7374 		.ascii	"p_state\000"
 1527      61746500 
 1528              	.LASF56:
 1529 04d4 725F7072 		.ascii	"r_prio\000"
 1529      696F00
 1530              	.LASF95:
 1531 04db 65776D61 		.ascii	"ewmask\000"
 1531      736B00
 1532              	.LASF30:
 1533 04e2 705F6E65 		.ascii	"p_next\000"
 1533      787400
 1534              	.LASF21:
 1535 04e9 746D6F64 		.ascii	"tmode_t\000"
 1535      655F7400 
 1536              	.LASF120:
 1537 04f1 63665F6F 		.ascii	"cf_off_preempt\000"
 1537      66665F70 
 1537      7265656D 
 1537      707400
 1538              	.LASF38:
 1539 0500 705F666C 		.ascii	"p_flags\000"
 1539      61677300 
 1540              	.LASF76:
 1541 0508 63685F73 		.ascii	"ch_system\000"
 1541      79737465 
 1541      6D00
 1542              	.LASF51:
 1543 0512 74687265 		.ascii	"threads_queue_t\000"
 1543      6164735F 
 1543      71756575 
 1543      655F7400 
 1544              	.LASF63:
 1545 0522 63685F76 		.ascii	"ch_virtual_timer\000"
 1545      69727475 
 1545      616C5F74 
 1545      696D6572 
 1545      00
 1546              	.LASF113:
 1547 0533 63665F6F 		.ascii	"cf_off_newer\000"
 1547      66665F6E 
 1547      65776572 
 1547      00
 1548              	.LASF96:
 1549 0540 63685F73 		.ascii	"ch_semaphore\000"
 1549      656D6170 
 1549      686F7265 
ARM GAS  /tmp/ccfU2c51.s 			page 32


 1549      00
 1550              	.LASF43:
 1551 054d 705F6570 		.ascii	"p_epending\000"
 1551      656E6469 
 1551      6E6700
 1552              	.LASF18:
 1553 0558 75696E74 		.ascii	"uint32_t\000"
 1553      33325F74 
 1553      00
 1554              	.LASF111:
 1555 0561 63665F6F 		.ascii	"cf_off_prio\000"
 1555      66665F70 
 1555      72696F00 
 1556              	.LASF55:
 1557 056d 725F7175 		.ascii	"r_queue\000"
 1557      65756500 
 1558              	.LASF50:
 1559 0575 63685F74 		.ascii	"ch_threads_list\000"
 1559      68726561 
 1559      64735F6C 
 1559      69737400 
 1560              	.LASF106:
 1561 0585 63685F73 		.ascii	"ch_size\000"
 1561      697A6500 
 1562              	.LASF12:
 1563 058d 6C6F6E67 		.ascii	"long unsigned int\000"
 1563      20756E73 
 1563      69676E65 
 1563      6420696E 
 1563      7400
 1564              	.LASF103:
 1565 059f 63686172 		.ascii	"char\000"
 1565      00
 1566              	.LASF94:
 1567 05a4 77746D74 		.ascii	"wtmtxp\000"
 1567      787000
 1568              	.LASF7:
 1569 05ab 5F5F7569 		.ascii	"__uint16_t\000"
 1569      6E743136 
 1569      5F7400
 1570              	.LASF29:
 1571 05b6 74687265 		.ascii	"thread_t\000"
 1571      61645F74 
 1571      00
 1572              	.LASF102:
 1573 05bf 6D5F6E65 		.ascii	"m_next\000"
 1573      787400
 1574              	.LASF28:
 1575 05c6 73797374 		.ascii	"systime_t\000"
 1575      696D655F 
 1575      7400
 1576              	.LASF45:
 1577 05d0 705F7265 		.ascii	"p_realprio\000"
 1577      616C7072 
 1577      696F00
 1578              	.LASF61:
 1579 05db 76746675 		.ascii	"vtfunc_t\000"
ARM GAS  /tmp/ccfU2c51.s 			page 33


 1579      6E635F74 
 1579      00
 1580              	.LASF11:
 1581 05e4 5F5F7569 		.ascii	"__uint32_t\000"
 1581      6E743332 
 1581      5F7400
 1582              	.LASF74:
 1583 05ef 70616E69 		.ascii	"panic_msg\000"
 1583      635F6D73 
 1583      6700
 1584              	.LASF87:
 1585 05f9 6F666673 		.ascii	"offset\000"
 1585      657400
 1586              	.LASF85:
 1587 0600 636F6E74 		.ascii	"context\000"
 1587      65787400 
 1588              	.LASF42:
 1589 0608 705F6D73 		.ascii	"p_msg\000"
 1589      6700
 1590              	.LASF68:
 1591 060e 76745F70 		.ascii	"vt_par\000"
 1591      617200
 1592              	.LASF112:
 1593 0615 63665F6F 		.ascii	"cf_off_ctx\000"
 1593      66665F63 
 1593      747800
 1594              	.LASF99:
 1595 0620 63685F6D 		.ascii	"ch_mutex\000"
 1595      75746578 
 1595      00
 1596              	.LASF39:
 1597 0629 705F7265 		.ascii	"p_refs\000"
 1597      667300
 1598              	.LASF77:
 1599 0630 726C6973 		.ascii	"rlist\000"
 1599      7400
 1600              	.LASF15:
 1601 0636 75696E74 		.ascii	"uint8_t\000"
 1601      385F7400 
 1602              	.LASF71:
 1603 063e 76745F6C 		.ascii	"vt_lasttime\000"
 1603      61737474 
 1603      696D6500 
 1604              	.LASF47:
 1605 064a 74687265 		.ascii	"thread_reference_t\000"
 1605      61645F72 
 1605      65666572 
 1605      656E6365 
 1605      5F7400
 1606              	.LASF91:
 1607 065d 77746F62 		.ascii	"wtobjp\000"
 1607      6A7000
 1608              	.LASF36:
 1609 0664 705F6E61 		.ascii	"p_name\000"
 1609      6D6500
 1610              	.LASF48:
 1611 066b 74687265 		.ascii	"threads_list_t\000"
ARM GAS  /tmp/ccfU2c51.s 			page 34


 1611      6164735F 
 1611      6C697374 
 1611      5F7400
 1612              	.LASF107:
 1613 067a 63685F76 		.ascii	"ch_version\000"
 1613      65727369 
 1613      6F6E00
 1614              	.LASF101:
 1615 0685 6D5F6F77 		.ascii	"m_owner\000"
 1615      6E657200 
 1616              	.LASF104:
 1617 068d 63685F69 		.ascii	"ch_identifier\000"
 1617      64656E74 
 1617      69666965 
 1617      7200
 1618              	.LASF67:
 1619 069b 76745F66 		.ascii	"vt_func\000"
 1619      756E6300 
 1620              		.ident	"GCC: (GNU Tools for Arm Embedded Processors 7-2018-q3-update) 7.3.1 20180622 (release) [AR
ARM GAS  /tmp/ccfU2c51.s 			page 35


DEFINED SYMBOLS
                            *ABS*:0000000000000000 chdebug.c

NO UNDEFINED SYMBOLS
