ARM GAS  /tmp/ccWjipPY.s 			page 1


   1              		.cpu cortex-m4
   2              		.eabi_attribute 27, 1
   3              		.eabi_attribute 28, 1
   4              		.eabi_attribute 20, 1
   5              		.eabi_attribute 21, 1
   6              		.eabi_attribute 23, 3
   7              		.eabi_attribute 24, 1
   8              		.eabi_attribute 25, 1
   9              		.eabi_attribute 26, 1
  10              		.eabi_attribute 30, 2
  11              		.eabi_attribute 34, 1
  12              		.eabi_attribute 18, 4
  13              		.file	"chmemcore.c"
  14              		.text
  15              	.Ltext0:
  16              		.cfi_sections	.debug_frame
  17              		.section	.text._core_init,"ax",%progbits
  18              		.align	1
  19              		.p2align 4,,15
  20              		.global	_core_init
  21              		.syntax unified
  22              		.thumb
  23              		.thumb_func
  24              		.fpu fpv4-sp-d16
  25              		.type	_core_init, %function
  26              	_core_init:
  27              	.LFB229:
  28              		.file 1 "ChibiOS_3.0.2/os/rt/src/chmemcore.c"
  29              		.loc 1 78 0
  30              		.cfi_startproc
  31              		@ args = 0, pretend = 0, frame = 0
  32              		@ frame_needed = 0, uses_anonymous_args = 0
  33              		@ link register save eliminated.
  34              		.loc 1 84 0
  35 0000 054A     		ldr	r2, .L3
  36              		.loc 1 85 0
  37 0002 064B     		ldr	r3, .L3+4
  38              		.loc 1 84 0
  39 0004 0648     		ldr	r0, .L3+8
  40              		.loc 1 85 0
  41 0006 0749     		ldr	r1, .L3+12
  42              		.loc 1 84 0
  43 0008 22F00702 		bic	r2, r2, #7
  44              		.loc 1 85 0
  45 000c 23F00703 		bic	r3, r3, #7
  46              		.loc 1 84 0
  47 0010 0260     		str	r2, [r0]
  48              		.loc 1 85 0
  49 0012 0B60     		str	r3, [r1]
  50              		.loc 1 95 0
  51 0014 7047     		bx	lr
  52              	.L4:
  53 0016 00BF     		.align	2
  54              	.L3:
  55 0018 07000000 		.word	__heap_base__+7
  56 001c 00000000 		.word	__heap_end__
  57 0020 00000000 		.word	.LANCHOR0
ARM GAS  /tmp/ccWjipPY.s 			page 2


  58 0024 00000000 		.word	.LANCHOR1
  59              		.cfi_endproc
  60              	.LFE229:
  61              		.size	_core_init, .-_core_init
  62              		.section	.text.chCoreAlloc,"ax",%progbits
  63              		.align	1
  64              		.p2align 4,,15
  65              		.global	chCoreAlloc
  66              		.syntax unified
  67              		.thumb
  68              		.thumb_func
  69              		.fpu fpv4-sp-d16
  70              		.type	chCoreAlloc, %function
  71              	chCoreAlloc:
  72              	.LFB230:
  73              		.loc 1 109 0
  74              		.cfi_startproc
  75              		@ args = 0, pretend = 0, frame = 0
  76              		@ frame_needed = 0, uses_anonymous_args = 0
  77              		@ link register save eliminated.
  78              	.LVL0:
  79              		.loc 1 109 0
  80 0000 0346     		mov	r3, r0
  81              	.LBB26:
  82              	.LBB27:
  83              	.LBB28:
  84              	.LBB29:
  85              		.file 2 "ChibiOS_3.0.2/os/ext/CMSIS/include/core_cmFunc.h"
  86              		.loc 2 546 0
  87 0002 2022     		movs	r2, #32
  88              		.syntax unified
  89              	@ 546 "ChibiOS_3.0.2/os/ext/CMSIS/include/core_cmFunc.h" 1
  90 0004 82F31188 		MSR basepri, r2
  91              	@ 0 "" 2
  92              	.LVL1:
  93              		.thumb
  94              		.syntax unified
  95              	.LBE29:
  96              	.LBE28:
  97              	.LBE27:
  98              	.LBE26:
  99              	.LBB30:
 100              	.LBB31:
 101              		.loc 1 138 0
 102 0008 0849     		ldr	r1, .L8
 103 000a 094A     		ldr	r2, .L8+4
 104 000c 0868     		ldr	r0, [r1]
 105              	.LVL2:
 106 000e 1268     		ldr	r2, [r2]
 107              		.loc 1 136 0
 108 0010 0733     		adds	r3, r3, #7
 109              	.LVL3:
 110 0012 23F00703 		bic	r3, r3, #7
 111              	.LVL4:
 112              		.loc 1 138 0
 113 0016 121A     		subs	r2, r2, r0
 114 0018 9342     		cmp	r3, r2
ARM GAS  /tmp/ccWjipPY.s 			page 3


 115              	.LVL5:
 116              		.loc 1 143 0
 117 001a 9ABF     		itte	ls
 118 001c 1B18     		addls	r3, r3, r0
 119              	.LVL6:
 120 001e 0B60     		strls	r3, [r1]
 121              		.loc 1 140 0
 122 0020 0020     		movhi	r0, #0
 123              	.LVL7:
 124              	.LBE31:
 125              	.LBE30:
 126              	.LBB32:
 127              	.LBB33:
 128              	.LBB34:
 129              	.LBB35:
 130              	.LBB36:
 131              		.loc 2 546 0
 132 0022 0023     		movs	r3, #0
 133              		.syntax unified
 134              	@ 546 "ChibiOS_3.0.2/os/ext/CMSIS/include/core_cmFunc.h" 1
 135 0024 83F31188 		MSR basepri, r3
 136              	@ 0 "" 2
 137              	.LVL8:
 138              		.thumb
 139              		.syntax unified
 140              	.LBE36:
 141              	.LBE35:
 142              	.LBE34:
 143              	.LBE33:
 144              	.LBE32:
 145              		.loc 1 117 0
 146 0028 7047     		bx	lr
 147              	.L9:
 148 002a 00BF     		.align	2
 149              	.L8:
 150 002c 00000000 		.word	.LANCHOR0
 151 0030 00000000 		.word	.LANCHOR1
 152              		.cfi_endproc
 153              	.LFE230:
 154              		.size	chCoreAlloc, .-chCoreAlloc
 155              		.section	.text.chCoreAllocI,"ax",%progbits
 156              		.align	1
 157              		.p2align 4,,15
 158              		.global	chCoreAllocI
 159              		.syntax unified
 160              		.thumb
 161              		.thumb_func
 162              		.fpu fpv4-sp-d16
 163              		.type	chCoreAllocI, %function
 164              	chCoreAllocI:
 165              	.LFB231:
 166              		.loc 1 131 0
 167              		.cfi_startproc
 168              		@ args = 0, pretend = 0, frame = 0
 169              		@ frame_needed = 0, uses_anonymous_args = 0
 170              		@ link register save eliminated.
 171              	.LVL9:
ARM GAS  /tmp/ccWjipPY.s 			page 4


 172              		.loc 1 138 0
 173 0000 0749     		ldr	r1, .L13
 174 0002 084A     		ldr	r2, .L13+4
 175 0004 0B68     		ldr	r3, [r1]
 176 0006 1268     		ldr	r2, [r2]
 177              		.loc 1 136 0
 178 0008 0730     		adds	r0, r0, #7
 179              	.LVL10:
 180 000a 20F00700 		bic	r0, r0, #7
 181              	.LVL11:
 182              		.loc 1 138 0
 183 000e D21A     		subs	r2, r2, r3
 184 0010 8242     		cmp	r2, r0
 185              	.LVL12:
 186              		.loc 1 143 0
 187 0012 2ABF     		itet	cs
 188 0014 C018     		addcs	r0, r0, r3
 189              	.LVL13:
 190              		.loc 1 140 0
 191 0016 0023     		movcc	r3, #0
 192              	.LVL14:
 193              		.loc 1 143 0
 194 0018 0860     		strcs	r0, [r1]
 195              	.LVL15:
 196              		.loc 1 146 0
 197 001a 1846     		mov	r0, r3
 198 001c 7047     		bx	lr
 199              	.L14:
 200 001e 00BF     		.align	2
 201              	.L13:
 202 0020 00000000 		.word	.LANCHOR0
 203 0024 00000000 		.word	.LANCHOR1
 204              		.cfi_endproc
 205              	.LFE231:
 206              		.size	chCoreAllocI, .-chCoreAllocI
 207              		.section	.text.chCoreGetStatusX,"ax",%progbits
 208              		.align	1
 209              		.p2align 4,,15
 210              		.global	chCoreGetStatusX
 211              		.syntax unified
 212              		.thumb
 213              		.thumb_func
 214              		.fpu fpv4-sp-d16
 215              		.type	chCoreGetStatusX, %function
 216              	chCoreGetStatusX:
 217              	.LFB232:
 218              		.loc 1 155 0
 219              		.cfi_startproc
 220              		@ args = 0, pretend = 0, frame = 0
 221              		@ frame_needed = 0, uses_anonymous_args = 0
 222              		@ link register save eliminated.
 223              		.loc 1 158 0
 224 0000 024A     		ldr	r2, .L16
 225 0002 034B     		ldr	r3, .L16+4
 226 0004 1068     		ldr	r0, [r2]
 227 0006 1B68     		ldr	r3, [r3]
 228              		.loc 1 160 0
ARM GAS  /tmp/ccWjipPY.s 			page 5


 229 0008 C01A     		subs	r0, r0, r3
 230 000a 7047     		bx	lr
 231              	.L17:
 232              		.align	2
 233              	.L16:
 234 000c 00000000 		.word	.LANCHOR1
 235 0010 00000000 		.word	.LANCHOR0
 236              		.cfi_endproc
 237              	.LFE232:
 238              		.size	chCoreGetStatusX, .-chCoreGetStatusX
 239              		.section	.bss.endmem,"aw",%nobits
 240              		.align	2
 241              		.set	.LANCHOR1,. + 0
 242              		.type	endmem, %object
 243              		.size	endmem, 4
 244              	endmem:
 245 0000 00000000 		.space	4
 246              		.section	.bss.nextmem,"aw",%nobits
 247              		.align	2
 248              		.set	.LANCHOR0,. + 0
 249              		.type	nextmem, %object
 250              		.size	nextmem, 4
 251              	nextmem:
 252 0000 00000000 		.space	4
 253              		.text
 254              	.Letext0:
 255              		.file 3 "/usr/lib/gcc/arm-none-eabi/7.3.1/include/stddef.h"
 256              		.file 4 "/usr/arm-none-eabi/include/machine/_default_types.h"
 257              		.file 5 "/usr/arm-none-eabi/include/sys/_stdint.h"
 258              		.file 6 "ChibiOS_3.0.2/os/rt/ports/ARMCMx/compilers/GCC/chtypes.h"
 259              		.file 7 "ChibiOS_3.0.2/os/rt/include/chsystypes.h"
 260              		.file 8 "ChibiOS_3.0.2/os/rt/include/chschd.h"
 261              		.file 9 "ChibiOS_3.0.2/os/ext/CMSIS/include/core_cm4.h"
 262              		.file 10 "ChibiOS_3.0.2/os/ext/CMSIS/ST/system_stm32f4xx.h"
 263              		.file 11 "ChibiOS_3.0.2/os/rt/ports/ARMCMx/chcore.h"
 264              		.file 12 "ChibiOS_3.0.2/os/rt/ports/ARMCMx/chcore_v7m.h"
 265              		.file 13 "ChibiOS_3.0.2/os/rt/include/chtm.h"
 266              		.file 14 "ChibiOS_3.0.2/os/rt/include/chsem.h"
 267              		.file 15 "ChibiOS_3.0.2/os/rt/include/chmtx.h"
 268              		.file 16 "ChibiOS_3.0.2/os/rt/include/chregistry.h"
 269              		.file 17 "ChibiOS_3.0.2/os/rt/include/chsys.h"
 270              		.section	.debug_info,"",%progbits
 271              	.Ldebug_info0:
 272 0000 330A0000 		.4byte	0xa33
 273 0004 0400     		.2byte	0x4
 274 0006 00000000 		.4byte	.Ldebug_abbrev0
 275 000a 04       		.byte	0x4
 276 000b 01       		.uleb128 0x1
 277 000c E6000000 		.4byte	.LASF138
 278 0010 0C       		.byte	0xc
 279 0011 37000000 		.4byte	.LASF139
 280 0015 95020000 		.4byte	.LASF140
 281 0019 00000000 		.4byte	.Ldebug_ranges0+0
 282 001d 00000000 		.4byte	0
 283 0021 00000000 		.4byte	.Ldebug_line0
 284 0025 02       		.uleb128 0x2
 285 0026 04       		.byte	0x4
ARM GAS  /tmp/ccWjipPY.s 			page 6


 286 0027 05       		.byte	0x5
 287 0028 696E7400 		.ascii	"int\000"
 288 002c 03       		.uleb128 0x3
 289 002d 14000000 		.4byte	.LASF4
 290 0031 03       		.byte	0x3
 291 0032 D8       		.byte	0xd8
 292 0033 37000000 		.4byte	0x37
 293 0037 04       		.uleb128 0x4
 294 0038 04       		.byte	0x4
 295 0039 07       		.byte	0x7
 296 003a 44030000 		.4byte	.LASF0
 297 003e 04       		.uleb128 0x4
 298 003f 08       		.byte	0x8
 299 0040 05       		.byte	0x5
 300 0041 24020000 		.4byte	.LASF1
 301 0045 04       		.uleb128 0x4
 302 0046 08       		.byte	0x8
 303 0047 04       		.byte	0x4
 304 0048 50040000 		.4byte	.LASF2
 305 004c 04       		.uleb128 0x4
 306 004d 01       		.byte	0x1
 307 004e 06       		.byte	0x6
 308 004f 32020000 		.4byte	.LASF3
 309 0053 03       		.uleb128 0x3
 310 0054 5B000000 		.4byte	.LASF5
 311 0058 04       		.byte	0x4
 312 0059 2B       		.byte	0x2b
 313 005a 5E000000 		.4byte	0x5e
 314 005e 04       		.uleb128 0x4
 315 005f 01       		.byte	0x1
 316 0060 08       		.byte	0x8
 317 0061 00050000 		.4byte	.LASF6
 318 0065 04       		.uleb128 0x4
 319 0066 02       		.byte	0x2
 320 0067 05       		.byte	0x5
 321 0068 23050000 		.4byte	.LASF7
 322 006c 03       		.uleb128 0x3
 323 006d 2C060000 		.4byte	.LASF8
 324 0071 04       		.byte	0x4
 325 0072 39       		.byte	0x39
 326 0073 77000000 		.4byte	0x77
 327 0077 04       		.uleb128 0x4
 328 0078 02       		.byte	0x2
 329 0079 07       		.byte	0x7
 330 007a A9030000 		.4byte	.LASF9
 331 007e 03       		.uleb128 0x3
 332 007f FE030000 		.4byte	.LASF10
 333 0083 04       		.byte	0x4
 334 0084 4D       		.byte	0x4d
 335 0085 89000000 		.4byte	0x89
 336 0089 04       		.uleb128 0x4
 337 008a 04       		.byte	0x4
 338 008b 05       		.byte	0x5
 339 008c CF020000 		.4byte	.LASF11
 340 0090 03       		.uleb128 0x3
 341 0091 6D060000 		.4byte	.LASF12
 342 0095 04       		.byte	0x4
ARM GAS  /tmp/ccWjipPY.s 			page 7


 343 0096 4F       		.byte	0x4f
 344 0097 9B000000 		.4byte	0x9b
 345 009b 04       		.uleb128 0x4
 346 009c 04       		.byte	0x4
 347 009d 07       		.byte	0x7
 348 009e 0E060000 		.4byte	.LASF13
 349 00a2 03       		.uleb128 0x3
 350 00a3 AB040000 		.4byte	.LASF14
 351 00a7 04       		.byte	0x4
 352 00a8 69       		.byte	0x69
 353 00a9 AD000000 		.4byte	0xad
 354 00ad 04       		.uleb128 0x4
 355 00ae 08       		.byte	0x8
 356 00af 07       		.byte	0x7
 357 00b0 8A000000 		.4byte	.LASF15
 358 00b4 03       		.uleb128 0x3
 359 00b5 DB060000 		.4byte	.LASF16
 360 00b9 05       		.byte	0x5
 361 00ba 18       		.byte	0x18
 362 00bb 53000000 		.4byte	0x53
 363 00bf 03       		.uleb128 0x3
 364 00c0 59030000 		.4byte	.LASF17
 365 00c4 05       		.byte	0x5
 366 00c5 24       		.byte	0x24
 367 00c6 6C000000 		.4byte	0x6c
 368 00ca 03       		.uleb128 0x3
 369 00cb F8040000 		.4byte	.LASF18
 370 00cf 05       		.byte	0x5
 371 00d0 2C       		.byte	0x2c
 372 00d1 7E000000 		.4byte	0x7e
 373 00d5 05       		.uleb128 0x5
 374 00d6 CA000000 		.4byte	0xca
 375 00da 03       		.uleb128 0x3
 376 00db D9050000 		.4byte	.LASF19
 377 00df 05       		.byte	0x5
 378 00e0 30       		.byte	0x30
 379 00e1 90000000 		.4byte	0x90
 380 00e5 03       		.uleb128 0x3
 381 00e6 22000000 		.4byte	.LASF20
 382 00ea 05       		.byte	0x5
 383 00eb 3C       		.byte	0x3c
 384 00ec A2000000 		.4byte	0xa2
 385 00f0 03       		.uleb128 0x3
 386 00f1 31040000 		.4byte	.LASF21
 387 00f5 06       		.byte	0x6
 388 00f6 45       		.byte	0x45
 389 00f7 DA000000 		.4byte	0xda
 390 00fb 03       		.uleb128 0x3
 391 00fc 57050000 		.4byte	.LASF22
 392 0100 06       		.byte	0x6
 393 0101 48       		.byte	0x48
 394 0102 B4000000 		.4byte	0xb4
 395 0106 03       		.uleb128 0x3
 396 0107 D8020000 		.4byte	.LASF23
 397 010b 06       		.byte	0x6
 398 010c 49       		.byte	0x49
 399 010d B4000000 		.4byte	0xb4
ARM GAS  /tmp/ccWjipPY.s 			page 8


 400 0111 03       		.uleb128 0x3
 401 0112 B6040000 		.4byte	.LASF24
 402 0116 06       		.byte	0x6
 403 0117 4A       		.byte	0x4a
 404 0118 B4000000 		.4byte	0xb4
 405 011c 03       		.uleb128 0x3
 406 011d E0040000 		.4byte	.LASF25
 407 0121 06       		.byte	0x6
 408 0122 4C       		.byte	0x4c
 409 0123 DA000000 		.4byte	0xda
 410 0127 03       		.uleb128 0x3
 411 0128 C6030000 		.4byte	.LASF26
 412 012c 06       		.byte	0x6
 413 012d 4D       		.byte	0x4d
 414 012e CA000000 		.4byte	0xca
 415 0132 03       		.uleb128 0x3
 416 0133 F2030000 		.4byte	.LASF27
 417 0137 06       		.byte	0x6
 418 0138 4F       		.byte	0x4f
 419 0139 DA000000 		.4byte	0xda
 420 013d 03       		.uleb128 0x3
 421 013e 3E030000 		.4byte	.LASF28
 422 0142 06       		.byte	0x6
 423 0143 51       		.byte	0x51
 424 0144 CA000000 		.4byte	0xca
 425 0148 03       		.uleb128 0x3
 426 0149 4F060000 		.4byte	.LASF29
 427 014d 07       		.byte	0x7
 428 014e 33       		.byte	0x33
 429 014f DA000000 		.4byte	0xda
 430 0153 03       		.uleb128 0x3
 431 0154 37060000 		.4byte	.LASF30
 432 0158 07       		.byte	0x7
 433 0159 3F       		.byte	0x3f
 434 015a 5E010000 		.4byte	0x15e
 435 015e 06       		.uleb128 0x6
 436 015f BC030000 		.4byte	.LASF50
 437 0163 44       		.byte	0x44
 438 0164 08       		.byte	0x8
 439 0165 C2       		.byte	0xc2
 440 0166 4B020000 		.4byte	0x24b
 441 016a 07       		.uleb128 0x7
 442 016b 50050000 		.4byte	.LASF31
 443 016f 08       		.byte	0x8
 444 0170 C3       		.byte	0xc3
 445 0171 56020000 		.4byte	0x256
 446 0175 00       		.byte	0
 447 0176 07       		.uleb128 0x7
 448 0177 D9040000 		.4byte	.LASF32
 449 017b 08       		.byte	0x8
 450 017c C5       		.byte	0xc5
 451 017d 56020000 		.4byte	0x256
 452 0181 04       		.byte	0x4
 453 0182 07       		.uleb128 0x7
 454 0183 10020000 		.4byte	.LASF33
 455 0187 08       		.byte	0x8
 456 0188 C7       		.byte	0xc7
ARM GAS  /tmp/ccWjipPY.s 			page 9


 457 0189 1C010000 		.4byte	0x11c
 458 018d 08       		.byte	0x8
 459 018e 07       		.uleb128 0x7
 460 018f 82040000 		.4byte	.LASF34
 461 0193 08       		.byte	0x8
 462 0194 C8       		.byte	0xc8
 463 0195 96040000 		.4byte	0x496
 464 0199 0C       		.byte	0xc
 465 019a 07       		.uleb128 0x7
 466 019b EB020000 		.4byte	.LASF35
 467 019f 08       		.byte	0x8
 468 01a0 CA       		.byte	0xca
 469 01a1 56020000 		.4byte	0x256
 470 01a5 10       		.byte	0x10
 471 01a6 07       		.uleb128 0x7
 472 01a7 74040000 		.4byte	.LASF36
 473 01ab 08       		.byte	0x8
 474 01ac CB       		.byte	0xcb
 475 01ad 56020000 		.4byte	0x256
 476 01b1 14       		.byte	0x14
 477 01b2 07       		.uleb128 0x7
 478 01b3 09070000 		.4byte	.LASF37
 479 01b7 08       		.byte	0x8
 480 01b8 D2       		.byte	0xd2
 481 01b9 DB060000 		.4byte	0x6db
 482 01bd 18       		.byte	0x18
 483 01be 07       		.uleb128 0x7
 484 01bf 2D050000 		.4byte	.LASF38
 485 01c3 08       		.byte	0x8
 486 01c4 DD       		.byte	0xdd
 487 01c5 06010000 		.4byte	0x106
 488 01c9 1C       		.byte	0x1c
 489 01ca 07       		.uleb128 0x7
 490 01cb 6E050000 		.4byte	.LASF39
 491 01cf 08       		.byte	0x8
 492 01d0 E1       		.byte	0xe1
 493 01d1 FB000000 		.4byte	0xfb
 494 01d5 1D       		.byte	0x1d
 495 01d6 07       		.uleb128 0x7
 496 01d7 CE060000 		.4byte	.LASF40
 497 01db 08       		.byte	0x8
 498 01dc E6       		.byte	0xe6
 499 01dd 11010000 		.4byte	0x111
 500 01e1 1E       		.byte	0x1e
 501 01e2 08       		.uleb128 0x8
 502 01e3 705F7500 		.ascii	"p_u\000"
 503 01e7 08       		.byte	0x8
 504 01e8 3101     		.2byte	0x131
 505 01ea 16060000 		.4byte	0x616
 506 01ee 20       		.byte	0x20
 507 01ef 09       		.uleb128 0x9
 508 01f0 27040000 		.4byte	.LASF41
 509 01f4 08       		.byte	0x8
 510 01f5 3601     		.2byte	0x136
 511 01f7 5C020000 		.4byte	0x25c
 512 01fb 24       		.byte	0x24
 513 01fc 09       		.uleb128 0x9
ARM GAS  /tmp/ccWjipPY.s 			page 10


 514 01fd 8F030000 		.4byte	.LASF42
 515 0201 08       		.byte	0x8
 516 0202 3C01     		.2byte	0x13c
 517 0204 80020000 		.4byte	0x280
 518 0208 28       		.byte	0x28
 519 0209 09       		.uleb128 0x9
 520 020a 9F060000 		.4byte	.LASF43
 521 020e 08       		.byte	0x8
 522 020f 4001     		.2byte	0x140
 523 0211 27010000 		.4byte	0x127
 524 0215 30       		.byte	0x30
 525 0216 09       		.uleb128 0x9
 526 0217 CE050000 		.4byte	.LASF44
 527 021b 08       		.byte	0x8
 528 021c 4601     		.2byte	0x146
 529 021e 32010000 		.4byte	0x132
 530 0222 34       		.byte	0x34
 531 0223 09       		.uleb128 0x9
 532 0224 19050000 		.4byte	.LASF45
 533 0228 08       		.byte	0x8
 534 0229 4D01     		.2byte	0x14d
 535 022b D5060000 		.4byte	0x6d5
 536 022f 38       		.byte	0x38
 537 0230 09       		.uleb128 0x9
 538 0231 59060000 		.4byte	.LASF46
 539 0235 08       		.byte	0x8
 540 0236 5101     		.2byte	0x151
 541 0238 1C010000 		.4byte	0x11c
 542 023c 3C       		.byte	0x3c
 543 023d 09       		.uleb128 0x9
 544 023e 5B020000 		.4byte	.LASF47
 545 0242 08       		.byte	0x8
 546 0243 5801     		.2byte	0x158
 547 0245 33030000 		.4byte	0x333
 548 0249 40       		.byte	0x40
 549 024a 00       		.byte	0
 550 024b 03       		.uleb128 0x3
 551 024c EF060000 		.4byte	.LASF48
 552 0250 07       		.byte	0x7
 553 0251 44       		.byte	0x44
 554 0252 56020000 		.4byte	0x256
 555 0256 0A       		.uleb128 0xa
 556 0257 04       		.byte	0x4
 557 0258 53010000 		.4byte	0x153
 558 025c 03       		.uleb128 0x3
 559 025d 15070000 		.4byte	.LASF49
 560 0261 07       		.byte	0x7
 561 0262 49       		.byte	0x49
 562 0263 67020000 		.4byte	0x267
 563 0267 06       		.uleb128 0x6
 564 0268 F6050000 		.4byte	.LASF51
 565 026c 04       		.byte	0x4
 566 026d 08       		.byte	0x8
 567 026e B0       		.byte	0xb0
 568 026f 80020000 		.4byte	0x280
 569 0273 07       		.uleb128 0x7
 570 0274 50050000 		.4byte	.LASF31
ARM GAS  /tmp/ccWjipPY.s 			page 11


 571 0278 08       		.byte	0x8
 572 0279 B1       		.byte	0xb1
 573 027a 56020000 		.4byte	0x256
 574 027e 00       		.byte	0
 575 027f 00       		.byte	0
 576 0280 03       		.uleb128 0x3
 577 0281 93050000 		.4byte	.LASF52
 578 0285 07       		.byte	0x7
 579 0286 50       		.byte	0x50
 580 0287 8B020000 		.4byte	0x28b
 581 028b 06       		.uleb128 0x6
 582 028c FF010000 		.4byte	.LASF53
 583 0290 08       		.byte	0x8
 584 0291 08       		.byte	0x8
 585 0292 B7       		.byte	0xb7
 586 0293 B0020000 		.4byte	0x2b0
 587 0297 07       		.uleb128 0x7
 588 0298 50050000 		.4byte	.LASF31
 589 029c 08       		.byte	0x8
 590 029d B8       		.byte	0xb8
 591 029e 56020000 		.4byte	0x256
 592 02a2 00       		.byte	0
 593 02a3 07       		.uleb128 0x7
 594 02a4 D9040000 		.4byte	.LASF32
 595 02a8 08       		.byte	0x8
 596 02a9 B9       		.byte	0xb9
 597 02aa 56020000 		.4byte	0x256
 598 02ae 04       		.byte	0x4
 599 02af 00       		.byte	0
 600 02b0 03       		.uleb128 0x3
 601 02b1 07000000 		.4byte	.LASF54
 602 02b5 07       		.byte	0x7
 603 02b6 57       		.byte	0x57
 604 02b7 BB020000 		.4byte	0x2bb
 605 02bb 0B       		.uleb128 0xb
 606 02bc E4030000 		.4byte	.LASF55
 607 02c0 1C       		.byte	0x1c
 608 02c1 08       		.byte	0x8
 609 02c2 9001     		.2byte	0x190
 610 02c4 17030000 		.4byte	0x317
 611 02c8 09       		.uleb128 0x9
 612 02c9 EE050000 		.4byte	.LASF56
 613 02cd 08       		.byte	0x8
 614 02ce 9101     		.2byte	0x191
 615 02d0 80020000 		.4byte	0x280
 616 02d4 00       		.byte	0
 617 02d5 09       		.uleb128 0x9
 618 02d6 42050000 		.4byte	.LASF57
 619 02da 08       		.byte	0x8
 620 02db 9201     		.2byte	0x192
 621 02dd 1C010000 		.4byte	0x11c
 622 02e1 08       		.byte	0x8
 623 02e2 09       		.uleb128 0x9
 624 02e3 7C040000 		.4byte	.LASF58
 625 02e7 08       		.byte	0x8
 626 02e8 9401     		.2byte	0x194
 627 02ea 96040000 		.4byte	0x496
ARM GAS  /tmp/ccWjipPY.s 			page 12


 628 02ee 0C       		.byte	0xc
 629 02ef 09       		.uleb128 0x9
 630 02f0 08030000 		.4byte	.LASF59
 631 02f4 08       		.byte	0x8
 632 02f5 9701     		.2byte	0x197
 633 02f7 56020000 		.4byte	0x256
 634 02fb 10       		.byte	0x10
 635 02fc 09       		.uleb128 0x9
 636 02fd A3040000 		.4byte	.LASF60
 637 0301 08       		.byte	0x8
 638 0302 9801     		.2byte	0x198
 639 0304 56020000 		.4byte	0x256
 640 0308 14       		.byte	0x14
 641 0309 09       		.uleb128 0x9
 642 030a 99040000 		.4byte	.LASF61
 643 030e 08       		.byte	0x8
 644 030f 9B01     		.2byte	0x19b
 645 0311 56020000 		.4byte	0x256
 646 0315 18       		.byte	0x18
 647 0316 00       		.byte	0
 648 0317 03       		.uleb128 0x3
 649 0318 64060000 		.4byte	.LASF62
 650 031c 07       		.byte	0x7
 651 031d 5C       		.byte	0x5c
 652 031e 22030000 		.4byte	0x322
 653 0322 0A       		.uleb128 0xa
 654 0323 04       		.byte	0x4
 655 0324 28030000 		.4byte	0x328
 656 0328 0C       		.uleb128 0xc
 657 0329 33030000 		.4byte	0x333
 658 032d 0D       		.uleb128 0xd
 659 032e 33030000 		.4byte	0x333
 660 0332 00       		.byte	0
 661 0333 0E       		.uleb128 0xe
 662 0334 04       		.byte	0x4
 663 0335 03       		.uleb128 0x3
 664 0336 C9040000 		.4byte	.LASF63
 665 033a 07       		.byte	0x7
 666 033b 61       		.byte	0x61
 667 033c 40030000 		.4byte	0x340
 668 0340 0B       		.uleb128 0xb
 669 0341 A3050000 		.4byte	.LASF64
 670 0345 14       		.byte	0x14
 671 0346 08       		.byte	0x8
 672 0347 6B01     		.2byte	0x16b
 673 0349 8F030000 		.4byte	0x38f
 674 034d 09       		.uleb128 0x9
 675 034e 51030000 		.4byte	.LASF65
 676 0352 08       		.byte	0x8
 677 0353 6C01     		.2byte	0x16c
 678 0355 F2060000 		.4byte	0x6f2
 679 0359 00       		.byte	0
 680 035a 09       		.uleb128 0x9
 681 035b 19030000 		.4byte	.LASF66
 682 035f 08       		.byte	0x8
 683 0360 6D01     		.2byte	0x16d
 684 0362 F2060000 		.4byte	0x6f2
ARM GAS  /tmp/ccWjipPY.s 			page 13


 685 0366 04       		.byte	0x4
 686 0367 09       		.uleb128 0x9
 687 0368 86030000 		.4byte	.LASF67
 688 036c 08       		.byte	0x8
 689 036d 6E01     		.2byte	0x16e
 690 036f 48010000 		.4byte	0x148
 691 0373 08       		.byte	0x8
 692 0374 09       		.uleb128 0x9
 693 0375 51070000 		.4byte	.LASF68
 694 0379 08       		.byte	0x8
 695 037a 6F01     		.2byte	0x16f
 696 037c 17030000 		.4byte	0x317
 697 0380 0C       		.byte	0xc
 698 0381 09       		.uleb128 0x9
 699 0382 A5060000 		.4byte	.LASF69
 700 0386 08       		.byte	0x8
 701 0387 7101     		.2byte	0x171
 702 0389 33030000 		.4byte	0x333
 703 038d 10       		.byte	0x10
 704 038e 00       		.byte	0
 705 038f 03       		.uleb128 0x3
 706 0390 C3000000 		.4byte	.LASF70
 707 0394 07       		.byte	0x7
 708 0395 66       		.byte	0x66
 709 0396 9A030000 		.4byte	0x39a
 710 039a 0B       		.uleb128 0xb
 711 039b 39040000 		.4byte	.LASF71
 712 039f 10       		.byte	0x10
 713 03a0 08       		.byte	0x8
 714 03a1 7B01     		.2byte	0x17b
 715 03a3 DC030000 		.4byte	0x3dc
 716 03a7 09       		.uleb128 0x9
 717 03a8 51030000 		.4byte	.LASF65
 718 03ac 08       		.byte	0x8
 719 03ad 7C01     		.2byte	0x17c
 720 03af F2060000 		.4byte	0x6f2
 721 03b3 00       		.byte	0
 722 03b4 09       		.uleb128 0x9
 723 03b5 19030000 		.4byte	.LASF66
 724 03b9 08       		.byte	0x8
 725 03ba 7E01     		.2byte	0x17e
 726 03bc F2060000 		.4byte	0x6f2
 727 03c0 04       		.byte	0x4
 728 03c1 09       		.uleb128 0x9
 729 03c2 86030000 		.4byte	.LASF67
 730 03c6 08       		.byte	0x8
 731 03c7 8001     		.2byte	0x180
 732 03c9 48010000 		.4byte	0x148
 733 03cd 08       		.byte	0x8
 734 03ce 09       		.uleb128 0x9
 735 03cf E3060000 		.4byte	.LASF72
 736 03d3 08       		.byte	0x8
 737 03d4 8801     		.2byte	0x188
 738 03d6 48010000 		.4byte	0x148
 739 03da 0C       		.byte	0xc
 740 03db 00       		.byte	0
 741 03dc 03       		.uleb128 0x3
ARM GAS  /tmp/ccWjipPY.s 			page 14


 742 03dd 71000000 		.4byte	.LASF73
 743 03e1 07       		.byte	0x7
 744 03e2 6B       		.byte	0x6b
 745 03e3 E7030000 		.4byte	0x3e7
 746 03e7 0B       		.uleb128 0xb
 747 03e8 E8040000 		.4byte	.LASF74
 748 03ec 04       		.byte	0x4
 749 03ed 08       		.byte	0x8
 750 03ee A201     		.2byte	0x1a2
 751 03f0 02040000 		.4byte	0x402
 752 03f4 09       		.uleb128 0x9
 753 03f5 86060000 		.4byte	.LASF75
 754 03f9 08       		.byte	0x8
 755 03fa AA01     		.2byte	0x1aa
 756 03fc E1060000 		.4byte	0x6e1
 757 0400 00       		.byte	0
 758 0401 00       		.byte	0
 759 0402 03       		.uleb128 0x3
 760 0403 CC030000 		.4byte	.LASF76
 761 0407 07       		.byte	0x7
 762 0408 70       		.byte	0x70
 763 0409 0D040000 		.4byte	0x40d
 764 040d 0F       		.uleb128 0xf
 765 040e 89050000 		.4byte	.LASF77
 766 0412 D801     		.2byte	0x1d8
 767 0414 08       		.byte	0x8
 768 0415 C201     		.2byte	0x1c2
 769 0417 69040000 		.4byte	0x469
 770 041b 09       		.uleb128 0x9
 771 041c D5060000 		.4byte	.LASF78
 772 0420 08       		.byte	0x8
 773 0421 C601     		.2byte	0x1c6
 774 0423 B0020000 		.4byte	0x2b0
 775 0427 00       		.byte	0
 776 0428 09       		.uleb128 0x9
 777 0429 6B020000 		.4byte	.LASF79
 778 042d 08       		.byte	0x8
 779 042e CA01     		.2byte	0x1ca
 780 0430 8F030000 		.4byte	0x38f
 781 0434 1C       		.byte	0x1c
 782 0435 08       		.uleb128 0x8
 783 0436 64626700 		.ascii	"dbg\000"
 784 043a 08       		.byte	0x8
 785 043b CE01     		.2byte	0x1ce
 786 043d DC030000 		.4byte	0x3dc
 787 0441 2C       		.byte	0x2c
 788 0442 09       		.uleb128 0x9
 789 0443 B8000000 		.4byte	.LASF80
 790 0447 08       		.byte	0x8
 791 0448 D201     		.2byte	0x1d2
 792 044a 53010000 		.4byte	0x153
 793 044e 30       		.byte	0x30
 794 044f 08       		.uleb128 0x8
 795 0450 746D00   		.ascii	"tm\000"
 796 0453 08       		.byte	0x8
 797 0454 D701     		.2byte	0x1d7
 798 0456 0B060000 		.4byte	0x60b
ARM GAS  /tmp/ccWjipPY.s 			page 15


 799 045a 74       		.byte	0x74
 800 045b 09       		.uleb128 0x9
 801 045c 2F030000 		.4byte	.LASF81
 802 0460 08       		.byte	0x8
 803 0461 E301     		.2byte	0x1e3
 804 0463 F8060000 		.4byte	0x6f8
 805 0467 78       		.byte	0x78
 806 0468 00       		.byte	0
 807 0469 10       		.uleb128 0x10
 808 046a D9000000 		.4byte	.LASF82
 809 046e 09       		.byte	0x9
 810 046f A706     		.2byte	0x6a7
 811 0471 D5000000 		.4byte	0xd5
 812 0475 11       		.uleb128 0x11
 813 0476 62030000 		.4byte	.LASF83
 814 047a 0A       		.byte	0xa
 815 047b 4C       		.byte	0x4c
 816 047c DA000000 		.4byte	0xda
 817 0480 03       		.uleb128 0x3
 818 0481 10030000 		.4byte	.LASF84
 819 0485 0B       		.byte	0xb
 820 0486 65       		.byte	0x65
 821 0487 33030000 		.4byte	0x333
 822 048b 03       		.uleb128 0x3
 823 048c 08040000 		.4byte	.LASF85
 824 0490 0B       		.byte	0xb
 825 0491 6D       		.byte	0x6d
 826 0492 E5000000 		.4byte	0xe5
 827 0496 06       		.uleb128 0x6
 828 0497 97060000 		.4byte	.LASF86
 829 049b 04       		.byte	0x4
 830 049c 0B       		.byte	0xb
 831 049d 89       		.byte	0x89
 832 049e AF040000 		.4byte	0x4af
 833 04a2 12       		.uleb128 0x12
 834 04a3 72313300 		.ascii	"r13\000"
 835 04a7 0B       		.byte	0xb
 836 04a8 8A       		.byte	0x8a
 837 04a9 F0050000 		.4byte	0x5f0
 838 04ad 00       		.byte	0
 839 04ae 00       		.byte	0
 840 04af 06       		.uleb128 0x6
 841 04b0 65000000 		.4byte	.LASF87
 842 04b4 64       		.byte	0x64
 843 04b5 0C       		.byte	0xc
 844 04b6 F4       		.byte	0xf4
 845 04b7 F0050000 		.4byte	0x5f0
 846 04bb 12       		.uleb128 0x12
 847 04bc 73313600 		.ascii	"s16\000"
 848 04c0 0C       		.byte	0xc
 849 04c1 F6       		.byte	0xf6
 850 04c2 80040000 		.4byte	0x480
 851 04c6 00       		.byte	0
 852 04c7 12       		.uleb128 0x12
 853 04c8 73313700 		.ascii	"s17\000"
 854 04cc 0C       		.byte	0xc
 855 04cd F7       		.byte	0xf7
ARM GAS  /tmp/ccWjipPY.s 			page 16


 856 04ce 80040000 		.4byte	0x480
 857 04d2 04       		.byte	0x4
 858 04d3 12       		.uleb128 0x12
 859 04d4 73313800 		.ascii	"s18\000"
 860 04d8 0C       		.byte	0xc
 861 04d9 F8       		.byte	0xf8
 862 04da 80040000 		.4byte	0x480
 863 04de 08       		.byte	0x8
 864 04df 12       		.uleb128 0x12
 865 04e0 73313900 		.ascii	"s19\000"
 866 04e4 0C       		.byte	0xc
 867 04e5 F9       		.byte	0xf9
 868 04e6 80040000 		.4byte	0x480
 869 04ea 0C       		.byte	0xc
 870 04eb 12       		.uleb128 0x12
 871 04ec 73323000 		.ascii	"s20\000"
 872 04f0 0C       		.byte	0xc
 873 04f1 FA       		.byte	0xfa
 874 04f2 80040000 		.4byte	0x480
 875 04f6 10       		.byte	0x10
 876 04f7 12       		.uleb128 0x12
 877 04f8 73323100 		.ascii	"s21\000"
 878 04fc 0C       		.byte	0xc
 879 04fd FB       		.byte	0xfb
 880 04fe 80040000 		.4byte	0x480
 881 0502 14       		.byte	0x14
 882 0503 12       		.uleb128 0x12
 883 0504 73323200 		.ascii	"s22\000"
 884 0508 0C       		.byte	0xc
 885 0509 FC       		.byte	0xfc
 886 050a 80040000 		.4byte	0x480
 887 050e 18       		.byte	0x18
 888 050f 12       		.uleb128 0x12
 889 0510 73323300 		.ascii	"s23\000"
 890 0514 0C       		.byte	0xc
 891 0515 FD       		.byte	0xfd
 892 0516 80040000 		.4byte	0x480
 893 051a 1C       		.byte	0x1c
 894 051b 12       		.uleb128 0x12
 895 051c 73323400 		.ascii	"s24\000"
 896 0520 0C       		.byte	0xc
 897 0521 FE       		.byte	0xfe
 898 0522 80040000 		.4byte	0x480
 899 0526 20       		.byte	0x20
 900 0527 12       		.uleb128 0x12
 901 0528 73323500 		.ascii	"s25\000"
 902 052c 0C       		.byte	0xc
 903 052d FF       		.byte	0xff
 904 052e 80040000 		.4byte	0x480
 905 0532 24       		.byte	0x24
 906 0533 08       		.uleb128 0x8
 907 0534 73323600 		.ascii	"s26\000"
 908 0538 0C       		.byte	0xc
 909 0539 0001     		.2byte	0x100
 910 053b 80040000 		.4byte	0x480
 911 053f 28       		.byte	0x28
 912 0540 08       		.uleb128 0x8
ARM GAS  /tmp/ccWjipPY.s 			page 17


 913 0541 73323700 		.ascii	"s27\000"
 914 0545 0C       		.byte	0xc
 915 0546 0101     		.2byte	0x101
 916 0548 80040000 		.4byte	0x480
 917 054c 2C       		.byte	0x2c
 918 054d 08       		.uleb128 0x8
 919 054e 73323800 		.ascii	"s28\000"
 920 0552 0C       		.byte	0xc
 921 0553 0201     		.2byte	0x102
 922 0555 80040000 		.4byte	0x480
 923 0559 30       		.byte	0x30
 924 055a 08       		.uleb128 0x8
 925 055b 73323900 		.ascii	"s29\000"
 926 055f 0C       		.byte	0xc
 927 0560 0301     		.2byte	0x103
 928 0562 80040000 		.4byte	0x480
 929 0566 34       		.byte	0x34
 930 0567 08       		.uleb128 0x8
 931 0568 73333000 		.ascii	"s30\000"
 932 056c 0C       		.byte	0xc
 933 056d 0401     		.2byte	0x104
 934 056f 80040000 		.4byte	0x480
 935 0573 38       		.byte	0x38
 936 0574 08       		.uleb128 0x8
 937 0575 73333100 		.ascii	"s31\000"
 938 0579 0C       		.byte	0xc
 939 057a 0501     		.2byte	0x105
 940 057c 80040000 		.4byte	0x480
 941 0580 3C       		.byte	0x3c
 942 0581 08       		.uleb128 0x8
 943 0582 723400   		.ascii	"r4\000"
 944 0585 0C       		.byte	0xc
 945 0586 0701     		.2byte	0x107
 946 0588 80040000 		.4byte	0x480
 947 058c 40       		.byte	0x40
 948 058d 08       		.uleb128 0x8
 949 058e 723500   		.ascii	"r5\000"
 950 0591 0C       		.byte	0xc
 951 0592 0801     		.2byte	0x108
 952 0594 80040000 		.4byte	0x480
 953 0598 44       		.byte	0x44
 954 0599 08       		.uleb128 0x8
 955 059a 723600   		.ascii	"r6\000"
 956 059d 0C       		.byte	0xc
 957 059e 0901     		.2byte	0x109
 958 05a0 80040000 		.4byte	0x480
 959 05a4 48       		.byte	0x48
 960 05a5 08       		.uleb128 0x8
 961 05a6 723700   		.ascii	"r7\000"
 962 05a9 0C       		.byte	0xc
 963 05aa 0A01     		.2byte	0x10a
 964 05ac 80040000 		.4byte	0x480
 965 05b0 4C       		.byte	0x4c
 966 05b1 08       		.uleb128 0x8
 967 05b2 723800   		.ascii	"r8\000"
 968 05b5 0C       		.byte	0xc
 969 05b6 0B01     		.2byte	0x10b
ARM GAS  /tmp/ccWjipPY.s 			page 18


 970 05b8 80040000 		.4byte	0x480
 971 05bc 50       		.byte	0x50
 972 05bd 08       		.uleb128 0x8
 973 05be 723900   		.ascii	"r9\000"
 974 05c1 0C       		.byte	0xc
 975 05c2 0C01     		.2byte	0x10c
 976 05c4 80040000 		.4byte	0x480
 977 05c8 54       		.byte	0x54
 978 05c9 08       		.uleb128 0x8
 979 05ca 72313000 		.ascii	"r10\000"
 980 05ce 0C       		.byte	0xc
 981 05cf 0D01     		.2byte	0x10d
 982 05d1 80040000 		.4byte	0x480
 983 05d5 58       		.byte	0x58
 984 05d6 08       		.uleb128 0x8
 985 05d7 72313100 		.ascii	"r11\000"
 986 05db 0C       		.byte	0xc
 987 05dc 0E01     		.2byte	0x10e
 988 05de 80040000 		.4byte	0x480
 989 05e2 5C       		.byte	0x5c
 990 05e3 08       		.uleb128 0x8
 991 05e4 6C7200   		.ascii	"lr\000"
 992 05e7 0C       		.byte	0xc
 993 05e8 0F01     		.2byte	0x10f
 994 05ea 80040000 		.4byte	0x480
 995 05ee 60       		.byte	0x60
 996 05ef 00       		.byte	0
 997 05f0 0A       		.uleb128 0xa
 998 05f1 04       		.byte	0x4
 999 05f2 AF040000 		.4byte	0x4af
 1000 05f6 13       		.uleb128 0x13
 1001 05f7 04       		.byte	0x4
 1002 05f8 0D       		.byte	0xd
 1003 05f9 38       		.byte	0x38
 1004 05fa 0B060000 		.4byte	0x60b
 1005 05fe 07       		.uleb128 0x7
 1006 05ff 90060000 		.4byte	.LASF88
 1007 0603 0D       		.byte	0xd
 1008 0604 3C       		.byte	0x3c
 1009 0605 F0000000 		.4byte	0xf0
 1010 0609 00       		.byte	0
 1011 060a 00       		.byte	0
 1012 060b 03       		.uleb128 0x3
 1013 060c 88040000 		.4byte	.LASF89
 1014 0610 0D       		.byte	0xd
 1015 0611 3D       		.byte	0x3d
 1016 0612 F6050000 		.4byte	0x5f6
 1017 0616 14       		.uleb128 0x14
 1018 0617 04       		.byte	0x4
 1019 0618 08       		.byte	0x8
 1020 0619 FA       		.byte	0xfa
 1021 061a 73060000 		.4byte	0x673
 1022 061e 15       		.uleb128 0x15
 1023 061f 1B000000 		.4byte	.LASF90
 1024 0623 08       		.byte	0x8
 1025 0624 0101     		.2byte	0x101
 1026 0626 27010000 		.4byte	0x127
ARM GAS  /tmp/ccWjipPY.s 			page 19


 1027 062a 15       		.uleb128 0x15
 1028 062b AF000000 		.4byte	.LASF91
 1029 062f 08       		.byte	0x8
 1030 0630 0801     		.2byte	0x108
 1031 0632 27010000 		.4byte	0x127
 1032 0636 15       		.uleb128 0x15
 1033 0637 02070000 		.4byte	.LASF92
 1034 063b 08       		.byte	0x8
 1035 063c 0F01     		.2byte	0x10f
 1036 063e 33030000 		.4byte	0x333
 1037 0642 15       		.uleb128 0x15
 1038 0643 8F020000 		.4byte	.LASF93
 1039 0647 08       		.byte	0x8
 1040 0648 1601     		.2byte	0x116
 1041 064a 73060000 		.4byte	0x673
 1042 064e 15       		.uleb128 0x15
 1043 064f 72030000 		.4byte	.LASF94
 1044 0653 08       		.byte	0x8
 1045 0654 1E01     		.2byte	0x11e
 1046 0656 9E060000 		.4byte	0x69e
 1047 065a 15       		.uleb128 0x15
 1048 065b 25060000 		.4byte	.LASF95
 1049 065f 08       		.byte	0x8
 1050 0660 2701     		.2byte	0x127
 1051 0662 D5060000 		.4byte	0x6d5
 1052 0666 15       		.uleb128 0x15
 1053 0667 49050000 		.4byte	.LASF96
 1054 066b 08       		.byte	0x8
 1055 066c 2F01     		.2byte	0x12f
 1056 066e 32010000 		.4byte	0x132
 1057 0672 00       		.byte	0
 1058 0673 0A       		.uleb128 0xa
 1059 0674 04       		.byte	0x4
 1060 0675 4B020000 		.4byte	0x24b
 1061 0679 06       		.uleb128 0x6
 1062 067a C1050000 		.4byte	.LASF97
 1063 067e 0C       		.byte	0xc
 1064 067f 0E       		.byte	0xe
 1065 0680 34       		.byte	0x34
 1066 0681 9E060000 		.4byte	0x69e
 1067 0685 07       		.uleb128 0x7
 1068 0686 F3020000 		.4byte	.LASF98
 1069 068a 0E       		.byte	0xe
 1070 068b 35       		.byte	0x35
 1071 068c 80020000 		.4byte	0x280
 1072 0690 00       		.byte	0
 1073 0691 07       		.uleb128 0x7
 1074 0692 A3030000 		.4byte	.LASF99
 1075 0696 0E       		.byte	0xe
 1076 0697 37       		.byte	0x37
 1077 0698 3D010000 		.4byte	0x13d
 1078 069c 08       		.byte	0x8
 1079 069d 00       		.byte	0
 1080 069e 0A       		.uleb128 0xa
 1081 069f 04       		.byte	0x4
 1082 06a0 79060000 		.4byte	0x679
 1083 06a4 06       		.uleb128 0x6
ARM GAS  /tmp/ccWjipPY.s 			page 20


 1084 06a5 C5060000 		.4byte	.LASF100
 1085 06a9 10       		.byte	0x10
 1086 06aa 0F       		.byte	0xf
 1087 06ab 39       		.byte	0x39
 1088 06ac D5060000 		.4byte	0x6d5
 1089 06b0 07       		.uleb128 0x7
 1090 06b1 63020000 		.4byte	.LASF101
 1091 06b5 0F       		.byte	0xf
 1092 06b6 3A       		.byte	0x3a
 1093 06b7 80020000 		.4byte	0x280
 1094 06bb 00       		.byte	0
 1095 06bc 07       		.uleb128 0x7
 1096 06bd 3B070000 		.4byte	.LASF102
 1097 06c1 0F       		.byte	0xf
 1098 06c2 3C       		.byte	0x3c
 1099 06c3 56020000 		.4byte	0x256
 1100 06c7 08       		.byte	0x8
 1101 06c8 07       		.uleb128 0x7
 1102 06c9 48060000 		.4byte	.LASF103
 1103 06cd 0F       		.byte	0xf
 1104 06ce 3E       		.byte	0x3e
 1105 06cf 2A080000 		.4byte	0x82a
 1106 06d3 0C       		.byte	0xc
 1107 06d4 00       		.byte	0
 1108 06d5 0A       		.uleb128 0xa
 1109 06d6 04       		.byte	0x4
 1110 06d7 A4060000 		.4byte	0x6a4
 1111 06db 0A       		.uleb128 0xa
 1112 06dc 04       		.byte	0x4
 1113 06dd ED060000 		.4byte	0x6ed
 1114 06e1 05       		.uleb128 0x5
 1115 06e2 DB060000 		.4byte	0x6db
 1116 06e6 04       		.uleb128 0x4
 1117 06e7 01       		.byte	0x1
 1118 06e8 08       		.byte	0x8
 1119 06e9 20060000 		.4byte	.LASF104
 1120 06ed 16       		.uleb128 0x16
 1121 06ee E6060000 		.4byte	0x6e6
 1122 06f2 0A       		.uleb128 0xa
 1123 06f3 04       		.byte	0x4
 1124 06f4 35030000 		.4byte	0x335
 1125 06f8 17       		.uleb128 0x17
 1126 06f9 8B040000 		.4byte	0x48b
 1127 06fd 08070000 		.4byte	0x708
 1128 0701 18       		.uleb128 0x18
 1129 0702 37000000 		.4byte	0x37
 1130 0706 2B       		.byte	0x2b
 1131 0707 00       		.byte	0
 1132 0708 19       		.uleb128 0x19
 1133 0709 636800   		.ascii	"ch\000"
 1134 070c 08       		.byte	0x8
 1135 070d 0902     		.2byte	0x209
 1136 070f 02040000 		.4byte	0x402
 1137 0713 13       		.uleb128 0x13
 1138 0714 16       		.byte	0x16
 1139 0715 10       		.byte	0x10
 1140 0716 34       		.byte	0x34
ARM GAS  /tmp/ccWjipPY.s 			page 21


 1141 0717 F4070000 		.4byte	0x7f4
 1142 071b 07       		.uleb128 0x7
 1143 071c 43070000 		.4byte	.LASF105
 1144 0720 10       		.byte	0x10
 1145 0721 35       		.byte	0x35
 1146 0722 F4070000 		.4byte	0x7f4
 1147 0726 00       		.byte	0
 1148 0727 07       		.uleb128 0x7
 1149 0728 13040000 		.4byte	.LASF106
 1150 072c 10       		.byte	0x10
 1151 072d 36       		.byte	0x36
 1152 072e B4000000 		.4byte	0xb4
 1153 0732 04       		.byte	0x4
 1154 0733 07       		.uleb128 0x7
 1155 0734 06060000 		.4byte	.LASF107
 1156 0738 10       		.byte	0x10
 1157 0739 37       		.byte	0x37
 1158 073a B4000000 		.4byte	0xb4
 1159 073e 05       		.byte	0x5
 1160 073f 07       		.uleb128 0x7
 1161 0740 30070000 		.4byte	.LASF108
 1162 0744 10       		.byte	0x10
 1163 0745 38       		.byte	0x38
 1164 0746 BF000000 		.4byte	0xbf
 1165 074a 06       		.byte	0x6
 1166 074b 07       		.uleb128 0x7
 1167 074c BE040000 		.4byte	.LASF109
 1168 0750 10       		.byte	0x10
 1169 0751 39       		.byte	0x39
 1170 0752 B4000000 		.4byte	0xb4
 1171 0756 08       		.byte	0x8
 1172 0757 07       		.uleb128 0x7
 1173 0758 5C040000 		.4byte	.LASF110
 1174 075c 10       		.byte	0x10
 1175 075d 3A       		.byte	0x3a
 1176 075e B4000000 		.4byte	0xb4
 1177 0762 09       		.byte	0x9
 1178 0763 07       		.uleb128 0x7
 1179 0764 A1000000 		.4byte	.LASF111
 1180 0768 10       		.byte	0x10
 1181 0769 3B       		.byte	0x3b
 1182 076a B4000000 		.4byte	0xb4
 1183 076e 0A       		.byte	0xa
 1184 076f 07       		.uleb128 0x7
 1185 0770 E2050000 		.4byte	.LASF112
 1186 0774 10       		.byte	0x10
 1187 0775 3C       		.byte	0x3c
 1188 0776 B4000000 		.4byte	0xb4
 1189 077a 0B       		.byte	0xb
 1190 077b 07       		.uleb128 0x7
 1191 077c BA060000 		.4byte	.LASF113
 1192 0780 10       		.byte	0x10
 1193 0781 3D       		.byte	0x3d
 1194 0782 B4000000 		.4byte	0xb4
 1195 0786 0C       		.byte	0xc
 1196 0787 07       		.uleb128 0x7
 1197 0788 B4050000 		.4byte	.LASF114
ARM GAS  /tmp/ccWjipPY.s 			page 22


 1198 078c 10       		.byte	0x10
 1199 078d 3E       		.byte	0x3e
 1200 078e B4000000 		.4byte	0xb4
 1201 0792 0D       		.byte	0xd
 1202 0793 07       		.uleb128 0x7
 1203 0794 79030000 		.4byte	.LASF115
 1204 0798 10       		.byte	0x10
 1205 0799 3F       		.byte	0x3f
 1206 079a B4000000 		.4byte	0xb4
 1207 079e 0E       		.byte	0xe
 1208 079f 07       		.uleb128 0x7
 1209 07a0 68040000 		.4byte	.LASF116
 1210 07a4 10       		.byte	0x10
 1211 07a5 40       		.byte	0x40
 1212 07a6 B4000000 		.4byte	0xb4
 1213 07aa 0F       		.byte	0xf
 1214 07ab 07       		.uleb128 0x7
 1215 07ac 3E020000 		.4byte	.LASF117
 1216 07b0 10       		.byte	0x10
 1217 07b1 41       		.byte	0x41
 1218 07b2 B4000000 		.4byte	0xb4
 1219 07b6 10       		.byte	0x10
 1220 07b7 07       		.uleb128 0x7
 1221 07b8 17020000 		.4byte	.LASF118
 1222 07bc 10       		.byte	0x10
 1223 07bd 43       		.byte	0x43
 1224 07be B4000000 		.4byte	0xb4
 1225 07c2 11       		.byte	0x11
 1226 07c3 07       		.uleb128 0x7
 1227 07c4 4E020000 		.4byte	.LASF119
 1228 07c8 10       		.byte	0x10
 1229 07c9 44       		.byte	0x44
 1230 07ca B4000000 		.4byte	0xb4
 1231 07ce 12       		.byte	0x12
 1232 07cf 07       		.uleb128 0x7
 1233 07d0 1B040000 		.4byte	.LASF120
 1234 07d4 10       		.byte	0x10
 1235 07d5 45       		.byte	0x45
 1236 07d6 B4000000 		.4byte	0xb4
 1237 07da 13       		.byte	0x13
 1238 07db 07       		.uleb128 0x7
 1239 07dc 5F050000 		.4byte	.LASF121
 1240 07e0 10       		.byte	0x10
 1241 07e1 46       		.byte	0x46
 1242 07e2 B4000000 		.4byte	0xb4
 1243 07e6 14       		.byte	0x14
 1244 07e7 07       		.uleb128 0x7
 1245 07e8 D8030000 		.4byte	.LASF122
 1246 07ec 10       		.byte	0x10
 1247 07ed 48       		.byte	0x48
 1248 07ee B4000000 		.4byte	0xb4
 1249 07f2 15       		.byte	0x15
 1250 07f3 00       		.byte	0
 1251 07f4 17       		.uleb128 0x17
 1252 07f5 E6060000 		.4byte	0x6e6
 1253 07f9 04080000 		.4byte	0x804
 1254 07fd 18       		.uleb128 0x18
ARM GAS  /tmp/ccWjipPY.s 			page 23


 1255 07fe 37000000 		.4byte	0x37
 1256 0802 03       		.byte	0x3
 1257 0803 00       		.byte	0
 1258 0804 03       		.uleb128 0x3
 1259 0805 E1020000 		.4byte	.LASF123
 1260 0809 10       		.byte	0x10
 1261 080a 49       		.byte	0x49
 1262 080b 13070000 		.4byte	0x713
 1263 080f 16       		.uleb128 0x16
 1264 0810 04080000 		.4byte	0x804
 1265 0814 11       		.uleb128 0x11
 1266 0815 9A030000 		.4byte	.LASF124
 1267 0819 10       		.byte	0x10
 1268 081a 6E       		.byte	0x6e
 1269 081b 0F080000 		.4byte	0x80f
 1270 081f 03       		.uleb128 0x3
 1271 0820 21030000 		.4byte	.LASF125
 1272 0824 0F       		.byte	0xf
 1273 0825 34       		.byte	0x34
 1274 0826 A4060000 		.4byte	0x6a4
 1275 082a 0A       		.uleb128 0xa
 1276 082b 04       		.byte	0x4
 1277 082c 1F080000 		.4byte	0x81f
 1278 0830 0A       		.uleb128 0xa
 1279 0831 04       		.byte	0x4
 1280 0832 B4000000 		.4byte	0xb4
 1281 0836 1A       		.uleb128 0x1a
 1282 0837 40060000 		.4byte	.LASF126
 1283 083b 01       		.byte	0x1
 1284 083c 3E       		.byte	0x3e
 1285 083d 30080000 		.4byte	0x830
 1286 0841 05       		.uleb128 0x5
 1287 0842 03       		.byte	0x3
 1288 0843 00000000 		.4byte	nextmem
 1289 0847 1A       		.uleb128 0x1a
 1290 0848 00000000 		.4byte	.LASF127
 1291 084c 01       		.byte	0x1
 1292 084d 3F       		.byte	0x3f
 1293 084e 30080000 		.4byte	0x830
 1294 0852 05       		.uleb128 0x5
 1295 0853 03       		.byte	0x3
 1296 0854 00000000 		.4byte	endmem
 1297 0858 1B       		.uleb128 0x1b
 1298 0859 7E020000 		.4byte	.LASF141
 1299 085d 01       		.byte	0x1
 1300 085e 9B       		.byte	0x9b
 1301 085f 2C000000 		.4byte	0x2c
 1302 0863 00000000 		.4byte	.LFB232
 1303 0867 14000000 		.4byte	.LFE232-.LFB232
 1304 086b 01       		.uleb128 0x1
 1305 086c 9C       		.byte	0x9c
 1306 086d 1C       		.uleb128 0x1c
 1307 086e FB020000 		.4byte	.LASF142
 1308 0872 01       		.byte	0x1
 1309 0873 83       		.byte	0x83
 1310 0874 33030000 		.4byte	0x333
 1311 0878 01       		.byte	0x1
ARM GAS  /tmp/ccWjipPY.s 			page 24


 1312 0879 92080000 		.4byte	0x892
 1313 087d 1D       		.uleb128 0x1d
 1314 087e 10070000 		.4byte	.LASF136
 1315 0882 01       		.byte	0x1
 1316 0883 83       		.byte	0x83
 1317 0884 2C000000 		.4byte	0x2c
 1318 0888 1E       		.uleb128 0x1e
 1319 0889 7000     		.ascii	"p\000"
 1320 088b 01       		.byte	0x1
 1321 088c 84       		.byte	0x84
 1322 088d 33030000 		.4byte	0x333
 1323 0891 00       		.byte	0
 1324 0892 1F       		.uleb128 0x1f
 1325 0893 2B000000 		.4byte	.LASF143
 1326 0897 01       		.byte	0x1
 1327 0898 6D       		.byte	0x6d
 1328 0899 33030000 		.4byte	0x333
 1329 089d 00000000 		.4byte	.LFB230
 1330 08a1 34000000 		.4byte	.LFE230-.LFB230
 1331 08a5 01       		.uleb128 0x1
 1332 08a6 9C       		.byte	0x9c
 1333 08a7 78090000 		.4byte	0x978
 1334 08ab 20       		.uleb128 0x20
 1335 08ac 10070000 		.4byte	.LASF136
 1336 08b0 01       		.byte	0x1
 1337 08b1 6D       		.byte	0x6d
 1338 08b2 2C000000 		.4byte	0x2c
 1339 08b6 00000000 		.4byte	.LLST0
 1340 08ba 1E       		.uleb128 0x1e
 1341 08bb 7000     		.ascii	"p\000"
 1342 08bd 01       		.byte	0x1
 1343 08be 6E       		.byte	0x6e
 1344 08bf 33030000 		.4byte	0x333
 1345 08c3 21       		.uleb128 0x21
 1346 08c4 DF090000 		.4byte	0x9df
 1347 08c8 02000000 		.4byte	.LBB26
 1348 08cc 06000000 		.4byte	.LBE26-.LBB26
 1349 08d0 01       		.byte	0x1
 1350 08d1 70       		.byte	0x70
 1351 08d2 02090000 		.4byte	0x902
 1352 08d6 22       		.uleb128 0x22
 1353 08d7 F1090000 		.4byte	0x9f1
 1354 08db 02000000 		.4byte	.LBB27
 1355 08df 06000000 		.4byte	.LBE27-.LBB27
 1356 08e3 11       		.byte	0x11
 1357 08e4 5C01     		.2byte	0x15c
 1358 08e6 22       		.uleb128 0x22
 1359 08e7 FA090000 		.4byte	0x9fa
 1360 08eb 02000000 		.4byte	.LBB28
 1361 08ef 06000000 		.4byte	.LBE28-.LBB28
 1362 08f3 0C       		.byte	0xc
 1363 08f4 BF01     		.2byte	0x1bf
 1364 08f6 23       		.uleb128 0x23
 1365 08f7 070A0000 		.4byte	0xa07
 1366 08fb 39000000 		.4byte	.LLST1
 1367 08ff 00       		.byte	0
 1368 0900 00       		.byte	0
ARM GAS  /tmp/ccWjipPY.s 			page 25


 1369 0901 00       		.byte	0
 1370 0902 21       		.uleb128 0x21
 1371 0903 6D080000 		.4byte	0x86d
 1372 0907 08000000 		.4byte	.LBB30
 1373 090b 1A000000 		.4byte	.LBE30-.LBB30
 1374 090f 01       		.byte	0x1
 1375 0910 71       		.byte	0x71
 1376 0911 32090000 		.4byte	0x932
 1377 0915 23       		.uleb128 0x23
 1378 0916 7D080000 		.4byte	0x87d
 1379 091a 4E000000 		.4byte	.LLST2
 1380 091e 24       		.uleb128 0x24
 1381 091f 08000000 		.4byte	.LBB31
 1382 0923 1A000000 		.4byte	.LBE31-.LBB31
 1383 0927 25       		.uleb128 0x25
 1384 0928 88080000 		.4byte	0x888
 1385 092c 97000000 		.4byte	.LLST3
 1386 0930 00       		.byte	0
 1387 0931 00       		.byte	0
 1388 0932 26       		.uleb128 0x26
 1389 0933 AF090000 		.4byte	0x9af
 1390 0937 22000000 		.4byte	.LBB32
 1391 093b 06000000 		.4byte	.LBE32-.LBB32
 1392 093f 01       		.byte	0x1
 1393 0940 72       		.byte	0x72
 1394 0941 24       		.uleb128 0x24
 1395 0942 22000000 		.4byte	.LBB33
 1396 0946 06000000 		.4byte	.LBE33-.LBB33
 1397 094a 22       		.uleb128 0x22
 1398 094b E8090000 		.4byte	0x9e8
 1399 094f 22000000 		.4byte	.LBB34
 1400 0953 06000000 		.4byte	.LBE34-.LBB34
 1401 0957 11       		.byte	0x11
 1402 0958 7301     		.2byte	0x173
 1403 095a 22       		.uleb128 0x22
 1404 095b FA090000 		.4byte	0x9fa
 1405 095f 22000000 		.4byte	.LBB35
 1406 0963 06000000 		.4byte	.LBE35-.LBB35
 1407 0967 0C       		.byte	0xc
 1408 0968 CD01     		.2byte	0x1cd
 1409 096a 23       		.uleb128 0x23
 1410 096b 070A0000 		.4byte	0xa07
 1411 096f AA000000 		.4byte	.LLST4
 1412 0973 00       		.byte	0
 1413 0974 00       		.byte	0
 1414 0975 00       		.byte	0
 1415 0976 00       		.byte	0
 1416 0977 00       		.byte	0
 1417 0978 27       		.uleb128 0x27
 1418 0979 0E050000 		.4byte	.LASF144
 1419 097d 01       		.byte	0x1
 1420 097e 4E       		.byte	0x4e
 1421 097f 00000000 		.4byte	.LFB229
 1422 0983 28000000 		.4byte	.LFE229-.LFB229
 1423 0987 01       		.uleb128 0x1
 1424 0988 9C       		.byte	0x9c
 1425 0989 A4090000 		.4byte	0x9a4
ARM GAS  /tmp/ccWjipPY.s 			page 26


 1426 098d 11       		.uleb128 0x11
 1427 098e AC060000 		.4byte	.LASF128
 1428 0992 01       		.byte	0x1
 1429 0993 50       		.byte	0x50
 1430 0994 A4090000 		.4byte	0x9a4
 1431 0998 11       		.uleb128 0x11
 1432 0999 35050000 		.4byte	.LASF129
 1433 099d 01       		.byte	0x1
 1434 099e 51       		.byte	0x51
 1435 099f A4090000 		.4byte	0x9a4
 1436 09a3 00       		.byte	0
 1437 09a4 17       		.uleb128 0x17
 1438 09a5 B4000000 		.4byte	0xb4
 1439 09a9 AF090000 		.4byte	0x9af
 1440 09ad 28       		.uleb128 0x28
 1441 09ae 00       		.byte	0
 1442 09af 29       		.uleb128 0x29
 1443 09b0 24070000 		.4byte	.LASF134
 1444 09b4 11       		.byte	0x11
 1445 09b5 6601     		.2byte	0x166
 1446 09b7 03       		.byte	0x3
 1447 09b8 CA090000 		.4byte	0x9ca
 1448 09bc 2A       		.uleb128 0x2a
 1449 09bd 76050000 		.4byte	.LASF130
 1450 09c1 DA090000 		.4byte	0x9da
 1451 09c5 24070000 		.4byte	.LASF134
 1452 09c9 00       		.byte	0
 1453 09ca 17       		.uleb128 0x17
 1454 09cb ED060000 		.4byte	0x6ed
 1455 09cf DA090000 		.4byte	0x9da
 1456 09d3 18       		.uleb128 0x18
 1457 09d4 37000000 		.4byte	0x37
 1458 09d8 0B       		.byte	0xb
 1459 09d9 00       		.byte	0
 1460 09da 16       		.uleb128 0x16
 1461 09db CA090000 		.4byte	0x9ca
 1462 09df 2B       		.uleb128 0x2b
 1463 09e0 7F050000 		.4byte	.LASF131
 1464 09e4 11       		.byte	0x11
 1465 09e5 5A01     		.2byte	0x15a
 1466 09e7 03       		.byte	0x3
 1467 09e8 2B       		.uleb128 0x2b
 1468 09e9 72020000 		.4byte	.LASF132
 1469 09ed 0C       		.byte	0xc
 1470 09ee CA01     		.2byte	0x1ca
 1471 09f0 03       		.byte	0x3
 1472 09f1 2B       		.uleb128 0x2b
 1473 09f2 80000000 		.4byte	.LASF133
 1474 09f6 0C       		.byte	0xc
 1475 09f7 BC01     		.2byte	0x1bc
 1476 09f9 03       		.byte	0x3
 1477 09fa 29       		.uleb128 0x29
 1478 09fb 78060000 		.4byte	.LASF135
 1479 09ff 02       		.byte	0x2
 1480 0a00 2002     		.2byte	0x220
 1481 0a02 03       		.byte	0x3
 1482 0a03 140A0000 		.4byte	0xa14
ARM GAS  /tmp/ccWjipPY.s 			page 27


 1483 0a07 2C       		.uleb128 0x2c
 1484 0a08 29030000 		.4byte	.LASF137
 1485 0a0c 02       		.byte	0x2
 1486 0a0d 2002     		.2byte	0x220
 1487 0a0f DA000000 		.4byte	0xda
 1488 0a13 00       		.byte	0
 1489 0a14 2D       		.uleb128 0x2d
 1490 0a15 6D080000 		.4byte	0x86d
 1491 0a19 00000000 		.4byte	.LFB231
 1492 0a1d 28000000 		.4byte	.LFE231-.LFB231
 1493 0a21 01       		.uleb128 0x1
 1494 0a22 9C       		.byte	0x9c
 1495 0a23 23       		.uleb128 0x23
 1496 0a24 7D080000 		.4byte	0x87d
 1497 0a28 BE000000 		.4byte	.LLST5
 1498 0a2c 25       		.uleb128 0x25
 1499 0a2d 88080000 		.4byte	0x888
 1500 0a31 FC000000 		.4byte	.LLST6
 1501 0a35 00       		.byte	0
 1502 0a36 00       		.byte	0
 1503              		.section	.debug_abbrev,"",%progbits
 1504              	.Ldebug_abbrev0:
 1505 0000 01       		.uleb128 0x1
 1506 0001 11       		.uleb128 0x11
 1507 0002 01       		.byte	0x1
 1508 0003 25       		.uleb128 0x25
 1509 0004 0E       		.uleb128 0xe
 1510 0005 13       		.uleb128 0x13
 1511 0006 0B       		.uleb128 0xb
 1512 0007 03       		.uleb128 0x3
 1513 0008 0E       		.uleb128 0xe
 1514 0009 1B       		.uleb128 0x1b
 1515 000a 0E       		.uleb128 0xe
 1516 000b 55       		.uleb128 0x55
 1517 000c 17       		.uleb128 0x17
 1518 000d 11       		.uleb128 0x11
 1519 000e 01       		.uleb128 0x1
 1520 000f 10       		.uleb128 0x10
 1521 0010 17       		.uleb128 0x17
 1522 0011 00       		.byte	0
 1523 0012 00       		.byte	0
 1524 0013 02       		.uleb128 0x2
 1525 0014 24       		.uleb128 0x24
 1526 0015 00       		.byte	0
 1527 0016 0B       		.uleb128 0xb
 1528 0017 0B       		.uleb128 0xb
 1529 0018 3E       		.uleb128 0x3e
 1530 0019 0B       		.uleb128 0xb
 1531 001a 03       		.uleb128 0x3
 1532 001b 08       		.uleb128 0x8
 1533 001c 00       		.byte	0
 1534 001d 00       		.byte	0
 1535 001e 03       		.uleb128 0x3
 1536 001f 16       		.uleb128 0x16
 1537 0020 00       		.byte	0
 1538 0021 03       		.uleb128 0x3
 1539 0022 0E       		.uleb128 0xe
ARM GAS  /tmp/ccWjipPY.s 			page 28


 1540 0023 3A       		.uleb128 0x3a
 1541 0024 0B       		.uleb128 0xb
 1542 0025 3B       		.uleb128 0x3b
 1543 0026 0B       		.uleb128 0xb
 1544 0027 49       		.uleb128 0x49
 1545 0028 13       		.uleb128 0x13
 1546 0029 00       		.byte	0
 1547 002a 00       		.byte	0
 1548 002b 04       		.uleb128 0x4
 1549 002c 24       		.uleb128 0x24
 1550 002d 00       		.byte	0
 1551 002e 0B       		.uleb128 0xb
 1552 002f 0B       		.uleb128 0xb
 1553 0030 3E       		.uleb128 0x3e
 1554 0031 0B       		.uleb128 0xb
 1555 0032 03       		.uleb128 0x3
 1556 0033 0E       		.uleb128 0xe
 1557 0034 00       		.byte	0
 1558 0035 00       		.byte	0
 1559 0036 05       		.uleb128 0x5
 1560 0037 35       		.uleb128 0x35
 1561 0038 00       		.byte	0
 1562 0039 49       		.uleb128 0x49
 1563 003a 13       		.uleb128 0x13
 1564 003b 00       		.byte	0
 1565 003c 00       		.byte	0
 1566 003d 06       		.uleb128 0x6
 1567 003e 13       		.uleb128 0x13
 1568 003f 01       		.byte	0x1
 1569 0040 03       		.uleb128 0x3
 1570 0041 0E       		.uleb128 0xe
 1571 0042 0B       		.uleb128 0xb
 1572 0043 0B       		.uleb128 0xb
 1573 0044 3A       		.uleb128 0x3a
 1574 0045 0B       		.uleb128 0xb
 1575 0046 3B       		.uleb128 0x3b
 1576 0047 0B       		.uleb128 0xb
 1577 0048 01       		.uleb128 0x1
 1578 0049 13       		.uleb128 0x13
 1579 004a 00       		.byte	0
 1580 004b 00       		.byte	0
 1581 004c 07       		.uleb128 0x7
 1582 004d 0D       		.uleb128 0xd
 1583 004e 00       		.byte	0
 1584 004f 03       		.uleb128 0x3
 1585 0050 0E       		.uleb128 0xe
 1586 0051 3A       		.uleb128 0x3a
 1587 0052 0B       		.uleb128 0xb
 1588 0053 3B       		.uleb128 0x3b
 1589 0054 0B       		.uleb128 0xb
 1590 0055 49       		.uleb128 0x49
 1591 0056 13       		.uleb128 0x13
 1592 0057 38       		.uleb128 0x38
 1593 0058 0B       		.uleb128 0xb
 1594 0059 00       		.byte	0
 1595 005a 00       		.byte	0
 1596 005b 08       		.uleb128 0x8
ARM GAS  /tmp/ccWjipPY.s 			page 29


 1597 005c 0D       		.uleb128 0xd
 1598 005d 00       		.byte	0
 1599 005e 03       		.uleb128 0x3
 1600 005f 08       		.uleb128 0x8
 1601 0060 3A       		.uleb128 0x3a
 1602 0061 0B       		.uleb128 0xb
 1603 0062 3B       		.uleb128 0x3b
 1604 0063 05       		.uleb128 0x5
 1605 0064 49       		.uleb128 0x49
 1606 0065 13       		.uleb128 0x13
 1607 0066 38       		.uleb128 0x38
 1608 0067 0B       		.uleb128 0xb
 1609 0068 00       		.byte	0
 1610 0069 00       		.byte	0
 1611 006a 09       		.uleb128 0x9
 1612 006b 0D       		.uleb128 0xd
 1613 006c 00       		.byte	0
 1614 006d 03       		.uleb128 0x3
 1615 006e 0E       		.uleb128 0xe
 1616 006f 3A       		.uleb128 0x3a
 1617 0070 0B       		.uleb128 0xb
 1618 0071 3B       		.uleb128 0x3b
 1619 0072 05       		.uleb128 0x5
 1620 0073 49       		.uleb128 0x49
 1621 0074 13       		.uleb128 0x13
 1622 0075 38       		.uleb128 0x38
 1623 0076 0B       		.uleb128 0xb
 1624 0077 00       		.byte	0
 1625 0078 00       		.byte	0
 1626 0079 0A       		.uleb128 0xa
 1627 007a 0F       		.uleb128 0xf
 1628 007b 00       		.byte	0
 1629 007c 0B       		.uleb128 0xb
 1630 007d 0B       		.uleb128 0xb
 1631 007e 49       		.uleb128 0x49
 1632 007f 13       		.uleb128 0x13
 1633 0080 00       		.byte	0
 1634 0081 00       		.byte	0
 1635 0082 0B       		.uleb128 0xb
 1636 0083 13       		.uleb128 0x13
 1637 0084 01       		.byte	0x1
 1638 0085 03       		.uleb128 0x3
 1639 0086 0E       		.uleb128 0xe
 1640 0087 0B       		.uleb128 0xb
 1641 0088 0B       		.uleb128 0xb
 1642 0089 3A       		.uleb128 0x3a
 1643 008a 0B       		.uleb128 0xb
 1644 008b 3B       		.uleb128 0x3b
 1645 008c 05       		.uleb128 0x5
 1646 008d 01       		.uleb128 0x1
 1647 008e 13       		.uleb128 0x13
 1648 008f 00       		.byte	0
 1649 0090 00       		.byte	0
 1650 0091 0C       		.uleb128 0xc
 1651 0092 15       		.uleb128 0x15
 1652 0093 01       		.byte	0x1
 1653 0094 27       		.uleb128 0x27
ARM GAS  /tmp/ccWjipPY.s 			page 30


 1654 0095 19       		.uleb128 0x19
 1655 0096 01       		.uleb128 0x1
 1656 0097 13       		.uleb128 0x13
 1657 0098 00       		.byte	0
 1658 0099 00       		.byte	0
 1659 009a 0D       		.uleb128 0xd
 1660 009b 05       		.uleb128 0x5
 1661 009c 00       		.byte	0
 1662 009d 49       		.uleb128 0x49
 1663 009e 13       		.uleb128 0x13
 1664 009f 00       		.byte	0
 1665 00a0 00       		.byte	0
 1666 00a1 0E       		.uleb128 0xe
 1667 00a2 0F       		.uleb128 0xf
 1668 00a3 00       		.byte	0
 1669 00a4 0B       		.uleb128 0xb
 1670 00a5 0B       		.uleb128 0xb
 1671 00a6 00       		.byte	0
 1672 00a7 00       		.byte	0
 1673 00a8 0F       		.uleb128 0xf
 1674 00a9 13       		.uleb128 0x13
 1675 00aa 01       		.byte	0x1
 1676 00ab 03       		.uleb128 0x3
 1677 00ac 0E       		.uleb128 0xe
 1678 00ad 0B       		.uleb128 0xb
 1679 00ae 05       		.uleb128 0x5
 1680 00af 3A       		.uleb128 0x3a
 1681 00b0 0B       		.uleb128 0xb
 1682 00b1 3B       		.uleb128 0x3b
 1683 00b2 05       		.uleb128 0x5
 1684 00b3 01       		.uleb128 0x1
 1685 00b4 13       		.uleb128 0x13
 1686 00b5 00       		.byte	0
 1687 00b6 00       		.byte	0
 1688 00b7 10       		.uleb128 0x10
 1689 00b8 34       		.uleb128 0x34
 1690 00b9 00       		.byte	0
 1691 00ba 03       		.uleb128 0x3
 1692 00bb 0E       		.uleb128 0xe
 1693 00bc 3A       		.uleb128 0x3a
 1694 00bd 0B       		.uleb128 0xb
 1695 00be 3B       		.uleb128 0x3b
 1696 00bf 05       		.uleb128 0x5
 1697 00c0 49       		.uleb128 0x49
 1698 00c1 13       		.uleb128 0x13
 1699 00c2 3F       		.uleb128 0x3f
 1700 00c3 19       		.uleb128 0x19
 1701 00c4 3C       		.uleb128 0x3c
 1702 00c5 19       		.uleb128 0x19
 1703 00c6 00       		.byte	0
 1704 00c7 00       		.byte	0
 1705 00c8 11       		.uleb128 0x11
 1706 00c9 34       		.uleb128 0x34
 1707 00ca 00       		.byte	0
 1708 00cb 03       		.uleb128 0x3
 1709 00cc 0E       		.uleb128 0xe
 1710 00cd 3A       		.uleb128 0x3a
ARM GAS  /tmp/ccWjipPY.s 			page 31


 1711 00ce 0B       		.uleb128 0xb
 1712 00cf 3B       		.uleb128 0x3b
 1713 00d0 0B       		.uleb128 0xb
 1714 00d1 49       		.uleb128 0x49
 1715 00d2 13       		.uleb128 0x13
 1716 00d3 3F       		.uleb128 0x3f
 1717 00d4 19       		.uleb128 0x19
 1718 00d5 3C       		.uleb128 0x3c
 1719 00d6 19       		.uleb128 0x19
 1720 00d7 00       		.byte	0
 1721 00d8 00       		.byte	0
 1722 00d9 12       		.uleb128 0x12
 1723 00da 0D       		.uleb128 0xd
 1724 00db 00       		.byte	0
 1725 00dc 03       		.uleb128 0x3
 1726 00dd 08       		.uleb128 0x8
 1727 00de 3A       		.uleb128 0x3a
 1728 00df 0B       		.uleb128 0xb
 1729 00e0 3B       		.uleb128 0x3b
 1730 00e1 0B       		.uleb128 0xb
 1731 00e2 49       		.uleb128 0x49
 1732 00e3 13       		.uleb128 0x13
 1733 00e4 38       		.uleb128 0x38
 1734 00e5 0B       		.uleb128 0xb
 1735 00e6 00       		.byte	0
 1736 00e7 00       		.byte	0
 1737 00e8 13       		.uleb128 0x13
 1738 00e9 13       		.uleb128 0x13
 1739 00ea 01       		.byte	0x1
 1740 00eb 0B       		.uleb128 0xb
 1741 00ec 0B       		.uleb128 0xb
 1742 00ed 3A       		.uleb128 0x3a
 1743 00ee 0B       		.uleb128 0xb
 1744 00ef 3B       		.uleb128 0x3b
 1745 00f0 0B       		.uleb128 0xb
 1746 00f1 01       		.uleb128 0x1
 1747 00f2 13       		.uleb128 0x13
 1748 00f3 00       		.byte	0
 1749 00f4 00       		.byte	0
 1750 00f5 14       		.uleb128 0x14
 1751 00f6 17       		.uleb128 0x17
 1752 00f7 01       		.byte	0x1
 1753 00f8 0B       		.uleb128 0xb
 1754 00f9 0B       		.uleb128 0xb
 1755 00fa 3A       		.uleb128 0x3a
 1756 00fb 0B       		.uleb128 0xb
 1757 00fc 3B       		.uleb128 0x3b
 1758 00fd 0B       		.uleb128 0xb
 1759 00fe 01       		.uleb128 0x1
 1760 00ff 13       		.uleb128 0x13
 1761 0100 00       		.byte	0
 1762 0101 00       		.byte	0
 1763 0102 15       		.uleb128 0x15
 1764 0103 0D       		.uleb128 0xd
 1765 0104 00       		.byte	0
 1766 0105 03       		.uleb128 0x3
 1767 0106 0E       		.uleb128 0xe
ARM GAS  /tmp/ccWjipPY.s 			page 32


 1768 0107 3A       		.uleb128 0x3a
 1769 0108 0B       		.uleb128 0xb
 1770 0109 3B       		.uleb128 0x3b
 1771 010a 05       		.uleb128 0x5
 1772 010b 49       		.uleb128 0x49
 1773 010c 13       		.uleb128 0x13
 1774 010d 00       		.byte	0
 1775 010e 00       		.byte	0
 1776 010f 16       		.uleb128 0x16
 1777 0110 26       		.uleb128 0x26
 1778 0111 00       		.byte	0
 1779 0112 49       		.uleb128 0x49
 1780 0113 13       		.uleb128 0x13
 1781 0114 00       		.byte	0
 1782 0115 00       		.byte	0
 1783 0116 17       		.uleb128 0x17
 1784 0117 01       		.uleb128 0x1
 1785 0118 01       		.byte	0x1
 1786 0119 49       		.uleb128 0x49
 1787 011a 13       		.uleb128 0x13
 1788 011b 01       		.uleb128 0x1
 1789 011c 13       		.uleb128 0x13
 1790 011d 00       		.byte	0
 1791 011e 00       		.byte	0
 1792 011f 18       		.uleb128 0x18
 1793 0120 21       		.uleb128 0x21
 1794 0121 00       		.byte	0
 1795 0122 49       		.uleb128 0x49
 1796 0123 13       		.uleb128 0x13
 1797 0124 2F       		.uleb128 0x2f
 1798 0125 0B       		.uleb128 0xb
 1799 0126 00       		.byte	0
 1800 0127 00       		.byte	0
 1801 0128 19       		.uleb128 0x19
 1802 0129 34       		.uleb128 0x34
 1803 012a 00       		.byte	0
 1804 012b 03       		.uleb128 0x3
 1805 012c 08       		.uleb128 0x8
 1806 012d 3A       		.uleb128 0x3a
 1807 012e 0B       		.uleb128 0xb
 1808 012f 3B       		.uleb128 0x3b
 1809 0130 05       		.uleb128 0x5
 1810 0131 49       		.uleb128 0x49
 1811 0132 13       		.uleb128 0x13
 1812 0133 3F       		.uleb128 0x3f
 1813 0134 19       		.uleb128 0x19
 1814 0135 3C       		.uleb128 0x3c
 1815 0136 19       		.uleb128 0x19
 1816 0137 00       		.byte	0
 1817 0138 00       		.byte	0
 1818 0139 1A       		.uleb128 0x1a
 1819 013a 34       		.uleb128 0x34
 1820 013b 00       		.byte	0
 1821 013c 03       		.uleb128 0x3
 1822 013d 0E       		.uleb128 0xe
 1823 013e 3A       		.uleb128 0x3a
 1824 013f 0B       		.uleb128 0xb
ARM GAS  /tmp/ccWjipPY.s 			page 33


 1825 0140 3B       		.uleb128 0x3b
 1826 0141 0B       		.uleb128 0xb
 1827 0142 49       		.uleb128 0x49
 1828 0143 13       		.uleb128 0x13
 1829 0144 02       		.uleb128 0x2
 1830 0145 18       		.uleb128 0x18
 1831 0146 00       		.byte	0
 1832 0147 00       		.byte	0
 1833 0148 1B       		.uleb128 0x1b
 1834 0149 2E       		.uleb128 0x2e
 1835 014a 00       		.byte	0
 1836 014b 3F       		.uleb128 0x3f
 1837 014c 19       		.uleb128 0x19
 1838 014d 03       		.uleb128 0x3
 1839 014e 0E       		.uleb128 0xe
 1840 014f 3A       		.uleb128 0x3a
 1841 0150 0B       		.uleb128 0xb
 1842 0151 3B       		.uleb128 0x3b
 1843 0152 0B       		.uleb128 0xb
 1844 0153 27       		.uleb128 0x27
 1845 0154 19       		.uleb128 0x19
 1846 0155 49       		.uleb128 0x49
 1847 0156 13       		.uleb128 0x13
 1848 0157 11       		.uleb128 0x11
 1849 0158 01       		.uleb128 0x1
 1850 0159 12       		.uleb128 0x12
 1851 015a 06       		.uleb128 0x6
 1852 015b 40       		.uleb128 0x40
 1853 015c 18       		.uleb128 0x18
 1854 015d 9742     		.uleb128 0x2117
 1855 015f 19       		.uleb128 0x19
 1856 0160 00       		.byte	0
 1857 0161 00       		.byte	0
 1858 0162 1C       		.uleb128 0x1c
 1859 0163 2E       		.uleb128 0x2e
 1860 0164 01       		.byte	0x1
 1861 0165 3F       		.uleb128 0x3f
 1862 0166 19       		.uleb128 0x19
 1863 0167 03       		.uleb128 0x3
 1864 0168 0E       		.uleb128 0xe
 1865 0169 3A       		.uleb128 0x3a
 1866 016a 0B       		.uleb128 0xb
 1867 016b 3B       		.uleb128 0x3b
 1868 016c 0B       		.uleb128 0xb
 1869 016d 27       		.uleb128 0x27
 1870 016e 19       		.uleb128 0x19
 1871 016f 49       		.uleb128 0x49
 1872 0170 13       		.uleb128 0x13
 1873 0171 20       		.uleb128 0x20
 1874 0172 0B       		.uleb128 0xb
 1875 0173 01       		.uleb128 0x1
 1876 0174 13       		.uleb128 0x13
 1877 0175 00       		.byte	0
 1878 0176 00       		.byte	0
 1879 0177 1D       		.uleb128 0x1d
 1880 0178 05       		.uleb128 0x5
 1881 0179 00       		.byte	0
ARM GAS  /tmp/ccWjipPY.s 			page 34


 1882 017a 03       		.uleb128 0x3
 1883 017b 0E       		.uleb128 0xe
 1884 017c 3A       		.uleb128 0x3a
 1885 017d 0B       		.uleb128 0xb
 1886 017e 3B       		.uleb128 0x3b
 1887 017f 0B       		.uleb128 0xb
 1888 0180 49       		.uleb128 0x49
 1889 0181 13       		.uleb128 0x13
 1890 0182 00       		.byte	0
 1891 0183 00       		.byte	0
 1892 0184 1E       		.uleb128 0x1e
 1893 0185 34       		.uleb128 0x34
 1894 0186 00       		.byte	0
 1895 0187 03       		.uleb128 0x3
 1896 0188 08       		.uleb128 0x8
 1897 0189 3A       		.uleb128 0x3a
 1898 018a 0B       		.uleb128 0xb
 1899 018b 3B       		.uleb128 0x3b
 1900 018c 0B       		.uleb128 0xb
 1901 018d 49       		.uleb128 0x49
 1902 018e 13       		.uleb128 0x13
 1903 018f 00       		.byte	0
 1904 0190 00       		.byte	0
 1905 0191 1F       		.uleb128 0x1f
 1906 0192 2E       		.uleb128 0x2e
 1907 0193 01       		.byte	0x1
 1908 0194 3F       		.uleb128 0x3f
 1909 0195 19       		.uleb128 0x19
 1910 0196 03       		.uleb128 0x3
 1911 0197 0E       		.uleb128 0xe
 1912 0198 3A       		.uleb128 0x3a
 1913 0199 0B       		.uleb128 0xb
 1914 019a 3B       		.uleb128 0x3b
 1915 019b 0B       		.uleb128 0xb
 1916 019c 27       		.uleb128 0x27
 1917 019d 19       		.uleb128 0x19
 1918 019e 49       		.uleb128 0x49
 1919 019f 13       		.uleb128 0x13
 1920 01a0 11       		.uleb128 0x11
 1921 01a1 01       		.uleb128 0x1
 1922 01a2 12       		.uleb128 0x12
 1923 01a3 06       		.uleb128 0x6
 1924 01a4 40       		.uleb128 0x40
 1925 01a5 18       		.uleb128 0x18
 1926 01a6 9742     		.uleb128 0x2117
 1927 01a8 19       		.uleb128 0x19
 1928 01a9 01       		.uleb128 0x1
 1929 01aa 13       		.uleb128 0x13
 1930 01ab 00       		.byte	0
 1931 01ac 00       		.byte	0
 1932 01ad 20       		.uleb128 0x20
 1933 01ae 05       		.uleb128 0x5
 1934 01af 00       		.byte	0
 1935 01b0 03       		.uleb128 0x3
 1936 01b1 0E       		.uleb128 0xe
 1937 01b2 3A       		.uleb128 0x3a
 1938 01b3 0B       		.uleb128 0xb
ARM GAS  /tmp/ccWjipPY.s 			page 35


 1939 01b4 3B       		.uleb128 0x3b
 1940 01b5 0B       		.uleb128 0xb
 1941 01b6 49       		.uleb128 0x49
 1942 01b7 13       		.uleb128 0x13
 1943 01b8 02       		.uleb128 0x2
 1944 01b9 17       		.uleb128 0x17
 1945 01ba 00       		.byte	0
 1946 01bb 00       		.byte	0
 1947 01bc 21       		.uleb128 0x21
 1948 01bd 1D       		.uleb128 0x1d
 1949 01be 01       		.byte	0x1
 1950 01bf 31       		.uleb128 0x31
 1951 01c0 13       		.uleb128 0x13
 1952 01c1 11       		.uleb128 0x11
 1953 01c2 01       		.uleb128 0x1
 1954 01c3 12       		.uleb128 0x12
 1955 01c4 06       		.uleb128 0x6
 1956 01c5 58       		.uleb128 0x58
 1957 01c6 0B       		.uleb128 0xb
 1958 01c7 59       		.uleb128 0x59
 1959 01c8 0B       		.uleb128 0xb
 1960 01c9 01       		.uleb128 0x1
 1961 01ca 13       		.uleb128 0x13
 1962 01cb 00       		.byte	0
 1963 01cc 00       		.byte	0
 1964 01cd 22       		.uleb128 0x22
 1965 01ce 1D       		.uleb128 0x1d
 1966 01cf 01       		.byte	0x1
 1967 01d0 31       		.uleb128 0x31
 1968 01d1 13       		.uleb128 0x13
 1969 01d2 11       		.uleb128 0x11
 1970 01d3 01       		.uleb128 0x1
 1971 01d4 12       		.uleb128 0x12
 1972 01d5 06       		.uleb128 0x6
 1973 01d6 58       		.uleb128 0x58
 1974 01d7 0B       		.uleb128 0xb
 1975 01d8 59       		.uleb128 0x59
 1976 01d9 05       		.uleb128 0x5
 1977 01da 00       		.byte	0
 1978 01db 00       		.byte	0
 1979 01dc 23       		.uleb128 0x23
 1980 01dd 05       		.uleb128 0x5
 1981 01de 00       		.byte	0
 1982 01df 31       		.uleb128 0x31
 1983 01e0 13       		.uleb128 0x13
 1984 01e1 02       		.uleb128 0x2
 1985 01e2 17       		.uleb128 0x17
 1986 01e3 00       		.byte	0
 1987 01e4 00       		.byte	0
 1988 01e5 24       		.uleb128 0x24
 1989 01e6 0B       		.uleb128 0xb
 1990 01e7 01       		.byte	0x1
 1991 01e8 11       		.uleb128 0x11
 1992 01e9 01       		.uleb128 0x1
 1993 01ea 12       		.uleb128 0x12
 1994 01eb 06       		.uleb128 0x6
 1995 01ec 00       		.byte	0
ARM GAS  /tmp/ccWjipPY.s 			page 36


 1996 01ed 00       		.byte	0
 1997 01ee 25       		.uleb128 0x25
 1998 01ef 34       		.uleb128 0x34
 1999 01f0 00       		.byte	0
 2000 01f1 31       		.uleb128 0x31
 2001 01f2 13       		.uleb128 0x13
 2002 01f3 02       		.uleb128 0x2
 2003 01f4 17       		.uleb128 0x17
 2004 01f5 00       		.byte	0
 2005 01f6 00       		.byte	0
 2006 01f7 26       		.uleb128 0x26
 2007 01f8 1D       		.uleb128 0x1d
 2008 01f9 01       		.byte	0x1
 2009 01fa 31       		.uleb128 0x31
 2010 01fb 13       		.uleb128 0x13
 2011 01fc 11       		.uleb128 0x11
 2012 01fd 01       		.uleb128 0x1
 2013 01fe 12       		.uleb128 0x12
 2014 01ff 06       		.uleb128 0x6
 2015 0200 58       		.uleb128 0x58
 2016 0201 0B       		.uleb128 0xb
 2017 0202 59       		.uleb128 0x59
 2018 0203 0B       		.uleb128 0xb
 2019 0204 00       		.byte	0
 2020 0205 00       		.byte	0
 2021 0206 27       		.uleb128 0x27
 2022 0207 2E       		.uleb128 0x2e
 2023 0208 01       		.byte	0x1
 2024 0209 3F       		.uleb128 0x3f
 2025 020a 19       		.uleb128 0x19
 2026 020b 03       		.uleb128 0x3
 2027 020c 0E       		.uleb128 0xe
 2028 020d 3A       		.uleb128 0x3a
 2029 020e 0B       		.uleb128 0xb
 2030 020f 3B       		.uleb128 0x3b
 2031 0210 0B       		.uleb128 0xb
 2032 0211 27       		.uleb128 0x27
 2033 0212 19       		.uleb128 0x19
 2034 0213 11       		.uleb128 0x11
 2035 0214 01       		.uleb128 0x1
 2036 0215 12       		.uleb128 0x12
 2037 0216 06       		.uleb128 0x6
 2038 0217 40       		.uleb128 0x40
 2039 0218 18       		.uleb128 0x18
 2040 0219 9742     		.uleb128 0x2117
 2041 021b 19       		.uleb128 0x19
 2042 021c 01       		.uleb128 0x1
 2043 021d 13       		.uleb128 0x13
 2044 021e 00       		.byte	0
 2045 021f 00       		.byte	0
 2046 0220 28       		.uleb128 0x28
 2047 0221 21       		.uleb128 0x21
 2048 0222 00       		.byte	0
 2049 0223 00       		.byte	0
 2050 0224 00       		.byte	0
 2051 0225 29       		.uleb128 0x29
 2052 0226 2E       		.uleb128 0x2e
ARM GAS  /tmp/ccWjipPY.s 			page 37


 2053 0227 01       		.byte	0x1
 2054 0228 03       		.uleb128 0x3
 2055 0229 0E       		.uleb128 0xe
 2056 022a 3A       		.uleb128 0x3a
 2057 022b 0B       		.uleb128 0xb
 2058 022c 3B       		.uleb128 0x3b
 2059 022d 05       		.uleb128 0x5
 2060 022e 27       		.uleb128 0x27
 2061 022f 19       		.uleb128 0x19
 2062 0230 20       		.uleb128 0x20
 2063 0231 0B       		.uleb128 0xb
 2064 0232 01       		.uleb128 0x1
 2065 0233 13       		.uleb128 0x13
 2066 0234 00       		.byte	0
 2067 0235 00       		.byte	0
 2068 0236 2A       		.uleb128 0x2a
 2069 0237 34       		.uleb128 0x34
 2070 0238 00       		.byte	0
 2071 0239 03       		.uleb128 0x3
 2072 023a 0E       		.uleb128 0xe
 2073 023b 49       		.uleb128 0x49
 2074 023c 13       		.uleb128 0x13
 2075 023d 34       		.uleb128 0x34
 2076 023e 19       		.uleb128 0x19
 2077 023f 1C       		.uleb128 0x1c
 2078 0240 0E       		.uleb128 0xe
 2079 0241 00       		.byte	0
 2080 0242 00       		.byte	0
 2081 0243 2B       		.uleb128 0x2b
 2082 0244 2E       		.uleb128 0x2e
 2083 0245 00       		.byte	0
 2084 0246 03       		.uleb128 0x3
 2085 0247 0E       		.uleb128 0xe
 2086 0248 3A       		.uleb128 0x3a
 2087 0249 0B       		.uleb128 0xb
 2088 024a 3B       		.uleb128 0x3b
 2089 024b 05       		.uleb128 0x5
 2090 024c 27       		.uleb128 0x27
 2091 024d 19       		.uleb128 0x19
 2092 024e 20       		.uleb128 0x20
 2093 024f 0B       		.uleb128 0xb
 2094 0250 00       		.byte	0
 2095 0251 00       		.byte	0
 2096 0252 2C       		.uleb128 0x2c
 2097 0253 05       		.uleb128 0x5
 2098 0254 00       		.byte	0
 2099 0255 03       		.uleb128 0x3
 2100 0256 0E       		.uleb128 0xe
 2101 0257 3A       		.uleb128 0x3a
 2102 0258 0B       		.uleb128 0xb
 2103 0259 3B       		.uleb128 0x3b
 2104 025a 05       		.uleb128 0x5
 2105 025b 49       		.uleb128 0x49
 2106 025c 13       		.uleb128 0x13
 2107 025d 00       		.byte	0
 2108 025e 00       		.byte	0
 2109 025f 2D       		.uleb128 0x2d
ARM GAS  /tmp/ccWjipPY.s 			page 38


 2110 0260 2E       		.uleb128 0x2e
 2111 0261 01       		.byte	0x1
 2112 0262 31       		.uleb128 0x31
 2113 0263 13       		.uleb128 0x13
 2114 0264 11       		.uleb128 0x11
 2115 0265 01       		.uleb128 0x1
 2116 0266 12       		.uleb128 0x12
 2117 0267 06       		.uleb128 0x6
 2118 0268 40       		.uleb128 0x40
 2119 0269 18       		.uleb128 0x18
 2120 026a 9742     		.uleb128 0x2117
 2121 026c 19       		.uleb128 0x19
 2122 026d 00       		.byte	0
 2123 026e 00       		.byte	0
 2124 026f 00       		.byte	0
 2125              		.section	.debug_loc,"",%progbits
 2126              	.Ldebug_loc0:
 2127              	.LLST0:
 2128 0000 00000000 		.4byte	.LVL0
 2129 0004 0E000000 		.4byte	.LVL2
 2130 0008 0100     		.2byte	0x1
 2131 000a 50       		.byte	0x50
 2132 000b 0E000000 		.4byte	.LVL2
 2133 000f 12000000 		.4byte	.LVL3
 2134 0013 0100     		.2byte	0x1
 2135 0015 53       		.byte	0x53
 2136 0016 12000000 		.4byte	.LVL3
 2137 001a 16000000 		.4byte	.LVL4
 2138 001e 0300     		.2byte	0x3
 2139 0020 73       		.byte	0x73
 2140 0021 79       		.sleb128 -7
 2141 0022 9F       		.byte	0x9f
 2142 0023 16000000 		.4byte	.LVL4
 2143 0027 34000000 		.4byte	.LFE230
 2144 002b 0400     		.2byte	0x4
 2145 002d F3       		.byte	0xf3
 2146 002e 01       		.uleb128 0x1
 2147 002f 50       		.byte	0x50
 2148 0030 9F       		.byte	0x9f
 2149 0031 00000000 		.4byte	0
 2150 0035 00000000 		.4byte	0
 2151              	.LLST1:
 2152 0039 00000000 		.4byte	.LVL0
 2153 003d 08000000 		.4byte	.LVL1
 2154 0041 0300     		.2byte	0x3
 2155 0043 08       		.byte	0x8
 2156 0044 20       		.byte	0x20
 2157 0045 9F       		.byte	0x9f
 2158 0046 00000000 		.4byte	0
 2159 004a 00000000 		.4byte	0
 2160              	.LLST2:
 2161 004e 08000000 		.4byte	.LVL1
 2162 0052 0E000000 		.4byte	.LVL2
 2163 0056 0100     		.2byte	0x1
 2164 0058 50       		.byte	0x50
 2165 0059 0E000000 		.4byte	.LVL2
 2166 005d 12000000 		.4byte	.LVL3
ARM GAS  /tmp/ccWjipPY.s 			page 39


 2167 0061 0100     		.2byte	0x1
 2168 0063 53       		.byte	0x53
 2169 0064 12000000 		.4byte	.LVL3
 2170 0068 16000000 		.4byte	.LVL4
 2171 006c 0300     		.2byte	0x3
 2172 006e 73       		.byte	0x73
 2173 006f 79       		.sleb128 -7
 2174 0070 9F       		.byte	0x9f
 2175 0071 16000000 		.4byte	.LVL4
 2176 0075 1E000000 		.4byte	.LVL6
 2177 0079 0100     		.2byte	0x1
 2178 007b 53       		.byte	0x53
 2179 007c 1E000000 		.4byte	.LVL6
 2180 0080 22000000 		.4byte	.LVL7
 2181 0084 0900     		.2byte	0x9
 2182 0086 F3       		.byte	0xf3
 2183 0087 01       		.uleb128 0x1
 2184 0088 50       		.byte	0x50
 2185 0089 23       		.byte	0x23
 2186 008a 07       		.uleb128 0x7
 2187 008b 09       		.byte	0x9
 2188 008c F8       		.byte	0xf8
 2189 008d 1A       		.byte	0x1a
 2190 008e 9F       		.byte	0x9f
 2191 008f 00000000 		.4byte	0
 2192 0093 00000000 		.4byte	0
 2193              	.LLST3:
 2194 0097 1A000000 		.4byte	.LVL5
 2195 009b 22000000 		.4byte	.LVL7
 2196 009f 0100     		.2byte	0x1
 2197 00a1 50       		.byte	0x50
 2198 00a2 00000000 		.4byte	0
 2199 00a6 00000000 		.4byte	0
 2200              	.LLST4:
 2201 00aa 22000000 		.4byte	.LVL7
 2202 00ae 28000000 		.4byte	.LVL8
 2203 00b2 0200     		.2byte	0x2
 2204 00b4 30       		.byte	0x30
 2205 00b5 9F       		.byte	0x9f
 2206 00b6 00000000 		.4byte	0
 2207 00ba 00000000 		.4byte	0
 2208              	.LLST5:
 2209 00be 00000000 		.4byte	.LVL9
 2210 00c2 0A000000 		.4byte	.LVL10
 2211 00c6 0100     		.2byte	0x1
 2212 00c8 50       		.byte	0x50
 2213 00c9 0A000000 		.4byte	.LVL10
 2214 00cd 0E000000 		.4byte	.LVL11
 2215 00d1 0300     		.2byte	0x3
 2216 00d3 70       		.byte	0x70
 2217 00d4 79       		.sleb128 -7
 2218 00d5 9F       		.byte	0x9f
 2219 00d6 0E000000 		.4byte	.LVL11
 2220 00da 16000000 		.4byte	.LVL13
 2221 00de 0100     		.2byte	0x1
 2222 00e0 50       		.byte	0x50
 2223 00e1 16000000 		.4byte	.LVL13
ARM GAS  /tmp/ccWjipPY.s 			page 40


 2224 00e5 28000000 		.4byte	.LFE231
 2225 00e9 0900     		.2byte	0x9
 2226 00eb F3       		.byte	0xf3
 2227 00ec 01       		.uleb128 0x1
 2228 00ed 50       		.byte	0x50
 2229 00ee 23       		.byte	0x23
 2230 00ef 07       		.uleb128 0x7
 2231 00f0 09       		.byte	0x9
 2232 00f1 F8       		.byte	0xf8
 2233 00f2 1A       		.byte	0x1a
 2234 00f3 9F       		.byte	0x9f
 2235 00f4 00000000 		.4byte	0
 2236 00f8 00000000 		.4byte	0
 2237              	.LLST6:
 2238 00fc 12000000 		.4byte	.LVL12
 2239 0100 18000000 		.4byte	.LVL14
 2240 0104 0100     		.2byte	0x1
 2241 0106 53       		.byte	0x53
 2242 0107 18000000 		.4byte	.LVL14
 2243 010b 1A000000 		.4byte	.LVL15
 2244 010f 0500     		.2byte	0x5
 2245 0111 03       		.byte	0x3
 2246 0112 00000000 		.4byte	nextmem
 2247 0116 00000000 		.4byte	0
 2248 011a 00000000 		.4byte	0
 2249              		.section	.debug_aranges,"",%progbits
 2250 0000 34000000 		.4byte	0x34
 2251 0004 0200     		.2byte	0x2
 2252 0006 00000000 		.4byte	.Ldebug_info0
 2253 000a 04       		.byte	0x4
 2254 000b 00       		.byte	0
 2255 000c 0000     		.2byte	0
 2256 000e 0000     		.2byte	0
 2257 0010 00000000 		.4byte	.LFB229
 2258 0014 28000000 		.4byte	.LFE229-.LFB229
 2259 0018 00000000 		.4byte	.LFB230
 2260 001c 34000000 		.4byte	.LFE230-.LFB230
 2261 0020 00000000 		.4byte	.LFB231
 2262 0024 28000000 		.4byte	.LFE231-.LFB231
 2263 0028 00000000 		.4byte	.LFB232
 2264 002c 14000000 		.4byte	.LFE232-.LFB232
 2265 0030 00000000 		.4byte	0
 2266 0034 00000000 		.4byte	0
 2267              		.section	.debug_ranges,"",%progbits
 2268              	.Ldebug_ranges0:
 2269 0000 00000000 		.4byte	.LFB229
 2270 0004 28000000 		.4byte	.LFE229
 2271 0008 00000000 		.4byte	.LFB230
 2272 000c 34000000 		.4byte	.LFE230
 2273 0010 00000000 		.4byte	.LFB231
 2274 0014 28000000 		.4byte	.LFE231
 2275 0018 00000000 		.4byte	.LFB232
 2276 001c 14000000 		.4byte	.LFE232
 2277 0020 00000000 		.4byte	0
 2278 0024 00000000 		.4byte	0
 2279              		.section	.debug_line,"",%progbits
 2280              	.Ldebug_line0:
ARM GAS  /tmp/ccWjipPY.s 			page 41


 2281 0000 AB020000 		.section	.debug_str,"MS",%progbits,1
 2281      02003402 
 2281      00000201 
 2281      FB0E0D00 
 2281      01010101 
 2282              	.LASF127:
 2283 0000 656E646D 		.ascii	"endmem\000"
 2283      656D00
 2284              	.LASF54:
 2285 0007 72656164 		.ascii	"ready_list_t\000"
 2285      795F6C69 
 2285      73745F74 
 2285      00
 2286              	.LASF4:
 2287 0014 73697A65 		.ascii	"size_t\000"
 2287      5F7400
 2288              	.LASF90:
 2289 001b 7264796D 		.ascii	"rdymsg\000"
 2289      736700
 2290              	.LASF20:
 2291 0022 75696E74 		.ascii	"uint64_t\000"
 2291      36345F74 
 2291      00
 2292              	.LASF143:
 2293 002b 6368436F 		.ascii	"chCoreAlloc\000"
 2293      7265416C 
 2293      6C6F6300 
 2294              	.LASF139:
 2295 0037 43686962 		.ascii	"ChibiOS_3.0.2/os/rt/src/chmemcore.c\000"
 2295      694F535F 
 2295      332E302E 
 2295      322F6F73 
 2295      2F72742F 
 2296              	.LASF5:
 2297 005b 5F5F7569 		.ascii	"__uint8_t\000"
 2297      6E74385F 
 2297      7400
 2298              	.LASF87:
 2299 0065 706F7274 		.ascii	"port_intctx\000"
 2299      5F696E74 
 2299      63747800 
 2300              	.LASF73:
 2301 0071 73797374 		.ascii	"system_debug_t\000"
 2301      656D5F64 
 2301      65627567 
 2301      5F7400
 2302              	.LASF133:
 2303 0080 706F7274 		.ascii	"port_lock\000"
 2303      5F6C6F63 
 2303      6B00
 2304              	.LASF15:
 2305 008a 6C6F6E67 		.ascii	"long long unsigned int\000"
 2305      206C6F6E 
 2305      6720756E 
 2305      7369676E 
 2305      65642069 
 2306              	.LASF111:
ARM GAS  /tmp/ccWjipPY.s 			page 42


 2307 00a1 63685F74 		.ascii	"ch_threadsize\000"
 2307      68726561 
 2307      6473697A 
 2307      6500
 2308              	.LASF91:
 2309 00af 65786974 		.ascii	"exitcode\000"
 2309      636F6465 
 2309      00
 2310              	.LASF80:
 2311 00b8 6D61696E 		.ascii	"mainthread\000"
 2311      74687265 
 2311      616400
 2312              	.LASF70:
 2313 00c3 76697274 		.ascii	"virtual_timers_list_t\000"
 2313      75616C5F 
 2313      74696D65 
 2313      72735F6C 
 2313      6973745F 
 2314              	.LASF82:
 2315 00d9 49544D5F 		.ascii	"ITM_RxBuffer\000"
 2315      52784275 
 2315      66666572 
 2315      00
 2316              	.LASF138:
 2317 00e6 474E5520 		.ascii	"GNU C11 7.3.1 20180622 (release) [ARM/embedded-7-br"
 2317      43313120 
 2317      372E332E 
 2317      31203230 
 2317      31383036 
 2318 0119 616E6368 		.ascii	"anch revision 261907] -mcpu=cortex-m4 -mfloat-abi=h"
 2318      20726576 
 2318      6973696F 
 2318      6E203236 
 2318      31393037 
 2319 014c 61726420 		.ascii	"ard -mfpu=fpv4-sp-d16 -mno-thumb-interwork -mthumb "
 2319      2D6D6670 
 2319      753D6670 
 2319      76342D73 
 2319      702D6431 
 2320 017f 2D676764 		.ascii	"-ggdb -O2 -fomit-frame-pointer -falign-functions=16"
 2320      62202D4F 
 2320      32202D66 
 2320      6F6D6974 
 2320      2D667261 
 2321 01b2 202D6666 		.ascii	" -ffunction-sections -fdata-sections -fno-common -f"
 2321      756E6374 
 2321      696F6E2D 
 2321      73656374 
 2321      696F6E73 
 2322 01e5 73696E67 		.ascii	"single-precision-constant\000"
 2322      6C652D70 
 2322      72656369 
 2322      73696F6E 
 2322      2D636F6E 
 2323              	.LASF53:
 2324 01ff 63685F74 		.ascii	"ch_threads_queue\000"
 2324      68726561 
ARM GAS  /tmp/ccWjipPY.s 			page 43


 2324      64735F71 
 2324      75657565 
 2324      00
 2325              	.LASF33:
 2326 0210 705F7072 		.ascii	"p_prio\000"
 2326      696F00
 2327              	.LASF118:
 2328 0217 63665F6F 		.ascii	"cf_off_state\000"
 2328      66665F73 
 2328      74617465 
 2328      00
 2329              	.LASF1:
 2330 0224 6C6F6E67 		.ascii	"long long int\000"
 2330      206C6F6E 
 2330      6720696E 
 2330      7400
 2331              	.LASF3:
 2332 0232 7369676E 		.ascii	"signed char\000"
 2332      65642063 
 2332      68617200 
 2333              	.LASF117:
 2334 023e 63665F6F 		.ascii	"cf_off_stklimit\000"
 2334      66665F73 
 2334      746B6C69 
 2334      6D697400 
 2335              	.LASF119:
 2336 024e 63665F6F 		.ascii	"cf_off_flags\000"
 2336      66665F66 
 2336      6C616773 
 2336      00
 2337              	.LASF47:
 2338 025b 705F6D70 		.ascii	"p_mpool\000"
 2338      6F6F6C00 
 2339              	.LASF101:
 2340 0263 6D5F7175 		.ascii	"m_queue\000"
 2340      65756500 
 2341              	.LASF79:
 2342 026b 76746C69 		.ascii	"vtlist\000"
 2342      737400
 2343              	.LASF132:
 2344 0272 706F7274 		.ascii	"port_unlock\000"
 2344      5F756E6C 
 2344      6F636B00 
 2345              	.LASF141:
 2346 027e 6368436F 		.ascii	"chCoreGetStatusX\000"
 2346      72654765 
 2346      74537461 
 2346      74757358 
 2346      00
 2347              	.LASF93:
 2348 028f 77747472 		.ascii	"wttrp\000"
 2348      7000
 2349              	.LASF140:
 2350 0295 2F686F6D 		.ascii	"/home/jhl/myprogram/vesc/bldc_uart_comm_stm32f4_dis"
 2350      652F6A68 
 2350      6C2F6D79 
 2350      70726F67 
ARM GAS  /tmp/ccWjipPY.s 			page 44


 2350      72616D2F 
 2351 02c8 636F7665 		.ascii	"covery\000"
 2351      727900
 2352              	.LASF11:
 2353 02cf 6C6F6E67 		.ascii	"long int\000"
 2353      20696E74 
 2353      00
 2354              	.LASF23:
 2355 02d8 74737461 		.ascii	"tstate_t\000"
 2355      74655F74 
 2355      00
 2356              	.LASF123:
 2357 02e1 63686465 		.ascii	"chdebug_t\000"
 2357      6275675F 
 2357      7400
 2358              	.LASF35:
 2359 02eb 705F6E65 		.ascii	"p_newer\000"
 2359      77657200 
 2360              	.LASF98:
 2361 02f3 735F7175 		.ascii	"s_queue\000"
 2361      65756500 
 2362              	.LASF142:
 2363 02fb 6368436F 		.ascii	"chCoreAllocI\000"
 2363      7265416C 
 2363      6C6F6349 
 2363      00
 2364              	.LASF59:
 2365 0308 725F6E65 		.ascii	"r_newer\000"
 2365      77657200 
 2366              	.LASF84:
 2367 0310 72656761 		.ascii	"regarm_t\000"
 2367      726D5F74 
 2367      00
 2368              	.LASF66:
 2369 0319 76745F70 		.ascii	"vt_prev\000"
 2369      72657600 
 2370              	.LASF125:
 2371 0321 6D757465 		.ascii	"mutex_t\000"
 2371      785F7400 
 2372              	.LASF137:
 2373 0329 76616C75 		.ascii	"value\000"
 2373      6500
 2374              	.LASF81:
 2375 032f 69646C65 		.ascii	"idle_thread_wa\000"
 2375      5F746872 
 2375      6561645F 
 2375      776100
 2376              	.LASF28:
 2377 033e 636E745F 		.ascii	"cnt_t\000"
 2377      7400
 2378              	.LASF0:
 2379 0344 756E7369 		.ascii	"unsigned int\000"
 2379      676E6564 
 2379      20696E74 
 2379      00
 2380              	.LASF65:
 2381 0351 76745F6E 		.ascii	"vt_next\000"
ARM GAS  /tmp/ccWjipPY.s 			page 45


 2381      65787400 
 2382              	.LASF17:
 2383 0359 75696E74 		.ascii	"uint16_t\000"
 2383      31365F74 
 2383      00
 2384              	.LASF83:
 2385 0362 53797374 		.ascii	"SystemCoreClock\000"
 2385      656D436F 
 2385      7265436C 
 2385      6F636B00 
 2386              	.LASF94:
 2387 0372 77747365 		.ascii	"wtsemp\000"
 2387      6D7000
 2388              	.LASF115:
 2389 0379 63665F6F 		.ascii	"cf_off_older\000"
 2389      66665F6F 
 2389      6C646572 
 2389      00
 2390              	.LASF67:
 2391 0386 76745F64 		.ascii	"vt_delta\000"
 2391      656C7461 
 2391      00
 2392              	.LASF42:
 2393 038f 705F6D73 		.ascii	"p_msgqueue\000"
 2393      67717565 
 2393      756500
 2394              	.LASF124:
 2395 039a 63685F64 		.ascii	"ch_debug\000"
 2395      65627567 
 2395      00
 2396              	.LASF99:
 2397 03a3 735F636E 		.ascii	"s_cnt\000"
 2397      7400
 2398              	.LASF9:
 2399 03a9 73686F72 		.ascii	"short unsigned int\000"
 2399      7420756E 
 2399      7369676E 
 2399      65642069 
 2399      6E7400
 2400              	.LASF50:
 2401 03bc 63685F74 		.ascii	"ch_thread\000"
 2401      68726561 
 2401      6400
 2402              	.LASF26:
 2403 03c6 6D73675F 		.ascii	"msg_t\000"
 2403      7400
 2404              	.LASF76:
 2405 03cc 63685F73 		.ascii	"ch_system_t\000"
 2405      79737465 
 2405      6D5F7400 
 2406              	.LASF122:
 2407 03d8 63665F6F 		.ascii	"cf_off_time\000"
 2407      66665F74 
 2407      696D6500 
 2408              	.LASF55:
 2409 03e4 63685F72 		.ascii	"ch_ready_list\000"
 2409      65616479 
ARM GAS  /tmp/ccWjipPY.s 			page 46


 2409      5F6C6973 
 2409      7400
 2410              	.LASF27:
 2411 03f2 6576656E 		.ascii	"eventmask_t\000"
 2411      746D6173 
 2411      6B5F7400 
 2412              	.LASF10:
 2413 03fe 5F5F696E 		.ascii	"__int32_t\000"
 2413      7433325F 
 2413      7400
 2414              	.LASF85:
 2415 0408 73746B61 		.ascii	"stkalign_t\000"
 2415      6C69676E 
 2415      5F7400
 2416              	.LASF106:
 2417 0413 63685F7A 		.ascii	"ch_zero\000"
 2417      65726F00 
 2418              	.LASF120:
 2419 041b 63665F6F 		.ascii	"cf_off_refs\000"
 2419      66665F72 
 2419      65667300 
 2420              	.LASF41:
 2421 0427 705F7761 		.ascii	"p_waiting\000"
 2421      6974696E 
 2421      6700
 2422              	.LASF21:
 2423 0431 7274636E 		.ascii	"rtcnt_t\000"
 2423      745F7400 
 2424              	.LASF71:
 2425 0439 63685F76 		.ascii	"ch_virtual_timers_list\000"
 2425      69727475 
 2425      616C5F74 
 2425      696D6572 
 2425      735F6C69 
 2426              	.LASF2:
 2427 0450 6C6F6E67 		.ascii	"long double\000"
 2427      20646F75 
 2427      626C6500 
 2428              	.LASF110:
 2429 045c 63685F74 		.ascii	"ch_timesize\000"
 2429      696D6573 
 2429      697A6500 
 2430              	.LASF116:
 2431 0468 63665F6F 		.ascii	"cf_off_name\000"
 2431      66665F6E 
 2431      616D6500 
 2432              	.LASF36:
 2433 0474 705F6F6C 		.ascii	"p_older\000"
 2433      64657200 
 2434              	.LASF58:
 2435 047c 725F6374 		.ascii	"r_ctx\000"
 2435      7800
 2436              	.LASF34:
 2437 0482 705F6374 		.ascii	"p_ctx\000"
 2437      7800
 2438              	.LASF89:
 2439 0488 746D5F63 		.ascii	"tm_calibration_t\000"
ARM GAS  /tmp/ccWjipPY.s 			page 47


 2439      616C6962 
 2439      72617469 
 2439      6F6E5F74 
 2439      00
 2440              	.LASF61:
 2441 0499 725F6375 		.ascii	"r_current\000"
 2441      7272656E 
 2441      7400
 2442              	.LASF60:
 2443 04a3 725F6F6C 		.ascii	"r_older\000"
 2443      64657200 
 2444              	.LASF14:
 2445 04ab 5F5F7569 		.ascii	"__uint64_t\000"
 2445      6E743634 
 2445      5F7400
 2446              	.LASF24:
 2447 04b6 74726566 		.ascii	"trefs_t\000"
 2447      735F7400 
 2448              	.LASF109:
 2449 04be 63685F70 		.ascii	"ch_ptrsize\000"
 2449      74727369 
 2449      7A6500
 2450              	.LASF63:
 2451 04c9 76697274 		.ascii	"virtual_timer_t\000"
 2451      75616C5F 
 2451      74696D65 
 2451      725F7400 
 2452              	.LASF32:
 2453 04d9 705F7072 		.ascii	"p_prev\000"
 2453      657600
 2454              	.LASF25:
 2455 04e0 74707269 		.ascii	"tprio_t\000"
 2455      6F5F7400 
 2456              	.LASF74:
 2457 04e8 63685F73 		.ascii	"ch_system_debug\000"
 2457      79737465 
 2457      6D5F6465 
 2457      62756700 
 2458              	.LASF18:
 2459 04f8 696E7433 		.ascii	"int32_t\000"
 2459      325F7400 
 2460              	.LASF6:
 2461 0500 756E7369 		.ascii	"unsigned char\000"
 2461      676E6564 
 2461      20636861 
 2461      7200
 2462              	.LASF144:
 2463 050e 5F636F72 		.ascii	"_core_init\000"
 2463      655F696E 
 2463      697400
 2464              	.LASF45:
 2465 0519 705F6D74 		.ascii	"p_mtxlist\000"
 2465      786C6973 
 2465      7400
 2466              	.LASF7:
 2467 0523 73686F72 		.ascii	"short int\000"
 2467      7420696E 
ARM GAS  /tmp/ccWjipPY.s 			page 48


 2467      7400
 2468              	.LASF38:
 2469 052d 705F7374 		.ascii	"p_state\000"
 2469      61746500 
 2470              	.LASF129:
 2471 0535 5F5F6865 		.ascii	"__heap_end__\000"
 2471      61705F65 
 2471      6E645F5F 
 2471      00
 2472              	.LASF57:
 2473 0542 725F7072 		.ascii	"r_prio\000"
 2473      696F00
 2474              	.LASF96:
 2475 0549 65776D61 		.ascii	"ewmask\000"
 2475      736B00
 2476              	.LASF31:
 2477 0550 705F6E65 		.ascii	"p_next\000"
 2477      787400
 2478              	.LASF22:
 2479 0557 746D6F64 		.ascii	"tmode_t\000"
 2479      655F7400 
 2480              	.LASF121:
 2481 055f 63665F6F 		.ascii	"cf_off_preempt\000"
 2481      66665F70 
 2481      7265656D 
 2481      707400
 2482              	.LASF39:
 2483 056e 705F666C 		.ascii	"p_flags\000"
 2483      61677300 
 2484              	.LASF130:
 2485 0576 5F5F6675 		.ascii	"__func__\000"
 2485      6E635F5F 
 2485      00
 2486              	.LASF131:
 2487 057f 63685379 		.ascii	"chSysLock\000"
 2487      734C6F63 
 2487      6B00
 2488              	.LASF77:
 2489 0589 63685F73 		.ascii	"ch_system\000"
 2489      79737465 
 2489      6D00
 2490              	.LASF52:
 2491 0593 74687265 		.ascii	"threads_queue_t\000"
 2491      6164735F 
 2491      71756575 
 2491      655F7400 
 2492              	.LASF64:
 2493 05a3 63685F76 		.ascii	"ch_virtual_timer\000"
 2493      69727475 
 2493      616C5F74 
 2493      696D6572 
 2493      00
 2494              	.LASF114:
 2495 05b4 63665F6F 		.ascii	"cf_off_newer\000"
 2495      66665F6E 
 2495      65776572 
 2495      00
ARM GAS  /tmp/ccWjipPY.s 			page 49


 2496              	.LASF97:
 2497 05c1 63685F73 		.ascii	"ch_semaphore\000"
 2497      656D6170 
 2497      686F7265 
 2497      00
 2498              	.LASF44:
 2499 05ce 705F6570 		.ascii	"p_epending\000"
 2499      656E6469 
 2499      6E6700
 2500              	.LASF19:
 2501 05d9 75696E74 		.ascii	"uint32_t\000"
 2501      33325F74 
 2501      00
 2502              	.LASF112:
 2503 05e2 63665F6F 		.ascii	"cf_off_prio\000"
 2503      66665F70 
 2503      72696F00 
 2504              	.LASF56:
 2505 05ee 725F7175 		.ascii	"r_queue\000"
 2505      65756500 
 2506              	.LASF51:
 2507 05f6 63685F74 		.ascii	"ch_threads_list\000"
 2507      68726561 
 2507      64735F6C 
 2507      69737400 
 2508              	.LASF107:
 2509 0606 63685F73 		.ascii	"ch_size\000"
 2509      697A6500 
 2510              	.LASF13:
 2511 060e 6C6F6E67 		.ascii	"long unsigned int\000"
 2511      20756E73 
 2511      69676E65 
 2511      6420696E 
 2511      7400
 2512              	.LASF104:
 2513 0620 63686172 		.ascii	"char\000"
 2513      00
 2514              	.LASF95:
 2515 0625 77746D74 		.ascii	"wtmtxp\000"
 2515      787000
 2516              	.LASF8:
 2517 062c 5F5F7569 		.ascii	"__uint16_t\000"
 2517      6E743136 
 2517      5F7400
 2518              	.LASF30:
 2519 0637 74687265 		.ascii	"thread_t\000"
 2519      61645F74 
 2519      00
 2520              	.LASF126:
 2521 0640 6E657874 		.ascii	"nextmem\000"
 2521      6D656D00 
 2522              	.LASF103:
 2523 0648 6D5F6E65 		.ascii	"m_next\000"
 2523      787400
 2524              	.LASF29:
 2525 064f 73797374 		.ascii	"systime_t\000"
 2525      696D655F 
ARM GAS  /tmp/ccWjipPY.s 			page 50


 2525      7400
 2526              	.LASF46:
 2527 0659 705F7265 		.ascii	"p_realprio\000"
 2527      616C7072 
 2527      696F00
 2528              	.LASF62:
 2529 0664 76746675 		.ascii	"vtfunc_t\000"
 2529      6E635F74 
 2529      00
 2530              	.LASF12:
 2531 066d 5F5F7569 		.ascii	"__uint32_t\000"
 2531      6E743332 
 2531      5F7400
 2532              	.LASF135:
 2533 0678 5F5F7365 		.ascii	"__set_BASEPRI\000"
 2533      745F4241 
 2533      53455052 
 2533      4900
 2534              	.LASF75:
 2535 0686 70616E69 		.ascii	"panic_msg\000"
 2535      635F6D73 
 2535      6700
 2536              	.LASF88:
 2537 0690 6F666673 		.ascii	"offset\000"
 2537      657400
 2538              	.LASF86:
 2539 0697 636F6E74 		.ascii	"context\000"
 2539      65787400 
 2540              	.LASF43:
 2541 069f 705F6D73 		.ascii	"p_msg\000"
 2541      6700
 2542              	.LASF69:
 2543 06a5 76745F70 		.ascii	"vt_par\000"
 2543      617200
 2544              	.LASF128:
 2545 06ac 5F5F6865 		.ascii	"__heap_base__\000"
 2545      61705F62 
 2545      6173655F 
 2545      5F00
 2546              	.LASF113:
 2547 06ba 63665F6F 		.ascii	"cf_off_ctx\000"
 2547      66665F63 
 2547      747800
 2548              	.LASF100:
 2549 06c5 63685F6D 		.ascii	"ch_mutex\000"
 2549      75746578 
 2549      00
 2550              	.LASF40:
 2551 06ce 705F7265 		.ascii	"p_refs\000"
 2551      667300
 2552              	.LASF78:
 2553 06d5 726C6973 		.ascii	"rlist\000"
 2553      7400
 2554              	.LASF16:
 2555 06db 75696E74 		.ascii	"uint8_t\000"
 2555      385F7400 
 2556              	.LASF72:
ARM GAS  /tmp/ccWjipPY.s 			page 51


 2557 06e3 76745F6C 		.ascii	"vt_lasttime\000"
 2557      61737474 
 2557      696D6500 
 2558              	.LASF48:
 2559 06ef 74687265 		.ascii	"thread_reference_t\000"
 2559      61645F72 
 2559      65666572 
 2559      656E6365 
 2559      5F7400
 2560              	.LASF92:
 2561 0702 77746F62 		.ascii	"wtobjp\000"
 2561      6A7000
 2562              	.LASF37:
 2563 0709 705F6E61 		.ascii	"p_name\000"
 2563      6D6500
 2564              	.LASF136:
 2565 0710 73697A65 		.ascii	"size\000"
 2565      00
 2566              	.LASF49:
 2567 0715 74687265 		.ascii	"threads_list_t\000"
 2567      6164735F 
 2567      6C697374 
 2567      5F7400
 2568              	.LASF134:
 2569 0724 63685379 		.ascii	"chSysUnlock\000"
 2569      73556E6C 
 2569      6F636B00 
 2570              	.LASF108:
 2571 0730 63685F76 		.ascii	"ch_version\000"
 2571      65727369 
 2571      6F6E00
 2572              	.LASF102:
 2573 073b 6D5F6F77 		.ascii	"m_owner\000"
 2573      6E657200 
 2574              	.LASF105:
 2575 0743 63685F69 		.ascii	"ch_identifier\000"
 2575      64656E74 
 2575      69666965 
 2575      7200
 2576              	.LASF68:
 2577 0751 76745F66 		.ascii	"vt_func\000"
 2577      756E6300 
 2578              		.ident	"GCC: (GNU Tools for Arm Embedded Processors 7-2018-q3-update) 7.3.1 20180622 (release) [AR
ARM GAS  /tmp/ccWjipPY.s 			page 52


DEFINED SYMBOLS
                            *ABS*:0000000000000000 chmemcore.c
     /tmp/ccWjipPY.s:18     .text._core_init:0000000000000000 $t
     /tmp/ccWjipPY.s:26     .text._core_init:0000000000000000 _core_init
     /tmp/ccWjipPY.s:55     .text._core_init:0000000000000018 $d
     /tmp/ccWjipPY.s:63     .text.chCoreAlloc:0000000000000000 $t
     /tmp/ccWjipPY.s:71     .text.chCoreAlloc:0000000000000000 chCoreAlloc
     /tmp/ccWjipPY.s:150    .text.chCoreAlloc:000000000000002c $d
     /tmp/ccWjipPY.s:156    .text.chCoreAllocI:0000000000000000 $t
     /tmp/ccWjipPY.s:164    .text.chCoreAllocI:0000000000000000 chCoreAllocI
     /tmp/ccWjipPY.s:202    .text.chCoreAllocI:0000000000000020 $d
     /tmp/ccWjipPY.s:208    .text.chCoreGetStatusX:0000000000000000 $t
     /tmp/ccWjipPY.s:216    .text.chCoreGetStatusX:0000000000000000 chCoreGetStatusX
     /tmp/ccWjipPY.s:234    .text.chCoreGetStatusX:000000000000000c $d
     /tmp/ccWjipPY.s:240    .bss.endmem:0000000000000000 $d
     /tmp/ccWjipPY.s:244    .bss.endmem:0000000000000000 endmem
     /tmp/ccWjipPY.s:247    .bss.nextmem:0000000000000000 $d
     /tmp/ccWjipPY.s:251    .bss.nextmem:0000000000000000 nextmem

UNDEFINED SYMBOLS
__heap_base__
__heap_end__
